[0.113s] DEBUG:colcon:Command line arguments: ['/usr/bin/colcon', 'build']
[0.113s] DEBUG:colcon:Parsed command line arguments: Namespace(log_base=None, log_level=None, verb_name='build', build_base='build', install_base='install', merge_install=False, symlink_install=False, test_result_base=None, continue_on_error=False, executor='parallel', parallel_workers=8, event_handlers=None, ignore_user_meta=False, metas=['./colcon.meta'], base_paths=['.'], packages_ignore=None, packages_ignore_regex=None, paths=None, packages_up_to=None, packages_up_to_regex=None, packages_above=None, packages_above_and_dependencies=None, packages_above_depth=None, packages_select_by_dep=None, packages_skip_by_dep=None, packages_skip_up_to=None, packages_select_build_failed=False, packages_skip_build_finished=False, packages_select_test_failures=False, packages_skip_test_passed=False, packages_select=None, packages_skip=None, packages_select_regex=None, packages_skip_regex=None, packages_start=None, packages_end=None, allow_overriding=[], cmake_args=None, cmake_target=None, cmake_target_skip_unavailable=False, cmake_clean_cache=False, cmake_clean_first=False, cmake_force_configure=False, ament_cmake_args=None, catkin_cmake_args=None, catkin_skip_building_tests=False, verb_parser=<colcon_defaults.argument_parser.defaults.DefaultArgumentsDecorator object at 0x7e2f62149240>, verb_extension=<colcon_core.verb.build.BuildVerb object at 0x7e2f62148940>, main=<bound method BuildVerb.main of <colcon_core.verb.build.BuildVerb object at 0x7e2f62148940>>)
[0.268s] Level 1:colcon.colcon_core.package_discovery:discover_packages(colcon_meta) check parameters
[0.268s] Level 1:colcon.colcon_core.package_discovery:discover_packages(recursive) check parameters
[0.268s] Level 1:colcon.colcon_core.package_discovery:discover_packages(ignore) check parameters
[0.268s] Level 1:colcon.colcon_core.package_discovery:discover_packages(path) check parameters
[0.268s] Level 1:colcon.colcon_core.package_discovery:discover_packages(colcon_meta) discover
[0.268s] Level 1:colcon.colcon_core.package_discovery:discover_packages(recursive) discover
[0.268s] INFO:colcon.colcon_core.package_discovery:Crawling recursively for packages in '/home/maycon/repositorios/tac-unb/aula-3/workspace'
[0.268s] Level 1:colcon.colcon_core.package_identification:_identify(.) by extensions ['ignore', 'ignore_ament_install']
[0.269s] Level 1:colcon.colcon_core.package_identification:_identify(.) by extension 'ignore'
[0.269s] Level 1:colcon.colcon_core.package_identification:_identify(.) by extension 'ignore_ament_install'
[0.269s] Level 1:colcon.colcon_core.package_identification:_identify(.) by extensions ['colcon_pkg']
[0.269s] Level 1:colcon.colcon_core.package_identification:_identify(.) by extension 'colcon_pkg'
[0.269s] Level 1:colcon.colcon_core.package_identification:_identify(.) by extensions ['colcon_meta']
[0.269s] Level 1:colcon.colcon_core.package_identification:_identify(.) by extension 'colcon_meta'
[0.269s] Level 1:colcon.colcon_core.package_identification:_identify(.) by extensions ['ros']
[0.269s] Level 1:colcon.colcon_core.package_identification:_identify(.) by extension 'ros'
[0.280s] Level 1:colcon.colcon_core.package_identification:_identify(.) by extensions ['cmake', 'python']
[0.280s] Level 1:colcon.colcon_core.package_identification:_identify(.) by extension 'cmake'
[0.280s] Level 1:colcon.colcon_core.package_identification:_identify(.) by extension 'python'
[0.280s] Level 1:colcon.colcon_core.package_identification:_identify(.) by extensions ['python_setup_py']
[0.280s] Level 1:colcon.colcon_core.package_identification:_identify(.) by extension 'python_setup_py'
[0.280s] Level 1:colcon.colcon_core.package_identification:_identify(build) by extensions ['ignore', 'ignore_ament_install']
[0.280s] Level 1:colcon.colcon_core.package_identification:_identify(build) by extension 'ignore'
[0.280s] Level 1:colcon.colcon_core.package_identification:_identify(build) ignored
[0.281s] Level 1:colcon.colcon_core.package_identification:_identify(install) by extensions ['ignore', 'ignore_ament_install']
[0.281s] Level 1:colcon.colcon_core.package_identification:_identify(install) by extension 'ignore'
[0.281s] Level 1:colcon.colcon_core.package_identification:_identify(install) ignored
[0.281s] Level 1:colcon.colcon_core.package_identification:_identify(log) by extensions ['ignore', 'ignore_ament_install']
[0.281s] Level 1:colcon.colcon_core.package_identification:_identify(log) by extension 'ignore'
[0.281s] Level 1:colcon.colcon_core.package_identification:_identify(log) ignored
[0.281s] Level 1:colcon.colcon_core.package_identification:_identify(src) by extensions ['ignore', 'ignore_ament_install']
[0.281s] Level 1:colcon.colcon_core.package_identification:_identify(src) by extension 'ignore'
[0.281s] Level 1:colcon.colcon_core.package_identification:_identify(src) by extension 'ignore_ament_install'
[0.281s] Level 1:colcon.colcon_core.package_identification:_identify(src) by extensions ['colcon_pkg']
[0.281s] Level 1:colcon.colcon_core.package_identification:_identify(src) by extension 'colcon_pkg'
[0.281s] Level 1:colcon.colcon_core.package_identification:_identify(src) by extensions ['colcon_meta']
[0.281s] Level 1:colcon.colcon_core.package_identification:_identify(src) by extension 'colcon_meta'
[0.281s] Level 1:colcon.colcon_core.package_identification:_identify(src) by extensions ['ros']
[0.281s] Level 1:colcon.colcon_core.package_identification:_identify(src) by extension 'ros'
[0.281s] Level 1:colcon.colcon_core.package_identification:_identify(src) by extensions ['cmake', 'python']
[0.281s] Level 1:colcon.colcon_core.package_identification:_identify(src) by extension 'cmake'
[0.281s] Level 1:colcon.colcon_core.package_identification:_identify(src) by extension 'python'
[0.281s] Level 1:colcon.colcon_core.package_identification:_identify(src) by extensions ['python_setup_py']
[0.281s] Level 1:colcon.colcon_core.package_identification:_identify(src) by extension 'python_setup_py'
[0.281s] Level 1:colcon.colcon_core.package_identification:_identify(src/circle_package) by extensions ['ignore', 'ignore_ament_install']
[0.281s] Level 1:colcon.colcon_core.package_identification:_identify(src/circle_package) by extension 'ignore'
[0.281s] Level 1:colcon.colcon_core.package_identification:_identify(src/circle_package) by extension 'ignore_ament_install'
[0.281s] Level 1:colcon.colcon_core.package_identification:_identify(src/circle_package) by extensions ['colcon_pkg']
[0.281s] Level 1:colcon.colcon_core.package_identification:_identify(src/circle_package) by extension 'colcon_pkg'
[0.282s] Level 1:colcon.colcon_core.package_identification:_identify(src/circle_package) by extensions ['colcon_meta']
[0.282s] Level 1:colcon.colcon_core.package_identification:_identify(src/circle_package) by extension 'colcon_meta'
[0.282s] Level 1:colcon.colcon_core.package_identification:_identify(src/circle_package) by extensions ['ros']
[0.282s] Level 1:colcon.colcon_core.package_identification:_identify(src/circle_package) by extension 'ros'
[0.284s] DEBUG:colcon.colcon_core.package_identification:Package 'src/circle_package' with type 'ros.ament_python' and name 'circle_package'
[0.284s] Level 1:colcon.colcon_core.package_identification:_identify(src/gz_ros2_control) by extensions ['ignore', 'ignore_ament_install']
[0.285s] Level 1:colcon.colcon_core.package_identification:_identify(src/gz_ros2_control) by extension 'ignore'
[0.285s] Level 1:colcon.colcon_core.package_identification:_identify(src/gz_ros2_control) by extension 'ignore_ament_install'
[0.285s] Level 1:colcon.colcon_core.package_identification:_identify(src/gz_ros2_control) by extensions ['colcon_pkg']
[0.285s] Level 1:colcon.colcon_core.package_identification:_identify(src/gz_ros2_control) by extension 'colcon_pkg'
[0.285s] Level 1:colcon.colcon_core.package_identification:_identify(src/gz_ros2_control) by extensions ['colcon_meta']
[0.285s] Level 1:colcon.colcon_core.package_identification:_identify(src/gz_ros2_control) by extension 'colcon_meta'
[0.285s] Level 1:colcon.colcon_core.package_identification:_identify(src/gz_ros2_control) by extensions ['ros']
[0.285s] Level 1:colcon.colcon_core.package_identification:_identify(src/gz_ros2_control) by extension 'ros'
[0.285s] Level 1:colcon.colcon_core.package_identification:_identify(src/gz_ros2_control) by extensions ['cmake', 'python']
[0.285s] Level 1:colcon.colcon_core.package_identification:_identify(src/gz_ros2_control) by extension 'cmake'
[0.285s] Level 1:colcon.colcon_core.package_identification:_identify(src/gz_ros2_control) by extension 'python'
[0.285s] Level 1:colcon.colcon_core.package_identification:_identify(src/gz_ros2_control) by extensions ['python_setup_py']
[0.285s] Level 1:colcon.colcon_core.package_identification:_identify(src/gz_ros2_control) by extension 'python_setup_py'
[0.285s] Level 1:colcon.colcon_core.package_identification:_identify(src/gz_ros2_control/Dockerfile) by extensions ['ignore', 'ignore_ament_install']
[0.285s] Level 1:colcon.colcon_core.package_identification:_identify(src/gz_ros2_control/Dockerfile) by extension 'ignore'
[0.285s] Level 1:colcon.colcon_core.package_identification:_identify(src/gz_ros2_control/Dockerfile) by extension 'ignore_ament_install'
[0.285s] Level 1:colcon.colcon_core.package_identification:_identify(src/gz_ros2_control/Dockerfile) by extensions ['colcon_pkg']
[0.285s] Level 1:colcon.colcon_core.package_identification:_identify(src/gz_ros2_control/Dockerfile) by extension 'colcon_pkg'
[0.285s] Level 1:colcon.colcon_core.package_identification:_identify(src/gz_ros2_control/Dockerfile) by extensions ['colcon_meta']
[0.285s] Level 1:colcon.colcon_core.package_identification:_identify(src/gz_ros2_control/Dockerfile) by extension 'colcon_meta'
[0.285s] Level 1:colcon.colcon_core.package_identification:_identify(src/gz_ros2_control/Dockerfile) by extensions ['ros']
[0.285s] Level 1:colcon.colcon_core.package_identification:_identify(src/gz_ros2_control/Dockerfile) by extension 'ros'
[0.286s] Level 1:colcon.colcon_core.package_identification:_identify(src/gz_ros2_control/Dockerfile) by extensions ['cmake', 'python']
[0.286s] Level 1:colcon.colcon_core.package_identification:_identify(src/gz_ros2_control/Dockerfile) by extension 'cmake'
[0.286s] Level 1:colcon.colcon_core.package_identification:_identify(src/gz_ros2_control/Dockerfile) by extension 'python'
[0.286s] Level 1:colcon.colcon_core.package_identification:_identify(src/gz_ros2_control/Dockerfile) by extensions ['python_setup_py']
[0.286s] Level 1:colcon.colcon_core.package_identification:_identify(src/gz_ros2_control/Dockerfile) by extension 'python_setup_py'
[0.286s] Level 1:colcon.colcon_core.package_identification:_identify(src/gz_ros2_control/doc) by extensions ['ignore', 'ignore_ament_install']
[0.286s] Level 1:colcon.colcon_core.package_identification:_identify(src/gz_ros2_control/doc) by extension 'ignore'
[0.286s] Level 1:colcon.colcon_core.package_identification:_identify(src/gz_ros2_control/doc) by extension 'ignore_ament_install'
[0.286s] Level 1:colcon.colcon_core.package_identification:_identify(src/gz_ros2_control/doc) by extensions ['colcon_pkg']
[0.286s] Level 1:colcon.colcon_core.package_identification:_identify(src/gz_ros2_control/doc) by extension 'colcon_pkg'
[0.286s] Level 1:colcon.colcon_core.package_identification:_identify(src/gz_ros2_control/doc) by extensions ['colcon_meta']
[0.286s] Level 1:colcon.colcon_core.package_identification:_identify(src/gz_ros2_control/doc) by extension 'colcon_meta'
[0.286s] Level 1:colcon.colcon_core.package_identification:_identify(src/gz_ros2_control/doc) by extensions ['ros']
[0.286s] Level 1:colcon.colcon_core.package_identification:_identify(src/gz_ros2_control/doc) by extension 'ros'
[0.286s] Level 1:colcon.colcon_core.package_identification:_identify(src/gz_ros2_control/doc) by extensions ['cmake', 'python']
[0.286s] Level 1:colcon.colcon_core.package_identification:_identify(src/gz_ros2_control/doc) by extension 'cmake'
[0.286s] Level 1:colcon.colcon_core.package_identification:_identify(src/gz_ros2_control/doc) by extension 'python'
[0.287s] Level 1:colcon.colcon_core.package_identification:_identify(src/gz_ros2_control/doc) by extensions ['python_setup_py']
[0.287s] Level 1:colcon.colcon_core.package_identification:_identify(src/gz_ros2_control/doc) by extension 'python_setup_py'
[0.287s] Level 1:colcon.colcon_core.package_identification:_identify(src/gz_ros2_control/doc/img) by extensions ['ignore', 'ignore_ament_install']
[0.287s] Level 1:colcon.colcon_core.package_identification:_identify(src/gz_ros2_control/doc/img) by extension 'ignore'
[0.287s] Level 1:colcon.colcon_core.package_identification:_identify(src/gz_ros2_control/doc/img) by extension 'ignore_ament_install'
[0.287s] Level 1:colcon.colcon_core.package_identification:_identify(src/gz_ros2_control/doc/img) by extensions ['colcon_pkg']
[0.287s] Level 1:colcon.colcon_core.package_identification:_identify(src/gz_ros2_control/doc/img) by extension 'colcon_pkg'
[0.287s] Level 1:colcon.colcon_core.package_identification:_identify(src/gz_ros2_control/doc/img) by extensions ['colcon_meta']
[0.287s] Level 1:colcon.colcon_core.package_identification:_identify(src/gz_ros2_control/doc/img) by extension 'colcon_meta'
[0.287s] Level 1:colcon.colcon_core.package_identification:_identify(src/gz_ros2_control/doc/img) by extensions ['ros']
[0.287s] Level 1:colcon.colcon_core.package_identification:_identify(src/gz_ros2_control/doc/img) by extension 'ros'
[0.287s] Level 1:colcon.colcon_core.package_identification:_identify(src/gz_ros2_control/doc/img) by extensions ['cmake', 'python']
[0.287s] Level 1:colcon.colcon_core.package_identification:_identify(src/gz_ros2_control/doc/img) by extension 'cmake'
[0.287s] Level 1:colcon.colcon_core.package_identification:_identify(src/gz_ros2_control/doc/img) by extension 'python'
[0.287s] Level 1:colcon.colcon_core.package_identification:_identify(src/gz_ros2_control/doc/img) by extensions ['python_setup_py']
[0.287s] Level 1:colcon.colcon_core.package_identification:_identify(src/gz_ros2_control/doc/img) by extension 'python_setup_py'
[0.287s] Level 1:colcon.colcon_core.package_identification:_identify(src/gz_ros2_control/gz_ros2_control_tests) by extensions ['ignore', 'ignore_ament_install']
[0.287s] Level 1:colcon.colcon_core.package_identification:_identify(src/gz_ros2_control/gz_ros2_control_tests) by extension 'ignore'
[0.287s] Level 1:colcon.colcon_core.package_identification:_identify(src/gz_ros2_control/gz_ros2_control_tests) by extension 'ignore_ament_install'
[0.287s] Level 1:colcon.colcon_core.package_identification:_identify(src/gz_ros2_control/gz_ros2_control_tests) by extensions ['colcon_pkg']
[0.287s] Level 1:colcon.colcon_core.package_identification:_identify(src/gz_ros2_control/gz_ros2_control_tests) by extension 'colcon_pkg'
[0.287s] Level 1:colcon.colcon_core.package_identification:_identify(src/gz_ros2_control/gz_ros2_control_tests) by extensions ['colcon_meta']
[0.287s] Level 1:colcon.colcon_core.package_identification:_identify(src/gz_ros2_control/gz_ros2_control_tests) by extension 'colcon_meta'
[0.287s] Level 1:colcon.colcon_core.package_identification:_identify(src/gz_ros2_control/gz_ros2_control_tests) by extensions ['ros']
[0.287s] Level 1:colcon.colcon_core.package_identification:_identify(src/gz_ros2_control/gz_ros2_control_tests) by extension 'ros'
[0.290s] DEBUG:colcon.colcon_core.package_identification:Package 'src/gz_ros2_control/gz_ros2_control_tests' with type 'ros.ament_cmake' and name 'gz_ros2_control_tests'
[0.290s] Level 1:colcon.colcon_core.package_identification:_identify(src/gz_ros2_control/ign_ros2_control) by extensions ['ignore', 'ignore_ament_install']
[0.290s] Level 1:colcon.colcon_core.package_identification:_identify(src/gz_ros2_control/ign_ros2_control) by extension 'ignore'
[0.291s] Level 1:colcon.colcon_core.package_identification:_identify(src/gz_ros2_control/ign_ros2_control) by extension 'ignore_ament_install'
[0.291s] Level 1:colcon.colcon_core.package_identification:_identify(src/gz_ros2_control/ign_ros2_control) by extensions ['colcon_pkg']
[0.291s] Level 1:colcon.colcon_core.package_identification:_identify(src/gz_ros2_control/ign_ros2_control) by extension 'colcon_pkg'
[0.291s] Level 1:colcon.colcon_core.package_identification:_identify(src/gz_ros2_control/ign_ros2_control) by extensions ['colcon_meta']
[0.291s] Level 1:colcon.colcon_core.package_identification:_identify(src/gz_ros2_control/ign_ros2_control) by extension 'colcon_meta'
[0.291s] Level 1:colcon.colcon_core.package_identification:_identify(src/gz_ros2_control/ign_ros2_control) by extensions ['ros']
[0.291s] Level 1:colcon.colcon_core.package_identification:_identify(src/gz_ros2_control/ign_ros2_control) by extension 'ros'
[0.295s] DEBUG:colcon.colcon_core.package_identification:Package 'src/gz_ros2_control/ign_ros2_control' with type 'ros.ament_cmake' and name 'ign_ros2_control'
[0.295s] Level 1:colcon.colcon_core.package_identification:_identify(src/gz_ros2_control/ign_ros2_control_demos) by extensions ['ignore', 'ignore_ament_install']
[0.295s] Level 1:colcon.colcon_core.package_identification:_identify(src/gz_ros2_control/ign_ros2_control_demos) by extension 'ignore'
[0.296s] Level 1:colcon.colcon_core.package_identification:_identify(src/gz_ros2_control/ign_ros2_control_demos) by extension 'ignore_ament_install'
[0.296s] Level 1:colcon.colcon_core.package_identification:_identify(src/gz_ros2_control/ign_ros2_control_demos) by extensions ['colcon_pkg']
[0.296s] Level 1:colcon.colcon_core.package_identification:_identify(src/gz_ros2_control/ign_ros2_control_demos) by extension 'colcon_pkg'
[0.296s] Level 1:colcon.colcon_core.package_identification:_identify(src/gz_ros2_control/ign_ros2_control_demos) by extensions ['colcon_meta']
[0.296s] Level 1:colcon.colcon_core.package_identification:_identify(src/gz_ros2_control/ign_ros2_control_demos) by extension 'colcon_meta'
[0.296s] Level 1:colcon.colcon_core.package_identification:_identify(src/gz_ros2_control/ign_ros2_control_demos) by extensions ['ros']
[0.296s] Level 1:colcon.colcon_core.package_identification:_identify(src/gz_ros2_control/ign_ros2_control_demos) by extension 'ros'
[0.299s] DEBUG:colcon.colcon_core.package_identification:Package 'src/gz_ros2_control/ign_ros2_control_demos' with type 'ros.ament_cmake' and name 'ign_ros2_control_demos'
[0.299s] Level 1:colcon.colcon_core.package_identification:_identify(src/square_package) by extensions ['ignore', 'ignore_ament_install']
[0.299s] Level 1:colcon.colcon_core.package_identification:_identify(src/square_package) by extension 'ignore'
[0.299s] Level 1:colcon.colcon_core.package_identification:_identify(src/square_package) by extension 'ignore_ament_install'
[0.299s] Level 1:colcon.colcon_core.package_identification:_identify(src/square_package) by extensions ['colcon_pkg']
[0.299s] Level 1:colcon.colcon_core.package_identification:_identify(src/square_package) by extension 'colcon_pkg'
[0.299s] Level 1:colcon.colcon_core.package_identification:_identify(src/square_package) by extensions ['colcon_meta']
[0.299s] Level 1:colcon.colcon_core.package_identification:_identify(src/square_package) by extension 'colcon_meta'
[0.299s] Level 1:colcon.colcon_core.package_identification:_identify(src/square_package) by extensions ['ros']
[0.299s] Level 1:colcon.colcon_core.package_identification:_identify(src/square_package) by extension 'ros'
[0.300s] DEBUG:colcon.colcon_core.package_identification:Package 'src/square_package' with type 'ros.ament_python' and name 'square_package'
[0.300s] Level 1:colcon.colcon_core.package_discovery:discover_packages(recursive) using defaults
[0.300s] Level 1:colcon.colcon_core.package_discovery:discover_packages(ignore) discover
[0.300s] Level 1:colcon.colcon_core.package_discovery:discover_packages(ignore) using defaults
[0.300s] Level 1:colcon.colcon_core.package_discovery:discover_packages(path) discover
[0.300s] Level 1:colcon.colcon_core.package_discovery:discover_packages(path) using defaults
[0.333s] Level 1:colcon.colcon_core.package_discovery:discover_packages(prefix_path) check parameters
[0.333s] Level 1:colcon.colcon_core.package_discovery:discover_packages(prefix_path) discover
[0.336s] DEBUG:colcon.colcon_installed_package_information.package_discovery:Found 379 installed packages in /opt/ros/humble
[0.338s] Level 1:colcon.colcon_core.package_discovery:discover_packages(prefix_path) using defaults
[0.380s] WARNING:colcon.colcon_core.package_selection:Some selected packages are already built in one or more underlay workspaces:
	'ign_ros2_control' is in: /opt/ros/humble
If a package in a merged underlay workspace is overridden and it installs headers, then all packages in the overlay must sort their include directories by workspace order. Failure to do so may result in build failures or undefined behavior at run time.
If the overridden package is used by another package in any underlay, then the overriding package in the overlay must be API and ABI compatible or undefined behavior at run time may occur.

If you understand the risks and want to override a package anyways, add the following to the command line:
	--allow-overriding ign_ros2_control

This may be promoted to an error in a future release of colcon-override-check.
[0.381s] Level 5:colcon.colcon_core.verb:set package 'circle_package' build argument 'cmake_args' from command line to 'None'
[0.381s] Level 5:colcon.colcon_core.verb:set package 'circle_package' build argument 'cmake_target' from command line to 'None'
[0.381s] Level 5:colcon.colcon_core.verb:set package 'circle_package' build argument 'cmake_target_skip_unavailable' from command line to 'False'
[0.381s] Level 5:colcon.colcon_core.verb:set package 'circle_package' build argument 'cmake_clean_cache' from command line to 'False'
[0.381s] Level 5:colcon.colcon_core.verb:set package 'circle_package' build argument 'cmake_clean_first' from command line to 'False'
[0.381s] Level 5:colcon.colcon_core.verb:set package 'circle_package' build argument 'cmake_force_configure' from command line to 'False'
[0.381s] Level 5:colcon.colcon_core.verb:set package 'circle_package' build argument 'ament_cmake_args' from command line to 'None'
[0.381s] Level 5:colcon.colcon_core.verb:set package 'circle_package' build argument 'catkin_cmake_args' from command line to 'None'
[0.381s] Level 5:colcon.colcon_core.verb:set package 'circle_package' build argument 'catkin_skip_building_tests' from command line to 'False'
[0.381s] DEBUG:colcon.colcon_core.verb:Building package 'circle_package' with the following arguments: {'ament_cmake_args': None, 'build_base': '/home/maycon/repositorios/tac-unb/aula-3/workspace/build/circle_package', 'catkin_cmake_args': None, 'catkin_skip_building_tests': False, 'cmake_args': None, 'cmake_clean_cache': False, 'cmake_clean_first': False, 'cmake_force_configure': False, 'cmake_target': None, 'cmake_target_skip_unavailable': False, 'install_base': '/home/maycon/repositorios/tac-unb/aula-3/workspace/install/circle_package', 'merge_install': False, 'path': '/home/maycon/repositorios/tac-unb/aula-3/workspace/src/circle_package', 'symlink_install': False, 'test_result_base': None}
[0.381s] Level 5:colcon.colcon_core.verb:set package 'ign_ros2_control' build argument 'cmake_args' from command line to 'None'
[0.381s] Level 5:colcon.colcon_core.verb:set package 'ign_ros2_control' build argument 'cmake_target' from command line to 'None'
[0.381s] Level 5:colcon.colcon_core.verb:set package 'ign_ros2_control' build argument 'cmake_target_skip_unavailable' from command line to 'False'
[0.381s] Level 5:colcon.colcon_core.verb:set package 'ign_ros2_control' build argument 'cmake_clean_cache' from command line to 'False'
[0.381s] Level 5:colcon.colcon_core.verb:set package 'ign_ros2_control' build argument 'cmake_clean_first' from command line to 'False'
[0.381s] Level 5:colcon.colcon_core.verb:set package 'ign_ros2_control' build argument 'cmake_force_configure' from command line to 'False'
[0.382s] Level 5:colcon.colcon_core.verb:set package 'ign_ros2_control' build argument 'ament_cmake_args' from command line to 'None'
[0.382s] Level 5:colcon.colcon_core.verb:set package 'ign_ros2_control' build argument 'catkin_cmake_args' from command line to 'None'
[0.382s] Level 5:colcon.colcon_core.verb:set package 'ign_ros2_control' build argument 'catkin_skip_building_tests' from command line to 'False'
[0.382s] DEBUG:colcon.colcon_core.verb:Building package 'ign_ros2_control' with the following arguments: {'ament_cmake_args': None, 'build_base': '/home/maycon/repositorios/tac-unb/aula-3/workspace/build/ign_ros2_control', 'catkin_cmake_args': None, 'catkin_skip_building_tests': False, 'cmake_args': None, 'cmake_clean_cache': False, 'cmake_clean_first': False, 'cmake_force_configure': False, 'cmake_target': None, 'cmake_target_skip_unavailable': False, 'install_base': '/home/maycon/repositorios/tac-unb/aula-3/workspace/install/ign_ros2_control', 'merge_install': False, 'path': '/home/maycon/repositorios/tac-unb/aula-3/workspace/src/gz_ros2_control/ign_ros2_control', 'symlink_install': False, 'test_result_base': None}
[0.382s] Level 5:colcon.colcon_core.verb:set package 'square_package' build argument 'cmake_args' from command line to 'None'
[0.382s] Level 5:colcon.colcon_core.verb:set package 'square_package' build argument 'cmake_target' from command line to 'None'
[0.382s] Level 5:colcon.colcon_core.verb:set package 'square_package' build argument 'cmake_target_skip_unavailable' from command line to 'False'
[0.382s] Level 5:colcon.colcon_core.verb:set package 'square_package' build argument 'cmake_clean_cache' from command line to 'False'
[0.382s] Level 5:colcon.colcon_core.verb:set package 'square_package' build argument 'cmake_clean_first' from command line to 'False'
[0.382s] Level 5:colcon.colcon_core.verb:set package 'square_package' build argument 'cmake_force_configure' from command line to 'False'
[0.382s] Level 5:colcon.colcon_core.verb:set package 'square_package' build argument 'ament_cmake_args' from command line to 'None'
[0.382s] Level 5:colcon.colcon_core.verb:set package 'square_package' build argument 'catkin_cmake_args' from command line to 'None'
[0.382s] Level 5:colcon.colcon_core.verb:set package 'square_package' build argument 'catkin_skip_building_tests' from command line to 'False'
[0.382s] DEBUG:colcon.colcon_core.verb:Building package 'square_package' with the following arguments: {'ament_cmake_args': None, 'build_base': '/home/maycon/repositorios/tac-unb/aula-3/workspace/build/square_package', 'catkin_cmake_args': None, 'catkin_skip_building_tests': False, 'cmake_args': None, 'cmake_clean_cache': False, 'cmake_clean_first': False, 'cmake_force_configure': False, 'cmake_target': None, 'cmake_target_skip_unavailable': False, 'install_base': '/home/maycon/repositorios/tac-unb/aula-3/workspace/install/square_package', 'merge_install': False, 'path': '/home/maycon/repositorios/tac-unb/aula-3/workspace/src/square_package', 'symlink_install': False, 'test_result_base': None}
[0.382s] Level 5:colcon.colcon_core.verb:set package 'gz_ros2_control_tests' build argument 'cmake_args' from command line to 'None'
[0.382s] Level 5:colcon.colcon_core.verb:set package 'gz_ros2_control_tests' build argument 'cmake_target' from command line to 'None'
[0.382s] Level 5:colcon.colcon_core.verb:set package 'gz_ros2_control_tests' build argument 'cmake_target_skip_unavailable' from command line to 'False'
[0.382s] Level 5:colcon.colcon_core.verb:set package 'gz_ros2_control_tests' build argument 'cmake_clean_cache' from command line to 'False'
[0.382s] Level 5:colcon.colcon_core.verb:set package 'gz_ros2_control_tests' build argument 'cmake_clean_first' from command line to 'False'
[0.382s] Level 5:colcon.colcon_core.verb:set package 'gz_ros2_control_tests' build argument 'cmake_force_configure' from command line to 'False'
[0.382s] Level 5:colcon.colcon_core.verb:set package 'gz_ros2_control_tests' build argument 'ament_cmake_args' from command line to 'None'
[0.382s] Level 5:colcon.colcon_core.verb:set package 'gz_ros2_control_tests' build argument 'catkin_cmake_args' from command line to 'None'
[0.382s] Level 5:colcon.colcon_core.verb:set package 'gz_ros2_control_tests' build argument 'catkin_skip_building_tests' from command line to 'False'
[0.382s] DEBUG:colcon.colcon_core.verb:Building package 'gz_ros2_control_tests' with the following arguments: {'ament_cmake_args': None, 'build_base': '/home/maycon/repositorios/tac-unb/aula-3/workspace/build/gz_ros2_control_tests', 'catkin_cmake_args': None, 'catkin_skip_building_tests': False, 'cmake_args': None, 'cmake_clean_cache': False, 'cmake_clean_first': False, 'cmake_force_configure': False, 'cmake_target': None, 'cmake_target_skip_unavailable': False, 'install_base': '/home/maycon/repositorios/tac-unb/aula-3/workspace/install/gz_ros2_control_tests', 'merge_install': False, 'path': '/home/maycon/repositorios/tac-unb/aula-3/workspace/src/gz_ros2_control/gz_ros2_control_tests', 'symlink_install': False, 'test_result_base': None}
[0.383s] Level 5:colcon.colcon_core.verb:set package 'ign_ros2_control_demos' build argument 'cmake_args' from command line to 'None'
[0.383s] Level 5:colcon.colcon_core.verb:set package 'ign_ros2_control_demos' build argument 'cmake_target' from command line to 'None'
[0.383s] Level 5:colcon.colcon_core.verb:set package 'ign_ros2_control_demos' build argument 'cmake_target_skip_unavailable' from command line to 'False'
[0.383s] Level 5:colcon.colcon_core.verb:set package 'ign_ros2_control_demos' build argument 'cmake_clean_cache' from command line to 'False'
[0.383s] Level 5:colcon.colcon_core.verb:set package 'ign_ros2_control_demos' build argument 'cmake_clean_first' from command line to 'False'
[0.383s] Level 5:colcon.colcon_core.verb:set package 'ign_ros2_control_demos' build argument 'cmake_force_configure' from command line to 'False'
[0.383s] Level 5:colcon.colcon_core.verb:set package 'ign_ros2_control_demos' build argument 'ament_cmake_args' from command line to 'None'
[0.383s] Level 5:colcon.colcon_core.verb:set package 'ign_ros2_control_demos' build argument 'catkin_cmake_args' from command line to 'None'
[0.383s] Level 5:colcon.colcon_core.verb:set package 'ign_ros2_control_demos' build argument 'catkin_skip_building_tests' from command line to 'False'
[0.383s] DEBUG:colcon.colcon_core.verb:Building package 'ign_ros2_control_demos' with the following arguments: {'ament_cmake_args': None, 'build_base': '/home/maycon/repositorios/tac-unb/aula-3/workspace/build/ign_ros2_control_demos', 'catkin_cmake_args': None, 'catkin_skip_building_tests': False, 'cmake_args': None, 'cmake_clean_cache': False, 'cmake_clean_first': False, 'cmake_force_configure': False, 'cmake_target': None, 'cmake_target_skip_unavailable': False, 'install_base': '/home/maycon/repositorios/tac-unb/aula-3/workspace/install/ign_ros2_control_demos', 'merge_install': False, 'path': '/home/maycon/repositorios/tac-unb/aula-3/workspace/src/gz_ros2_control/ign_ros2_control_demos', 'symlink_install': False, 'test_result_base': None}
[0.383s] INFO:colcon.colcon_core.executor:Executing jobs using 'parallel' executor
[0.384s] DEBUG:colcon.colcon_parallel_executor.executor.parallel:run_until_complete
[0.385s] INFO:colcon.colcon_ros.task.ament_cmake.build:Building ROS package in '/home/maycon/repositorios/tac-unb/aula-3/workspace/src/gz_ros2_control/ign_ros2_control' with build type 'ament_cmake'
[0.385s] INFO:colcon.colcon_cmake.task.cmake.build:Building CMake package in '/home/maycon/repositorios/tac-unb/aula-3/workspace/src/gz_ros2_control/ign_ros2_control'
[0.387s] INFO:colcon.colcon_core.plugin_system:Skipping extension 'colcon_core.shell.bat': Not used on non-Windows systems
[0.388s] INFO:colcon.colcon_core.shell:Skip shell extension 'powershell' for command environment: Not usable outside of PowerShell
[0.388s] DEBUG:colcon.colcon_core.shell:Skip shell extension 'dsv' for command environment
[0.392s] INFO:colcon.colcon_ros.task.ament_python.build:Building ROS package in '/home/maycon/repositorios/tac-unb/aula-3/workspace/src/circle_package' with build type 'ament_python'
[0.392s] Level 1:colcon.colcon_core.shell:create_environment_hook('circle_package', 'ament_prefix_path')
[0.392s] INFO:colcon.colcon_core.shell:Creating environment hook '/home/maycon/repositorios/tac-unb/aula-3/workspace/install/circle_package/share/circle_package/hook/ament_prefix_path.ps1'
[0.393s] INFO:colcon.colcon_core.shell:Creating environment descriptor '/home/maycon/repositorios/tac-unb/aula-3/workspace/install/circle_package/share/circle_package/hook/ament_prefix_path.dsv'
[0.394s] INFO:colcon.colcon_core.shell:Creating environment hook '/home/maycon/repositorios/tac-unb/aula-3/workspace/install/circle_package/share/circle_package/hook/ament_prefix_path.sh'
[0.394s] INFO:colcon.colcon_core.shell:Skip shell extension 'powershell' for command environment: Not usable outside of PowerShell
[0.394s] DEBUG:colcon.colcon_core.shell:Skip shell extension 'dsv' for command environment
[0.397s] INFO:colcon.colcon_ros.task.ament_python.build:Building ROS package in '/home/maycon/repositorios/tac-unb/aula-3/workspace/src/square_package' with build type 'ament_python'
[0.397s] Level 1:colcon.colcon_core.shell:create_environment_hook('square_package', 'ament_prefix_path')
[0.397s] INFO:colcon.colcon_core.shell:Creating environment hook '/home/maycon/repositorios/tac-unb/aula-3/workspace/install/square_package/share/square_package/hook/ament_prefix_path.ps1'
[0.397s] INFO:colcon.colcon_core.shell:Creating environment descriptor '/home/maycon/repositorios/tac-unb/aula-3/workspace/install/square_package/share/square_package/hook/ament_prefix_path.dsv'
[0.398s] INFO:colcon.colcon_core.shell:Creating environment hook '/home/maycon/repositorios/tac-unb/aula-3/workspace/install/square_package/share/square_package/hook/ament_prefix_path.sh'
[0.398s] INFO:colcon.colcon_core.shell:Skip shell extension 'powershell' for command environment: Not usable outside of PowerShell
[0.398s] DEBUG:colcon.colcon_core.shell:Skip shell extension 'dsv' for command environment
[0.409s] DEBUG:colcon.colcon_core.event_handler.log_command:Invoking command in '/home/maycon/repositorios/tac-unb/aula-3/workspace/build/ign_ros2_control': CMAKE_PREFIX_PATH=/opt/ros/humble /usr/bin/cmake --build /home/maycon/repositorios/tac-unb/aula-3/workspace/build/ign_ros2_control -- -j8 -l8
[0.659s] INFO:colcon.colcon_core.task.python.build:Building Python package in '/home/maycon/repositorios/tac-unb/aula-3/workspace/src/circle_package'
[0.660s] INFO:colcon.colcon_core.shell:Skip shell extension 'powershell' for command environment: Not usable outside of PowerShell
[0.660s] DEBUG:colcon.colcon_core.shell:Skip shell extension 'dsv' for command environment
[0.664s] DEBUG:colcon.colcon_core.event_handler.log_command:Invoked command in '/home/maycon/repositorios/tac-unb/aula-3/workspace/build/ign_ros2_control' returned '0': CMAKE_PREFIX_PATH=/opt/ros/humble /usr/bin/cmake --build /home/maycon/repositorios/tac-unb/aula-3/workspace/build/ign_ros2_control -- -j8 -l8
[0.917s] INFO:colcon.colcon_core.task.python.build:Building Python package in '/home/maycon/repositorios/tac-unb/aula-3/workspace/src/square_package'
[0.917s] INFO:colcon.colcon_core.shell:Skip shell extension 'powershell' for command environment: Not usable outside of PowerShell
[0.918s] DEBUG:colcon.colcon_core.shell:Skip shell extension 'dsv' for command environment
[0.931s] DEBUG:colcon.colcon_core.event_handler.log_command:Invoking command in '/home/maycon/repositorios/tac-unb/aula-3/workspace/build/ign_ros2_control': CMAKE_PREFIX_PATH=/opt/ros/humble /usr/bin/cmake --install /home/maycon/repositorios/tac-unb/aula-3/workspace/build/ign_ros2_control
[0.946s] Level 1:colcon.colcon_core.environment:create_environment_scripts_only(ign_ros2_control)
[0.947s] DEBUG:colcon.colcon_core.event_handler.log_command:Invoked command in '/home/maycon/repositorios/tac-unb/aula-3/workspace/build/ign_ros2_control' returned '0': CMAKE_PREFIX_PATH=/opt/ros/humble /usr/bin/cmake --install /home/maycon/repositorios/tac-unb/aula-3/workspace/build/ign_ros2_control
[0.951s] Level 1:colcon.colcon_core.environment:checking '/home/maycon/repositorios/tac-unb/aula-3/workspace/install/ign_ros2_control' for CMake module files
[0.952s] Level 1:colcon.colcon_core.environment:checking '/home/maycon/repositorios/tac-unb/aula-3/workspace/install/ign_ros2_control' for CMake config files
[0.952s] Level 1:colcon.colcon_core.shell:create_environment_hook('ign_ros2_control', 'cmake_prefix_path')
[0.952s] INFO:colcon.colcon_core.shell:Creating environment hook '/home/maycon/repositorios/tac-unb/aula-3/workspace/install/ign_ros2_control/share/ign_ros2_control/hook/cmake_prefix_path.ps1'
[0.953s] INFO:colcon.colcon_core.shell:Creating environment descriptor '/home/maycon/repositorios/tac-unb/aula-3/workspace/install/ign_ros2_control/share/ign_ros2_control/hook/cmake_prefix_path.dsv'
[0.953s] INFO:colcon.colcon_core.shell:Creating environment hook '/home/maycon/repositorios/tac-unb/aula-3/workspace/install/ign_ros2_control/share/ign_ros2_control/hook/cmake_prefix_path.sh'
[0.954s] Level 1:colcon.colcon_core.environment:checking '/home/maycon/repositorios/tac-unb/aula-3/workspace/install/ign_ros2_control/lib'
[0.955s] Level 1:colcon.colcon_core.shell:create_environment_hook('ign_ros2_control', 'ld_library_path_lib')
[0.955s] INFO:colcon.colcon_core.shell:Creating environment hook '/home/maycon/repositorios/tac-unb/aula-3/workspace/install/ign_ros2_control/share/ign_ros2_control/hook/ld_library_path_lib.ps1'
[0.955s] INFO:colcon.colcon_core.shell:Creating environment descriptor '/home/maycon/repositorios/tac-unb/aula-3/workspace/install/ign_ros2_control/share/ign_ros2_control/hook/ld_library_path_lib.dsv'
[0.955s] INFO:colcon.colcon_core.shell:Creating environment hook '/home/maycon/repositorios/tac-unb/aula-3/workspace/install/ign_ros2_control/share/ign_ros2_control/hook/ld_library_path_lib.sh'
[0.956s] Level 1:colcon.colcon_core.environment:checking '/home/maycon/repositorios/tac-unb/aula-3/workspace/install/ign_ros2_control/bin'
[0.956s] Level 1:colcon.colcon_core.environment:checking '/home/maycon/repositorios/tac-unb/aula-3/workspace/install/ign_ros2_control/lib/pkgconfig/ign_ros2_control.pc'
[0.956s] Level 1:colcon.colcon_core.environment:checking '/home/maycon/repositorios/tac-unb/aula-3/workspace/install/ign_ros2_control/lib/python3.10/site-packages'
[0.957s] Level 1:colcon.colcon_core.environment:checking '/home/maycon/repositorios/tac-unb/aula-3/workspace/install/ign_ros2_control/bin'
[0.957s] INFO:colcon.colcon_core.shell:Creating package script '/home/maycon/repositorios/tac-unb/aula-3/workspace/install/ign_ros2_control/share/ign_ros2_control/package.ps1'
[0.958s] INFO:colcon.colcon_core.shell:Creating package descriptor '/home/maycon/repositorios/tac-unb/aula-3/workspace/install/ign_ros2_control/share/ign_ros2_control/package.dsv'
[0.958s] INFO:colcon.colcon_core.shell:Creating package script '/home/maycon/repositorios/tac-unb/aula-3/workspace/install/ign_ros2_control/share/ign_ros2_control/package.sh'
[0.959s] INFO:colcon.colcon_core.shell:Creating package script '/home/maycon/repositorios/tac-unb/aula-3/workspace/install/ign_ros2_control/share/ign_ros2_control/package.bash'
[0.959s] INFO:colcon.colcon_core.shell:Creating package script '/home/maycon/repositorios/tac-unb/aula-3/workspace/install/ign_ros2_control/share/ign_ros2_control/package.zsh'
[0.960s] Level 1:colcon.colcon_core.environment:create_file_with_runtime_dependencies(/home/maycon/repositorios/tac-unb/aula-3/workspace/install/ign_ros2_control/share/colcon-core/packages/ign_ros2_control)
[0.991s] Level 1:colcon.colcon_core.environment:create_environment_scripts_only(ign_ros2_control)
[0.991s] Level 1:colcon.colcon_core.environment:checking '/home/maycon/repositorios/tac-unb/aula-3/workspace/install/ign_ros2_control' for CMake module files
[0.992s] Level 1:colcon.colcon_core.environment:checking '/home/maycon/repositorios/tac-unb/aula-3/workspace/install/ign_ros2_control' for CMake config files
[0.992s] Level 1:colcon.colcon_core.shell:create_environment_hook('ign_ros2_control', 'cmake_prefix_path')
[0.992s] INFO:colcon.colcon_core.shell:Creating environment hook '/home/maycon/repositorios/tac-unb/aula-3/workspace/install/ign_ros2_control/share/ign_ros2_control/hook/cmake_prefix_path.ps1'
[0.992s] INFO:colcon.colcon_core.shell:Creating environment descriptor '/home/maycon/repositorios/tac-unb/aula-3/workspace/install/ign_ros2_control/share/ign_ros2_control/hook/cmake_prefix_path.dsv'
[0.993s] INFO:colcon.colcon_core.shell:Creating environment hook '/home/maycon/repositorios/tac-unb/aula-3/workspace/install/ign_ros2_control/share/ign_ros2_control/hook/cmake_prefix_path.sh'
[0.993s] Level 1:colcon.colcon_core.environment:checking '/home/maycon/repositorios/tac-unb/aula-3/workspace/install/ign_ros2_control/lib'
[0.994s] Level 1:colcon.colcon_core.shell:create_environment_hook('ign_ros2_control', 'ld_library_path_lib')
[0.994s] INFO:colcon.colcon_core.shell:Creating environment hook '/home/maycon/repositorios/tac-unb/aula-3/workspace/install/ign_ros2_control/share/ign_ros2_control/hook/ld_library_path_lib.ps1'
[0.994s] INFO:colcon.colcon_core.shell:Creating environment descriptor '/home/maycon/repositorios/tac-unb/aula-3/workspace/install/ign_ros2_control/share/ign_ros2_control/hook/ld_library_path_lib.dsv'
[0.994s] INFO:colcon.colcon_core.shell:Creating environment hook '/home/maycon/repositorios/tac-unb/aula-3/workspace/install/ign_ros2_control/share/ign_ros2_control/hook/ld_library_path_lib.sh'
[0.995s] Level 1:colcon.colcon_core.environment:checking '/home/maycon/repositorios/tac-unb/aula-3/workspace/install/ign_ros2_control/bin'
[0.995s] Level 1:colcon.colcon_core.environment:checking '/home/maycon/repositorios/tac-unb/aula-3/workspace/install/ign_ros2_control/lib/pkgconfig/ign_ros2_control.pc'
[0.995s] Level 1:colcon.colcon_core.environment:checking '/home/maycon/repositorios/tac-unb/aula-3/workspace/install/ign_ros2_control/lib/python3.10/site-packages'
[0.995s] Level 1:colcon.colcon_core.environment:checking '/home/maycon/repositorios/tac-unb/aula-3/workspace/install/ign_ros2_control/bin'
[0.996s] INFO:colcon.colcon_core.shell:Creating package script '/home/maycon/repositorios/tac-unb/aula-3/workspace/install/ign_ros2_control/share/ign_ros2_control/package.ps1'
[0.996s] INFO:colcon.colcon_core.shell:Creating package descriptor '/home/maycon/repositorios/tac-unb/aula-3/workspace/install/ign_ros2_control/share/ign_ros2_control/package.dsv'
[0.997s] INFO:colcon.colcon_core.shell:Creating package script '/home/maycon/repositorios/tac-unb/aula-3/workspace/install/ign_ros2_control/share/ign_ros2_control/package.sh'
[0.998s] INFO:colcon.colcon_core.shell:Creating package script '/home/maycon/repositorios/tac-unb/aula-3/workspace/install/ign_ros2_control/share/ign_ros2_control/package.bash'
[0.998s] INFO:colcon.colcon_core.shell:Creating package script '/home/maycon/repositorios/tac-unb/aula-3/workspace/install/ign_ros2_control/share/ign_ros2_control/package.zsh'
[0.998s] Level 1:colcon.colcon_core.environment:create_file_with_runtime_dependencies(/home/maycon/repositorios/tac-unb/aula-3/workspace/install/ign_ros2_control/share/colcon-core/packages/ign_ros2_control)
[1.000s] INFO:colcon.colcon_ros.task.ament_cmake.build:Building ROS package in '/home/maycon/repositorios/tac-unb/aula-3/workspace/src/gz_ros2_control/gz_ros2_control_tests' with build type 'ament_cmake'
[1.000s] INFO:colcon.colcon_cmake.task.cmake.build:Building CMake package in '/home/maycon/repositorios/tac-unb/aula-3/workspace/src/gz_ros2_control/gz_ros2_control_tests'
[1.000s] INFO:colcon.colcon_core.shell:Skip shell extension 'powershell' for command environment: Not usable outside of PowerShell
[1.000s] DEBUG:colcon.colcon_core.shell:Skip shell extension 'dsv' for command environment
[1.004s] INFO:colcon.colcon_ros.task.ament_cmake.build:Building ROS package in '/home/maycon/repositorios/tac-unb/aula-3/workspace/src/gz_ros2_control/ign_ros2_control_demos' with build type 'ament_cmake'
[1.004s] INFO:colcon.colcon_cmake.task.cmake.build:Building CMake package in '/home/maycon/repositorios/tac-unb/aula-3/workspace/src/gz_ros2_control/ign_ros2_control_demos'
[1.004s] INFO:colcon.colcon_core.shell:Skip shell extension 'powershell' for command environment: Not usable outside of PowerShell
[1.004s] DEBUG:colcon.colcon_core.shell:Skip shell extension 'dsv' for command environment
[1.014s] DEBUG:colcon.colcon_core.event_handler.log_command:Invoking command in '/home/maycon/repositorios/tac-unb/aula-3/workspace/build/gz_ros2_control_tests': AMENT_PREFIX_PATH=/home/maycon/repositorios/tac-unb/aula-3/workspace/install/ign_ros2_control:${AMENT_PREFIX_PATH} CMAKE_PREFIX_PATH=/home/maycon/repositorios/tac-unb/aula-3/workspace/install/ign_ros2_control:/opt/ros/humble LD_LIBRARY_PATH=/home/maycon/repositorios/tac-unb/aula-3/workspace/install/ign_ros2_control/lib:${LD_LIBRARY_PATH} /usr/bin/cmake --build /home/maycon/repositorios/tac-unb/aula-3/workspace/build/gz_ros2_control_tests -- -j8 -l8
[1.019s] DEBUG:colcon.colcon_core.event_handler.log_command:Invoking command in '/home/maycon/repositorios/tac-unb/aula-3/workspace/build/ign_ros2_control_demos': AMENT_PREFIX_PATH=/home/maycon/repositorios/tac-unb/aula-3/workspace/install/ign_ros2_control:${AMENT_PREFIX_PATH} CMAKE_PREFIX_PATH=/home/maycon/repositorios/tac-unb/aula-3/workspace/install/ign_ros2_control:/opt/ros/humble LD_LIBRARY_PATH=/home/maycon/repositorios/tac-unb/aula-3/workspace/install/ign_ros2_control/lib:${LD_LIBRARY_PATH} /usr/bin/cmake --build /home/maycon/repositorios/tac-unb/aula-3/workspace/build/ign_ros2_control_demos -- -j8 -l8
[1.103s] DEBUG:colcon.colcon_core.event_handler.log_command:Invoked command in '/home/maycon/repositorios/tac-unb/aula-3/workspace/build/gz_ros2_control_tests' returned '0': AMENT_PREFIX_PATH=/home/maycon/repositorios/tac-unb/aula-3/workspace/install/ign_ros2_control:${AMENT_PREFIX_PATH} CMAKE_PREFIX_PATH=/home/maycon/repositorios/tac-unb/aula-3/workspace/install/ign_ros2_control:/opt/ros/humble LD_LIBRARY_PATH=/home/maycon/repositorios/tac-unb/aula-3/workspace/install/ign_ros2_control/lib:${LD_LIBRARY_PATH} /usr/bin/cmake --build /home/maycon/repositorios/tac-unb/aula-3/workspace/build/gz_ros2_control_tests -- -j8 -l8
[1.136s] DEBUG:colcon.colcon_core.event_handler.log_command:Invoking command in '/home/maycon/repositorios/tac-unb/aula-3/workspace/build/gz_ros2_control_tests': AMENT_PREFIX_PATH=/home/maycon/repositorios/tac-unb/aula-3/workspace/install/ign_ros2_control:${AMENT_PREFIX_PATH} CMAKE_PREFIX_PATH=/home/maycon/repositorios/tac-unb/aula-3/workspace/install/ign_ros2_control:/opt/ros/humble LD_LIBRARY_PATH=/home/maycon/repositorios/tac-unb/aula-3/workspace/install/ign_ros2_control/lib:${LD_LIBRARY_PATH} /usr/bin/cmake --install /home/maycon/repositorios/tac-unb/aula-3/workspace/build/gz_ros2_control_tests
[1.150s] Level 1:colcon.colcon_core.environment:create_environment_scripts_only(gz_ros2_control_tests)
[1.151s] Level 1:colcon.colcon_core.environment:checking '/home/maycon/repositorios/tac-unb/aula-3/workspace/install/gz_ros2_control_tests' for CMake module files
[1.151s] Level 1:colcon.colcon_core.environment:checking '/home/maycon/repositorios/tac-unb/aula-3/workspace/install/gz_ros2_control_tests' for CMake config files
[1.152s] Level 1:colcon.colcon_core.shell:create_environment_hook('gz_ros2_control_tests', 'cmake_prefix_path')
[1.153s] INFO:colcon.colcon_core.shell:Creating environment hook '/home/maycon/repositorios/tac-unb/aula-3/workspace/install/gz_ros2_control_tests/share/gz_ros2_control_tests/hook/cmake_prefix_path.ps1'
[1.154s] DEBUG:colcon.colcon_core.event_handler.log_command:Invoked command in '/home/maycon/repositorios/tac-unb/aula-3/workspace/build/gz_ros2_control_tests' returned '0': AMENT_PREFIX_PATH=/home/maycon/repositorios/tac-unb/aula-3/workspace/install/ign_ros2_control:${AMENT_PREFIX_PATH} CMAKE_PREFIX_PATH=/home/maycon/repositorios/tac-unb/aula-3/workspace/install/ign_ros2_control:/opt/ros/humble LD_LIBRARY_PATH=/home/maycon/repositorios/tac-unb/aula-3/workspace/install/ign_ros2_control/lib:${LD_LIBRARY_PATH} /usr/bin/cmake --install /home/maycon/repositorios/tac-unb/aula-3/workspace/build/gz_ros2_control_tests
[1.154s] INFO:colcon.colcon_core.shell:Creating environment descriptor '/home/maycon/repositorios/tac-unb/aula-3/workspace/install/gz_ros2_control_tests/share/gz_ros2_control_tests/hook/cmake_prefix_path.dsv'
[1.155s] INFO:colcon.colcon_core.shell:Creating environment hook '/home/maycon/repositorios/tac-unb/aula-3/workspace/install/gz_ros2_control_tests/share/gz_ros2_control_tests/hook/cmake_prefix_path.sh'
[1.155s] Level 1:colcon.colcon_core.environment:checking '/home/maycon/repositorios/tac-unb/aula-3/workspace/install/gz_ros2_control_tests/lib'
[1.155s] Level 1:colcon.colcon_core.environment:checking '/home/maycon/repositorios/tac-unb/aula-3/workspace/install/gz_ros2_control_tests/bin'
[1.155s] Level 1:colcon.colcon_core.environment:checking '/home/maycon/repositorios/tac-unb/aula-3/workspace/install/gz_ros2_control_tests/lib/pkgconfig/gz_ros2_control_tests.pc'
[1.156s] Level 1:colcon.colcon_core.environment:checking '/home/maycon/repositorios/tac-unb/aula-3/workspace/install/gz_ros2_control_tests/lib/python3.10/site-packages'
[1.156s] Level 1:colcon.colcon_core.environment:checking '/home/maycon/repositorios/tac-unb/aula-3/workspace/install/gz_ros2_control_tests/bin'
[1.156s] INFO:colcon.colcon_core.shell:Creating package script '/home/maycon/repositorios/tac-unb/aula-3/workspace/install/gz_ros2_control_tests/share/gz_ros2_control_tests/package.ps1'
[1.158s] INFO:colcon.colcon_core.shell:Creating package descriptor '/home/maycon/repositorios/tac-unb/aula-3/workspace/install/gz_ros2_control_tests/share/gz_ros2_control_tests/package.dsv'
[1.158s] INFO:colcon.colcon_core.shell:Creating package script '/home/maycon/repositorios/tac-unb/aula-3/workspace/install/gz_ros2_control_tests/share/gz_ros2_control_tests/package.sh'
[1.159s] INFO:colcon.colcon_core.shell:Creating package script '/home/maycon/repositorios/tac-unb/aula-3/workspace/install/gz_ros2_control_tests/share/gz_ros2_control_tests/package.bash'
[1.160s] INFO:colcon.colcon_core.shell:Creating package script '/home/maycon/repositorios/tac-unb/aula-3/workspace/install/gz_ros2_control_tests/share/gz_ros2_control_tests/package.zsh'
[1.160s] Level 1:colcon.colcon_core.environment:create_file_with_runtime_dependencies(/home/maycon/repositorios/tac-unb/aula-3/workspace/install/gz_ros2_control_tests/share/colcon-core/packages/gz_ros2_control_tests)
[1.193s] Level 1:colcon.colcon_core.environment:create_environment_scripts_only(gz_ros2_control_tests)
[1.193s] Level 1:colcon.colcon_core.environment:checking '/home/maycon/repositorios/tac-unb/aula-3/workspace/install/gz_ros2_control_tests' for CMake module files
[1.194s] Level 1:colcon.colcon_core.environment:checking '/home/maycon/repositorios/tac-unb/aula-3/workspace/install/gz_ros2_control_tests' for CMake config files
[1.194s] Level 1:colcon.colcon_core.shell:create_environment_hook('gz_ros2_control_tests', 'cmake_prefix_path')
[1.195s] INFO:colcon.colcon_core.shell:Creating environment hook '/home/maycon/repositorios/tac-unb/aula-3/workspace/install/gz_ros2_control_tests/share/gz_ros2_control_tests/hook/cmake_prefix_path.ps1'
[1.196s] INFO:colcon.colcon_core.shell:Creating environment descriptor '/home/maycon/repositorios/tac-unb/aula-3/workspace/install/gz_ros2_control_tests/share/gz_ros2_control_tests/hook/cmake_prefix_path.dsv'
[1.196s] INFO:colcon.colcon_core.shell:Creating environment hook '/home/maycon/repositorios/tac-unb/aula-3/workspace/install/gz_ros2_control_tests/share/gz_ros2_control_tests/hook/cmake_prefix_path.sh'
[1.197s] Level 1:colcon.colcon_core.environment:checking '/home/maycon/repositorios/tac-unb/aula-3/workspace/install/gz_ros2_control_tests/lib'
[1.197s] Level 1:colcon.colcon_core.environment:checking '/home/maycon/repositorios/tac-unb/aula-3/workspace/install/gz_ros2_control_tests/bin'
[1.197s] Level 1:colcon.colcon_core.environment:checking '/home/maycon/repositorios/tac-unb/aula-3/workspace/install/gz_ros2_control_tests/lib/pkgconfig/gz_ros2_control_tests.pc'
[1.198s] Level 1:colcon.colcon_core.environment:checking '/home/maycon/repositorios/tac-unb/aula-3/workspace/install/gz_ros2_control_tests/lib/python3.10/site-packages'
[1.198s] Level 1:colcon.colcon_core.environment:checking '/home/maycon/repositorios/tac-unb/aula-3/workspace/install/gz_ros2_control_tests/bin'
[1.198s] INFO:colcon.colcon_core.shell:Creating package script '/home/maycon/repositorios/tac-unb/aula-3/workspace/install/gz_ros2_control_tests/share/gz_ros2_control_tests/package.ps1'
[1.199s] INFO:colcon.colcon_core.shell:Creating package descriptor '/home/maycon/repositorios/tac-unb/aula-3/workspace/install/gz_ros2_control_tests/share/gz_ros2_control_tests/package.dsv'
[1.200s] INFO:colcon.colcon_core.shell:Creating package script '/home/maycon/repositorios/tac-unb/aula-3/workspace/install/gz_ros2_control_tests/share/gz_ros2_control_tests/package.sh'
[1.200s] INFO:colcon.colcon_core.shell:Creating package script '/home/maycon/repositorios/tac-unb/aula-3/workspace/install/gz_ros2_control_tests/share/gz_ros2_control_tests/package.bash'
[1.201s] INFO:colcon.colcon_core.shell:Creating package script '/home/maycon/repositorios/tac-unb/aula-3/workspace/install/gz_ros2_control_tests/share/gz_ros2_control_tests/package.zsh'
[1.201s] Level 1:colcon.colcon_core.environment:create_file_with_runtime_dependencies(/home/maycon/repositorios/tac-unb/aula-3/workspace/install/gz_ros2_control_tests/share/colcon-core/packages/gz_ros2_control_tests)
[1.251s] DEBUG:colcon.colcon_core.event_handler.log_command:Invoked command in '/home/maycon/repositorios/tac-unb/aula-3/workspace/build/ign_ros2_control_demos' returned '0': AMENT_PREFIX_PATH=/home/maycon/repositorios/tac-unb/aula-3/workspace/install/ign_ros2_control:${AMENT_PREFIX_PATH} CMAKE_PREFIX_PATH=/home/maycon/repositorios/tac-unb/aula-3/workspace/install/ign_ros2_control:/opt/ros/humble LD_LIBRARY_PATH=/home/maycon/repositorios/tac-unb/aula-3/workspace/install/ign_ros2_control/lib:${LD_LIBRARY_PATH} /usr/bin/cmake --build /home/maycon/repositorios/tac-unb/aula-3/workspace/build/ign_ros2_control_demos -- -j8 -l8
[1.300s] DEBUG:colcon.colcon_core.event_handler.log_command:Invoking command in '/home/maycon/repositorios/tac-unb/aula-3/workspace/build/ign_ros2_control_demos': AMENT_PREFIX_PATH=/home/maycon/repositorios/tac-unb/aula-3/workspace/install/ign_ros2_control:${AMENT_PREFIX_PATH} CMAKE_PREFIX_PATH=/home/maycon/repositorios/tac-unb/aula-3/workspace/install/ign_ros2_control:/opt/ros/humble LD_LIBRARY_PATH=/home/maycon/repositorios/tac-unb/aula-3/workspace/install/ign_ros2_control/lib:${LD_LIBRARY_PATH} /usr/bin/cmake --install /home/maycon/repositorios/tac-unb/aula-3/workspace/build/ign_ros2_control_demos
[1.320s] Level 1:colcon.colcon_core.environment:create_environment_scripts_only(ign_ros2_control_demos)
[1.321s] Level 1:colcon.colcon_core.environment:checking '/home/maycon/repositorios/tac-unb/aula-3/workspace/install/ign_ros2_control_demos' for CMake module files
[1.321s] Level 1:colcon.colcon_core.environment:checking '/home/maycon/repositorios/tac-unb/aula-3/workspace/install/ign_ros2_control_demos' for CMake config files
[1.322s] Level 1:colcon.colcon_core.shell:create_environment_hook('ign_ros2_control_demos', 'cmake_prefix_path')
[1.322s] INFO:colcon.colcon_core.shell:Creating environment hook '/home/maycon/repositorios/tac-unb/aula-3/workspace/install/ign_ros2_control_demos/share/ign_ros2_control_demos/hook/cmake_prefix_path.ps1'
[1.324s] DEBUG:colcon.colcon_core.event_handler.log_command:Invoked command in '/home/maycon/repositorios/tac-unb/aula-3/workspace/build/ign_ros2_control_demos' returned '0': AMENT_PREFIX_PATH=/home/maycon/repositorios/tac-unb/aula-3/workspace/install/ign_ros2_control:${AMENT_PREFIX_PATH} CMAKE_PREFIX_PATH=/home/maycon/repositorios/tac-unb/aula-3/workspace/install/ign_ros2_control:/opt/ros/humble LD_LIBRARY_PATH=/home/maycon/repositorios/tac-unb/aula-3/workspace/install/ign_ros2_control/lib:${LD_LIBRARY_PATH} /usr/bin/cmake --install /home/maycon/repositorios/tac-unb/aula-3/workspace/build/ign_ros2_control_demos
[1.324s] INFO:colcon.colcon_core.shell:Creating environment descriptor '/home/maycon/repositorios/tac-unb/aula-3/workspace/install/ign_ros2_control_demos/share/ign_ros2_control_demos/hook/cmake_prefix_path.dsv'
[1.325s] INFO:colcon.colcon_core.shell:Creating environment hook '/home/maycon/repositorios/tac-unb/aula-3/workspace/install/ign_ros2_control_demos/share/ign_ros2_control_demos/hook/cmake_prefix_path.sh'
[1.325s] Level 1:colcon.colcon_core.environment:checking '/home/maycon/repositorios/tac-unb/aula-3/workspace/install/ign_ros2_control_demos/lib'
[1.325s] Level 1:colcon.colcon_core.environment:checking '/home/maycon/repositorios/tac-unb/aula-3/workspace/install/ign_ros2_control_demos/bin'
[1.325s] Level 1:colcon.colcon_core.environment:checking '/home/maycon/repositorios/tac-unb/aula-3/workspace/install/ign_ros2_control_demos/lib/pkgconfig/ign_ros2_control_demos.pc'
[1.326s] Level 1:colcon.colcon_core.environment:checking '/home/maycon/repositorios/tac-unb/aula-3/workspace/install/ign_ros2_control_demos/lib/python3.10/site-packages'
[1.326s] Level 1:colcon.colcon_core.environment:checking '/home/maycon/repositorios/tac-unb/aula-3/workspace/install/ign_ros2_control_demos/bin'
[1.326s] INFO:colcon.colcon_core.shell:Creating package script '/home/maycon/repositorios/tac-unb/aula-3/workspace/install/ign_ros2_control_demos/share/ign_ros2_control_demos/package.ps1'
[1.326s] INFO:colcon.colcon_core.shell:Creating package descriptor '/home/maycon/repositorios/tac-unb/aula-3/workspace/install/ign_ros2_control_demos/share/ign_ros2_control_demos/package.dsv'
[1.327s] INFO:colcon.colcon_core.shell:Creating package script '/home/maycon/repositorios/tac-unb/aula-3/workspace/install/ign_ros2_control_demos/share/ign_ros2_control_demos/package.sh'
[1.327s] INFO:colcon.colcon_core.shell:Creating package script '/home/maycon/repositorios/tac-unb/aula-3/workspace/install/ign_ros2_control_demos/share/ign_ros2_control_demos/package.bash'
[1.328s] INFO:colcon.colcon_core.shell:Creating package script '/home/maycon/repositorios/tac-unb/aula-3/workspace/install/ign_ros2_control_demos/share/ign_ros2_control_demos/package.zsh'
[1.328s] Level 1:colcon.colcon_core.environment:create_file_with_runtime_dependencies(/home/maycon/repositorios/tac-unb/aula-3/workspace/install/ign_ros2_control_demos/share/colcon-core/packages/ign_ros2_control_demos)
[1.358s] DEBUG:colcon.colcon_core.event_handler.log_command:Invoking command in '/home/maycon/repositorios/tac-unb/aula-3/workspace/src/circle_package': PYTHONPATH=/home/maycon/repositorios/tac-unb/aula-3/workspace/build/circle_package/prefix_override:/home/maycon/repositorios/tac-unb/aula-3/workspace/install/circle_package/lib/python3.10/site-packages:${PYTHONPATH} /usr/bin/python3 -W ignore:setup.py install is deprecated setup.py egg_info --egg-base ../../build/circle_package build --build-base /home/maycon/repositorios/tac-unb/aula-3/workspace/build/circle_package/build install --record /home/maycon/repositorios/tac-unb/aula-3/workspace/build/circle_package/install.log --single-version-externally-managed install_data
[1.377s] Level 1:colcon.colcon_core.environment:create_environment_scripts_only(ign_ros2_control_demos)
[1.378s] Level 1:colcon.colcon_core.environment:checking '/home/maycon/repositorios/tac-unb/aula-3/workspace/install/ign_ros2_control_demos' for CMake module files
[1.379s] DEBUG:colcon.colcon_core.event_handler.log_command:Invoking command in '/home/maycon/repositorios/tac-unb/aula-3/workspace/src/square_package': PYTHONPATH=/home/maycon/repositorios/tac-unb/aula-3/workspace/build/square_package/prefix_override:/home/maycon/repositorios/tac-unb/aula-3/workspace/install/square_package/lib/python3.10/site-packages:${PYTHONPATH} /usr/bin/python3 -W ignore:setup.py install is deprecated setup.py egg_info --egg-base ../../build/square_package build --build-base /home/maycon/repositorios/tac-unb/aula-3/workspace/build/square_package/build install --record /home/maycon/repositorios/tac-unb/aula-3/workspace/build/square_package/install.log --single-version-externally-managed install_data
[1.379s] Level 1:colcon.colcon_core.environment:checking '/home/maycon/repositorios/tac-unb/aula-3/workspace/install/ign_ros2_control_demos' for CMake config files
[1.379s] Level 1:colcon.colcon_core.shell:create_environment_hook('ign_ros2_control_demos', 'cmake_prefix_path')
[1.380s] INFO:colcon.colcon_core.shell:Creating environment hook '/home/maycon/repositorios/tac-unb/aula-3/workspace/install/ign_ros2_control_demos/share/ign_ros2_control_demos/hook/cmake_prefix_path.ps1'
[1.380s] INFO:colcon.colcon_core.shell:Creating environment descriptor '/home/maycon/repositorios/tac-unb/aula-3/workspace/install/ign_ros2_control_demos/share/ign_ros2_control_demos/hook/cmake_prefix_path.dsv'
[1.381s] INFO:colcon.colcon_core.shell:Creating environment hook '/home/maycon/repositorios/tac-unb/aula-3/workspace/install/ign_ros2_control_demos/share/ign_ros2_control_demos/hook/cmake_prefix_path.sh'
[1.381s] Level 1:colcon.colcon_core.environment:checking '/home/maycon/repositorios/tac-unb/aula-3/workspace/install/ign_ros2_control_demos/lib'
[1.381s] Level 1:colcon.colcon_core.environment:checking '/home/maycon/repositorios/tac-unb/aula-3/workspace/install/ign_ros2_control_demos/bin'
[1.381s] Level 1:colcon.colcon_core.environment:checking '/home/maycon/repositorios/tac-unb/aula-3/workspace/install/ign_ros2_control_demos/lib/pkgconfig/ign_ros2_control_demos.pc'
[1.382s] Level 1:colcon.colcon_core.environment:checking '/home/maycon/repositorios/tac-unb/aula-3/workspace/install/ign_ros2_control_demos/lib/python3.10/site-packages'
[1.382s] Level 1:colcon.colcon_core.environment:checking '/home/maycon/repositorios/tac-unb/aula-3/workspace/install/ign_ros2_control_demos/bin'
[1.383s] INFO:colcon.colcon_core.shell:Creating package script '/home/maycon/repositorios/tac-unb/aula-3/workspace/install/ign_ros2_control_demos/share/ign_ros2_control_demos/package.ps1'
[1.384s] INFO:colcon.colcon_core.shell:Creating package descriptor '/home/maycon/repositorios/tac-unb/aula-3/workspace/install/ign_ros2_control_demos/share/ign_ros2_control_demos/package.dsv'
[1.384s] INFO:colcon.colcon_core.shell:Creating package script '/home/maycon/repositorios/tac-unb/aula-3/workspace/install/ign_ros2_control_demos/share/ign_ros2_control_demos/package.sh'
[1.385s] INFO:colcon.colcon_core.shell:Creating package script '/home/maycon/repositorios/tac-unb/aula-3/workspace/install/ign_ros2_control_demos/share/ign_ros2_control_demos/package.bash'
[1.385s] INFO:colcon.colcon_core.shell:Creating package script '/home/maycon/repositorios/tac-unb/aula-3/workspace/install/ign_ros2_control_demos/share/ign_ros2_control_demos/package.zsh'
[1.386s] Level 1:colcon.colcon_core.environment:create_file_with_runtime_dependencies(/home/maycon/repositorios/tac-unb/aula-3/workspace/install/ign_ros2_control_demos/share/colcon-core/packages/ign_ros2_control_demos)
[1.666s] Level 1:colcon.colcon_core.environment:checking '/home/maycon/repositorios/tac-unb/aula-3/workspace/install/circle_package' for CMake module files
[1.667s] DEBUG:colcon.colcon_core.event_handler.log_command:Invoked command in '/home/maycon/repositorios/tac-unb/aula-3/workspace/src/circle_package' returned '0': PYTHONPATH=/home/maycon/repositorios/tac-unb/aula-3/workspace/build/circle_package/prefix_override:/home/maycon/repositorios/tac-unb/aula-3/workspace/install/circle_package/lib/python3.10/site-packages:${PYTHONPATH} /usr/bin/python3 -W ignore:setup.py install is deprecated setup.py egg_info --egg-base ../../build/circle_package build --build-base /home/maycon/repositorios/tac-unb/aula-3/workspace/build/circle_package/build install --record /home/maycon/repositorios/tac-unb/aula-3/workspace/build/circle_package/install.log --single-version-externally-managed install_data
[1.667s] Level 1:colcon.colcon_core.environment:checking '/home/maycon/repositorios/tac-unb/aula-3/workspace/install/circle_package' for CMake config files
[1.669s] Level 1:colcon.colcon_core.environment:checking '/home/maycon/repositorios/tac-unb/aula-3/workspace/install/circle_package/lib'
[1.669s] Level 1:colcon.colcon_core.environment:checking '/home/maycon/repositorios/tac-unb/aula-3/workspace/install/circle_package/bin'
[1.669s] Level 1:colcon.colcon_core.environment:checking '/home/maycon/repositorios/tac-unb/aula-3/workspace/install/circle_package/lib/pkgconfig/circle_package.pc'
[1.669s] Level 1:colcon.colcon_core.environment:checking '/home/maycon/repositorios/tac-unb/aula-3/workspace/install/circle_package/lib/python3.10/site-packages'
[1.669s] Level 1:colcon.colcon_core.shell:create_environment_hook('circle_package', 'pythonpath')
[1.670s] INFO:colcon.colcon_core.shell:Creating environment hook '/home/maycon/repositorios/tac-unb/aula-3/workspace/install/circle_package/share/circle_package/hook/pythonpath.ps1'
[1.671s] INFO:colcon.colcon_core.shell:Creating environment descriptor '/home/maycon/repositorios/tac-unb/aula-3/workspace/install/circle_package/share/circle_package/hook/pythonpath.dsv'
[1.671s] INFO:colcon.colcon_core.shell:Creating environment hook '/home/maycon/repositorios/tac-unb/aula-3/workspace/install/circle_package/share/circle_package/hook/pythonpath.sh'
[1.672s] Level 1:colcon.colcon_core.environment:checking '/home/maycon/repositorios/tac-unb/aula-3/workspace/install/circle_package/bin'
[1.672s] Level 1:colcon.colcon_core.environment:create_environment_scripts_only(circle_package)
[1.673s] INFO:colcon.colcon_core.shell:Creating package script '/home/maycon/repositorios/tac-unb/aula-3/workspace/install/circle_package/share/circle_package/package.ps1'
[1.673s] INFO:colcon.colcon_core.shell:Creating package descriptor '/home/maycon/repositorios/tac-unb/aula-3/workspace/install/circle_package/share/circle_package/package.dsv'
[1.674s] INFO:colcon.colcon_core.shell:Creating package script '/home/maycon/repositorios/tac-unb/aula-3/workspace/install/circle_package/share/circle_package/package.sh'
[1.675s] INFO:colcon.colcon_core.shell:Creating package script '/home/maycon/repositorios/tac-unb/aula-3/workspace/install/circle_package/share/circle_package/package.bash'
[1.675s] INFO:colcon.colcon_core.shell:Creating package script '/home/maycon/repositorios/tac-unb/aula-3/workspace/install/circle_package/share/circle_package/package.zsh'
[1.676s] Level 1:colcon.colcon_core.environment:create_file_with_runtime_dependencies(/home/maycon/repositorios/tac-unb/aula-3/workspace/install/circle_package/share/colcon-core/packages/circle_package)
[1.694s] Level 1:colcon.colcon_core.environment:checking '/home/maycon/repositorios/tac-unb/aula-3/workspace/install/square_package' for CMake module files
[1.694s] DEBUG:colcon.colcon_core.event_handler.log_command:Invoked command in '/home/maycon/repositorios/tac-unb/aula-3/workspace/src/square_package' returned '0': PYTHONPATH=/home/maycon/repositorios/tac-unb/aula-3/workspace/build/square_package/prefix_override:/home/maycon/repositorios/tac-unb/aula-3/workspace/install/square_package/lib/python3.10/site-packages:${PYTHONPATH} /usr/bin/python3 -W ignore:setup.py install is deprecated setup.py egg_info --egg-base ../../build/square_package build --build-base /home/maycon/repositorios/tac-unb/aula-3/workspace/build/square_package/build install --record /home/maycon/repositorios/tac-unb/aula-3/workspace/build/square_package/install.log --single-version-externally-managed install_data
[1.695s] Level 1:colcon.colcon_core.environment:checking '/home/maycon/repositorios/tac-unb/aula-3/workspace/install/square_package' for CMake config files
[1.695s] Level 1:colcon.colcon_core.environment:checking '/home/maycon/repositorios/tac-unb/aula-3/workspace/install/square_package/lib'
[1.695s] Level 1:colcon.colcon_core.environment:checking '/home/maycon/repositorios/tac-unb/aula-3/workspace/install/square_package/bin'
[1.695s] Level 1:colcon.colcon_core.environment:checking '/home/maycon/repositorios/tac-unb/aula-3/workspace/install/square_package/lib/pkgconfig/square_package.pc'
[1.696s] Level 1:colcon.colcon_core.environment:checking '/home/maycon/repositorios/tac-unb/aula-3/workspace/install/square_package/lib/python3.10/site-packages'
[1.696s] Level 1:colcon.colcon_core.shell:create_environment_hook('square_package', 'pythonpath')
[1.696s] INFO:colcon.colcon_core.shell:Creating environment hook '/home/maycon/repositorios/tac-unb/aula-3/workspace/install/square_package/share/square_package/hook/pythonpath.ps1'
[1.696s] INFO:colcon.colcon_core.shell:Creating environment descriptor '/home/maycon/repositorios/tac-unb/aula-3/workspace/install/square_package/share/square_package/hook/pythonpath.dsv'
[1.697s] INFO:colcon.colcon_core.shell:Creating environment hook '/home/maycon/repositorios/tac-unb/aula-3/workspace/install/square_package/share/square_package/hook/pythonpath.sh'
[1.697s] Level 1:colcon.colcon_core.environment:checking '/home/maycon/repositorios/tac-unb/aula-3/workspace/install/square_package/bin'
[1.697s] Level 1:colcon.colcon_core.environment:create_environment_scripts_only(square_package)
[1.698s] INFO:colcon.colcon_core.shell:Creating package script '/home/maycon/repositorios/tac-unb/aula-3/workspace/install/square_package/share/square_package/package.ps1'
[1.698s] INFO:colcon.colcon_core.shell:Creating package descriptor '/home/maycon/repositorios/tac-unb/aula-3/workspace/install/square_package/share/square_package/package.dsv'
[1.698s] INFO:colcon.colcon_core.shell:Creating package script '/home/maycon/repositorios/tac-unb/aula-3/workspace/install/square_package/share/square_package/package.sh'
[1.699s] INFO:colcon.colcon_core.shell:Creating package script '/home/maycon/repositorios/tac-unb/aula-3/workspace/install/square_package/share/square_package/package.bash'
[1.699s] INFO:colcon.colcon_core.shell:Creating package script '/home/maycon/repositorios/tac-unb/aula-3/workspace/install/square_package/share/square_package/package.zsh'
[1.699s] Level 1:colcon.colcon_core.environment:create_file_with_runtime_dependencies(/home/maycon/repositorios/tac-unb/aula-3/workspace/install/square_package/share/colcon-core/packages/square_package)
[1.700s] DEBUG:colcon.colcon_parallel_executor.executor.parallel:closing loop
[1.701s] DEBUG:colcon.colcon_parallel_executor.executor.parallel:loop closed
[1.701s] DEBUG:colcon.colcon_parallel_executor.executor.parallel:run_until_complete finished with '0'
[1.701s] DEBUG:colcon.colcon_core.event_reactor:joining thread
[1.708s] INFO:colcon.colcon_core.plugin_system:Skipping extension 'colcon_notification.desktop_notification.terminal_notifier': Not used on non-Darwin systems
[1.708s] INFO:colcon.colcon_core.plugin_system:Skipping extension 'colcon_notification.desktop_notification.win32': Not used on non-Windows systems
[1.708s] INFO:colcon.colcon_notification.desktop_notification:Sending desktop notification using 'notify2'
[1.722s] DEBUG:colcon.colcon_core.event_reactor:joined thread
[1.722s] INFO:colcon.colcon_core.shell:Creating prefix script '/home/maycon/repositorios/tac-unb/aula-3/workspace/install/local_setup.ps1'
[1.724s] INFO:colcon.colcon_core.shell:Creating prefix util module '/home/maycon/repositorios/tac-unb/aula-3/workspace/install/_local_setup_util_ps1.py'
[1.726s] INFO:colcon.colcon_core.shell:Creating prefix chain script '/home/maycon/repositorios/tac-unb/aula-3/workspace/install/setup.ps1'
[1.728s] INFO:colcon.colcon_core.shell:Creating prefix script '/home/maycon/repositorios/tac-unb/aula-3/workspace/install/local_setup.sh'
[1.729s] INFO:colcon.colcon_core.shell:Creating prefix util module '/home/maycon/repositorios/tac-unb/aula-3/workspace/install/_local_setup_util_sh.py'
[1.729s] INFO:colcon.colcon_core.shell:Creating prefix chain script '/home/maycon/repositorios/tac-unb/aula-3/workspace/install/setup.sh'
[1.731s] INFO:colcon.colcon_core.shell:Creating prefix script '/home/maycon/repositorios/tac-unb/aula-3/workspace/install/local_setup.bash'
[1.732s] INFO:colcon.colcon_core.shell:Creating prefix chain script '/home/maycon/repositorios/tac-unb/aula-3/workspace/install/setup.bash'
[1.733s] INFO:colcon.colcon_core.shell:Creating prefix script '/home/maycon/repositorios/tac-unb/aula-3/workspace/install/local_setup.zsh'
[1.735s] INFO:colcon.colcon_core.shell:Creating prefix chain script '/home/maycon/repositorios/tac-unb/aula-3/workspace/install/setup.zsh'
