running egg_info
creating ../../build/square_package/square_package.egg-info
writing ../../build/square_package/square_package.egg-info/PKG-INFO
writing dependency_links to ../../build/square_package/square_package.egg-info/dependency_links.txt
writing entry points to ../../build/square_package/square_package.egg-info/entry_points.txt
writing requirements to ../../build/square_package/square_package.egg-info/requires.txt
writing top-level names to ../../build/square_package/square_package.egg-info/top_level.txt
writing manifest file '../../build/square_package/square_package.egg-info/SOURCES.txt'
reading manifest file '../../build/square_package/square_package.egg-info/SOURCES.txt'
writing manifest file '../../build/square_package/square_package.egg-info/SOURCES.txt'
running build
running build_py
creating /home/maycon/repositorios/tac-unb/aula-3/workspace/build/square_package/build
creating /home/maycon/repositorios/tac-unb/aula-3/workspace/build/square_package/build/lib
creating /home/maycon/repositorios/tac-unb/aula-3/workspace/build/square_package/build/lib/square_package
copying square_package/__init__.py -> /home/maycon/repositorios/tac-unb/aula-3/workspace/build/square_package/build/lib/square_package
copying square_package/square.py -> /home/maycon/repositorios/tac-unb/aula-3/workspace/build/square_package/build/lib/square_package
running install
running install_lib
creating /home/maycon/repositorios/tac-unb/aula-3/workspace/install/square_package/lib/python3.10/site-packages/square_package
copying /home/maycon/repositorios/tac-unb/aula-3/workspace/build/square_package/build/lib/square_package/__init__.py -> /home/maycon/repositorios/tac-unb/aula-3/workspace/install/square_package/lib/python3.10/site-packages/square_package
copying /home/maycon/repositorios/tac-unb/aula-3/workspace/build/square_package/build/lib/square_package/square.py -> /home/maycon/repositorios/tac-unb/aula-3/workspace/install/square_package/lib/python3.10/site-packages/square_package
byte-compiling /home/maycon/repositorios/tac-unb/aula-3/workspace/install/square_package/lib/python3.10/site-packages/square_package/__init__.py to __init__.cpython-310.pyc
byte-compiling /home/maycon/repositorios/tac-unb/aula-3/workspace/install/square_package/lib/python3.10/site-packages/square_package/square.py to square.cpython-310.pyc
running install_data
creating /home/maycon/repositorios/tac-unb/aula-3/workspace/install/square_package/share/ament_index
creating /home/maycon/repositorios/tac-unb/aula-3/workspace/install/square_package/share/ament_index/resource_index
creating /home/maycon/repositorios/tac-unb/aula-3/workspace/install/square_package/share/ament_index/resource_index/packages
copying resource/square_package -> /home/maycon/repositorios/tac-unb/aula-3/workspace/install/square_package/share/ament_index/resource_index/packages
copying package.xml -> /home/maycon/repositorios/tac-unb/aula-3/workspace/install/square_package/share/square_package
running install_egg_info
Copying ../../build/square_package/square_package.egg-info to /home/maycon/repositorios/tac-unb/aula-3/workspace/install/square_package/lib/python3.10/site-packages/square_package-0.0.0-py3.10.egg-info
running install_scripts
Installing square script to /home/maycon/repositorios/tac-unb/aula-3/workspace/install/square_package/lib/square_package
writing list of installed files to '/home/maycon/repositorios/tac-unb/aula-3/workspace/build/square_package/install.log'
