[0.738s] Invoking command in '/home/maycon/repositorios/tac-unb/aula-3/workspace/src/square_package': PYTHONPATH=/home/maycon/repositorios/tac-unb/aula-3/workspace/build/square_package/prefix_override:/home/maycon/repositorios/tac-unb/aula-3/workspace/install/square_package/lib/python3.10/site-packages:${PYTHONPATH} /usr/bin/python3 -W ignore:setup.py install is deprecated setup.py egg_info --egg-base ../../build/square_package build --build-base /home/maycon/repositorios/tac-unb/aula-3/workspace/build/square_package/build install --record /home/maycon/repositorios/tac-unb/aula-3/workspace/build/square_package/install.log --single-version-externally-managed install_data
[0.906s] running egg_info
[0.907s] creating ../../build/square_package/square_package.egg-info
[0.907s] writing ../../build/square_package/square_package.egg-info/PKG-INFO
[0.907s] writing dependency_links to ../../build/square_package/square_package.egg-info/dependency_links.txt
[0.907s] writing entry points to ../../build/square_package/square_package.egg-info/entry_points.txt
[0.907s] writing requirements to ../../build/square_package/square_package.egg-info/requires.txt
[0.907s] writing top-level names to ../../build/square_package/square_package.egg-info/top_level.txt
[0.907s] writing manifest file '../../build/square_package/square_package.egg-info/SOURCES.txt'
[0.909s] reading manifest file '../../build/square_package/square_package.egg-info/SOURCES.txt'
[0.909s] writing manifest file '../../build/square_package/square_package.egg-info/SOURCES.txt'
[0.909s] running build
[0.910s] running build_py
[0.910s] creating /home/maycon/repositorios/tac-unb/aula-3/workspace/build/square_package/build
[0.910s] creating /home/maycon/repositorios/tac-unb/aula-3/workspace/build/square_package/build/lib
[0.910s] creating /home/maycon/repositorios/tac-unb/aula-3/workspace/build/square_package/build/lib/square_package
[0.910s] copying square_package/__init__.py -> /home/maycon/repositorios/tac-unb/aula-3/workspace/build/square_package/build/lib/square_package
[0.910s] copying square_package/square.py -> /home/maycon/repositorios/tac-unb/aula-3/workspace/build/square_package/build/lib/square_package
[0.910s] running install
[0.910s] running install_lib
[0.911s] creating /home/maycon/repositorios/tac-unb/aula-3/workspace/install/square_package/lib/python3.10/site-packages/square_package
[0.911s] copying /home/maycon/repositorios/tac-unb/aula-3/workspace/build/square_package/build/lib/square_package/__init__.py -> /home/maycon/repositorios/tac-unb/aula-3/workspace/install/square_package/lib/python3.10/site-packages/square_package
[0.911s] copying /home/maycon/repositorios/tac-unb/aula-3/workspace/build/square_package/build/lib/square_package/square.py -> /home/maycon/repositorios/tac-unb/aula-3/workspace/install/square_package/lib/python3.10/site-packages/square_package
[0.912s] byte-compiling /home/maycon/repositorios/tac-unb/aula-3/workspace/install/square_package/lib/python3.10/site-packages/square_package/__init__.py to __init__.cpython-310.pyc
[0.912s] byte-compiling /home/maycon/repositorios/tac-unb/aula-3/workspace/install/square_package/lib/python3.10/site-packages/square_package/square.py to square.cpython-310.pyc
[0.912s] running install_data
[0.912s] creating /home/maycon/repositorios/tac-unb/aula-3/workspace/install/square_package/share/ament_index
[0.913s] creating /home/maycon/repositorios/tac-unb/aula-3/workspace/install/square_package/share/ament_index/resource_index
[0.913s] creating /home/maycon/repositorios/tac-unb/aula-3/workspace/install/square_package/share/ament_index/resource_index/packages
[0.913s] copying resource/square_package -> /home/maycon/repositorios/tac-unb/aula-3/workspace/install/square_package/share/ament_index/resource_index/packages
[0.913s] copying package.xml -> /home/maycon/repositorios/tac-unb/aula-3/workspace/install/square_package/share/square_package
[0.913s] running install_egg_info
[0.914s] Copying ../../build/square_package/square_package.egg-info to /home/maycon/repositorios/tac-unb/aula-3/workspace/install/square_package/lib/python3.10/site-packages/square_package-0.0.0-py3.10.egg-info
[0.915s] running install_scripts
[0.931s] Installing square script to /home/maycon/repositorios/tac-unb/aula-3/workspace/install/square_package/lib/square_package
[0.931s] writing list of installed files to '/home/maycon/repositorios/tac-unb/aula-3/workspace/build/square_package/install.log'
[0.952s] Invoked command in '/home/maycon/repositorios/tac-unb/aula-3/workspace/src/square_package' returned '0': PYTHONPATH=/home/maycon/repositorios/tac-unb/aula-3/workspace/build/square_package/prefix_override:/home/maycon/repositorios/tac-unb/aula-3/workspace/install/square_package/lib/python3.10/site-packages:${PYTHONPATH} /usr/bin/python3 -W ignore:setup.py install is deprecated setup.py egg_info --egg-base ../../build/square_package build --build-base /home/maycon/repositorios/tac-unb/aula-3/workspace/build/square_package/build install --record /home/maycon/repositorios/tac-unb/aula-3/workspace/build/square_package/install.log --single-version-externally-managed install_data
