running egg_info
creating ../../build/explore_pkg/explore_pkg.egg-info
writing ../../build/explore_pkg/explore_pkg.egg-info/PKG-INFO
writing dependency_links to ../../build/explore_pkg/explore_pkg.egg-info/dependency_links.txt
writing entry points to ../../build/explore_pkg/explore_pkg.egg-info/entry_points.txt
writing requirements to ../../build/explore_pkg/explore_pkg.egg-info/requires.txt
writing top-level names to ../../build/explore_pkg/explore_pkg.egg-info/top_level.txt
writing manifest file '../../build/explore_pkg/explore_pkg.egg-info/SOURCES.txt'
reading manifest file '../../build/explore_pkg/explore_pkg.egg-info/SOURCES.txt'
writing manifest file '../../build/explore_pkg/explore_pkg.egg-info/SOURCES.txt'
running build
running build_py
creating /home/maycon/repositorios/tac-unb/aula-3/workspace/build/explore_pkg/build
creating /home/maycon/repositorios/tac-unb/aula-3/workspace/build/explore_pkg/build/lib
creating /home/maycon/repositorios/tac-unb/aula-3/workspace/build/explore_pkg/build/lib/explore_pkg
copying explore_pkg/explore.py -> /home/maycon/repositorios/tac-unb/aula-3/workspace/build/explore_pkg/build/lib/explore_pkg
copying explore_pkg/__init__.py -> /home/maycon/repositorios/tac-unb/aula-3/workspace/build/explore_pkg/build/lib/explore_pkg
running install
running install_lib
creating /home/maycon/repositorios/tac-unb/aula-3/workspace/install/explore_pkg/lib/python3.10/site-packages/explore_pkg
copying /home/maycon/repositorios/tac-unb/aula-3/workspace/build/explore_pkg/build/lib/explore_pkg/explore.py -> /home/maycon/repositorios/tac-unb/aula-3/workspace/install/explore_pkg/lib/python3.10/site-packages/explore_pkg
copying /home/maycon/repositorios/tac-unb/aula-3/workspace/build/explore_pkg/build/lib/explore_pkg/__init__.py -> /home/maycon/repositorios/tac-unb/aula-3/workspace/install/explore_pkg/lib/python3.10/site-packages/explore_pkg
byte-compiling /home/maycon/repositorios/tac-unb/aula-3/workspace/install/explore_pkg/lib/python3.10/site-packages/explore_pkg/explore.py to explore.cpython-310.pyc
byte-compiling /home/maycon/repositorios/tac-unb/aula-3/workspace/install/explore_pkg/lib/python3.10/site-packages/explore_pkg/__init__.py to __init__.cpython-310.pyc
running install_data
creating /home/maycon/repositorios/tac-unb/aula-3/workspace/install/explore_pkg/share/ament_index
creating /home/maycon/repositorios/tac-unb/aula-3/workspace/install/explore_pkg/share/ament_index/resource_index
creating /home/maycon/repositorios/tac-unb/aula-3/workspace/install/explore_pkg/share/ament_index/resource_index/packages
copying resource/explore_pkg -> /home/maycon/repositorios/tac-unb/aula-3/workspace/install/explore_pkg/share/ament_index/resource_index/packages
copying package.xml -> /home/maycon/repositorios/tac-unb/aula-3/workspace/install/explore_pkg/share/explore_pkg
running install_egg_info
Copying ../../build/explore_pkg/explore_pkg.egg-info to /home/maycon/repositorios/tac-unb/aula-3/workspace/install/explore_pkg/lib/python3.10/site-packages/explore_pkg-0.0.0-py3.10.egg-info
running install_scripts
Installing explore script to /home/maycon/repositorios/tac-unb/aula-3/workspace/install/explore_pkg/lib/explore_pkg
writing list of installed files to '/home/maycon/repositorios/tac-unb/aula-3/workspace/build/explore_pkg/install.log'
