[0.846s] Invoking command in '/home/maycon/repositorios/tac-unb/aula-3/workspace/src/explore_pkg': PYTHONPATH=/home/maycon/repositorios/tac-unb/aula-3/workspace/build/explore_pkg/prefix_override:/home/maycon/repositorios/tac-unb/aula-3/workspace/install/explore_pkg/lib/python3.10/site-packages:${PYTHONPATH} /usr/bin/python3 -W ignore:setup.py install is deprecated setup.py egg_info --egg-base ../../build/explore_pkg build --build-base /home/maycon/repositorios/tac-unb/aula-3/workspace/build/explore_pkg/build install --record /home/maycon/repositorios/tac-unb/aula-3/workspace/build/explore_pkg/install.log --single-version-externally-managed install_data
[1.013s] running egg_info
[1.014s] creating ../../build/explore_pkg/explore_pkg.egg-info
[1.014s] writing ../../build/explore_pkg/explore_pkg.egg-info/PKG-INFO
[1.014s] writing dependency_links to ../../build/explore_pkg/explore_pkg.egg-info/dependency_links.txt
[1.014s] writing entry points to ../../build/explore_pkg/explore_pkg.egg-info/entry_points.txt
[1.015s] writing requirements to ../../build/explore_pkg/explore_pkg.egg-info/requires.txt
[1.015s] writing top-level names to ../../build/explore_pkg/explore_pkg.egg-info/top_level.txt
[1.015s] writing manifest file '../../build/explore_pkg/explore_pkg.egg-info/SOURCES.txt'
[1.016s] reading manifest file '../../build/explore_pkg/explore_pkg.egg-info/SOURCES.txt'
[1.017s] writing manifest file '../../build/explore_pkg/explore_pkg.egg-info/SOURCES.txt'
[1.017s] running build
[1.017s] running build_py
[1.017s] creating /home/maycon/repositorios/tac-unb/aula-3/workspace/build/explore_pkg/build
[1.018s] creating /home/maycon/repositorios/tac-unb/aula-3/workspace/build/explore_pkg/build/lib
[1.018s] creating /home/maycon/repositorios/tac-unb/aula-3/workspace/build/explore_pkg/build/lib/explore_pkg
[1.018s] copying explore_pkg/explore.py -> /home/maycon/repositorios/tac-unb/aula-3/workspace/build/explore_pkg/build/lib/explore_pkg
[1.018s] copying explore_pkg/__init__.py -> /home/maycon/repositorios/tac-unb/aula-3/workspace/build/explore_pkg/build/lib/explore_pkg
[1.018s] running install
[1.018s] running install_lib
[1.019s] creating /home/maycon/repositorios/tac-unb/aula-3/workspace/install/explore_pkg/lib/python3.10/site-packages/explore_pkg
[1.019s] copying /home/maycon/repositorios/tac-unb/aula-3/workspace/build/explore_pkg/build/lib/explore_pkg/explore.py -> /home/maycon/repositorios/tac-unb/aula-3/workspace/install/explore_pkg/lib/python3.10/site-packages/explore_pkg
[1.019s] copying /home/maycon/repositorios/tac-unb/aula-3/workspace/build/explore_pkg/build/lib/explore_pkg/__init__.py -> /home/maycon/repositorios/tac-unb/aula-3/workspace/install/explore_pkg/lib/python3.10/site-packages/explore_pkg
[1.019s] byte-compiling /home/maycon/repositorios/tac-unb/aula-3/workspace/install/explore_pkg/lib/python3.10/site-packages/explore_pkg/explore.py to explore.cpython-310.pyc
[1.020s] byte-compiling /home/maycon/repositorios/tac-unb/aula-3/workspace/install/explore_pkg/lib/python3.10/site-packages/explore_pkg/__init__.py to __init__.cpython-310.pyc
[1.020s] running install_data
[1.021s] creating /home/maycon/repositorios/tac-unb/aula-3/workspace/install/explore_pkg/share/ament_index
[1.021s] creating /home/maycon/repositorios/tac-unb/aula-3/workspace/install/explore_pkg/share/ament_index/resource_index
[1.021s] creating /home/maycon/repositorios/tac-unb/aula-3/workspace/install/explore_pkg/share/ament_index/resource_index/packages
[1.021s] copying resource/explore_pkg -> /home/maycon/repositorios/tac-unb/aula-3/workspace/install/explore_pkg/share/ament_index/resource_index/packages
[1.021s] copying package.xml -> /home/maycon/repositorios/tac-unb/aula-3/workspace/install/explore_pkg/share/explore_pkg
[1.021s] running install_egg_info
[1.022s] Copying ../../build/explore_pkg/explore_pkg.egg-info to /home/maycon/repositorios/tac-unb/aula-3/workspace/install/explore_pkg/lib/python3.10/site-packages/explore_pkg-0.0.0-py3.10.egg-info
[1.023s] running install_scripts
[1.046s] Installing explore script to /home/maycon/repositorios/tac-unb/aula-3/workspace/install/explore_pkg/lib/explore_pkg
[1.046s] writing list of installed files to '/home/maycon/repositorios/tac-unb/aula-3/workspace/build/explore_pkg/install.log'
[1.072s] Invoked command in '/home/maycon/repositorios/tac-unb/aula-3/workspace/src/explore_pkg' returned '0': PYTHONPATH=/home/maycon/repositorios/tac-unb/aula-3/workspace/build/explore_pkg/prefix_override:/home/maycon/repositorios/tac-unb/aula-3/workspace/install/explore_pkg/lib/python3.10/site-packages:${PYTHONPATH} /usr/bin/python3 -W ignore:setup.py install is deprecated setup.py egg_info --egg-base ../../build/explore_pkg build --build-base /home/maycon/repositorios/tac-unb/aula-3/workspace/build/explore_pkg/build install --record /home/maycon/repositorios/tac-unb/aula-3/workspace/build/explore_pkg/install.log --single-version-externally-managed install_data
