[0.012s] Invoking command in '/home/maycon/repositorios/tac-unb/aula-3/workspace/build/ign_ros2_control_demos': CMAKE_PREFIX_PATH=/home/maycon/repositorios/tac-unb/aula-3/workspace/install/ign_ros2_control:/home/maycon/repositorios/tac-unb/aula-3/workspace/install/ign_ros2_control_demos:/home/maycon/repositorios/tac-unb/aula-3/workspace/install/gz_ros2_control_tests:/home/maycon/repositorios/tac-unb/aula-3/workspace/install/package:/opt/ros/humble /usr/bin/cmake --build /home/maycon/repositorios/tac-unb/aula-3/workspace/build/ign_ros2_control_demos -- -j8 -l8
[0.055s] [35m[1mConsolidate compiler generated dependencies of target example_position[0m
[0.055s] [35m[1mConsolidate compiler generated dependencies of target example_diff_drive[0m
[0.055s] [35m[1mConsolidate compiler generated dependencies of target example_velocity[0m
[0.061s] [35m[1mConsolidate compiler generated dependencies of target example_effort[0m
[0.073s] [35m[1mConsolidate compiler generated dependencies of target example_gripper[0m
[0.073s] [35m[1mConsolidate compiler generated dependencies of target example_tricycle_drive[0m
[0.083s] [ 16%] Built target example_diff_drive
[0.085s] [ 33%] Built target example_velocity
[0.090s] [ 50%] Built target example_position
[0.093s] [ 66%] Built target example_effort
[0.100s] [ 83%] Built target example_tricycle_drive
[0.101s] [100%] Built target example_gripper
[0.111s] Invoked command in '/home/maycon/repositorios/tac-unb/aula-3/workspace/build/ign_ros2_control_demos' returned '0': CMAKE_PREFIX_PATH=/home/maycon/repositorios/tac-unb/aula-3/workspace/install/ign_ros2_control:/home/maycon/repositorios/tac-unb/aula-3/workspace/install/ign_ros2_control_demos:/home/maycon/repositorios/tac-unb/aula-3/workspace/install/gz_ros2_control_tests:/home/maycon/repositorios/tac-unb/aula-3/workspace/install/package:/opt/ros/humble /usr/bin/cmake --build /home/maycon/repositorios/tac-unb/aula-3/workspace/build/ign_ros2_control_demos -- -j8 -l8
[0.145s] Invoking command in '/home/maycon/repositorios/tac-unb/aula-3/workspace/build/ign_ros2_control_demos': CMAKE_PREFIX_PATH=/home/maycon/repositorios/tac-unb/aula-3/workspace/install/ign_ros2_control:/home/maycon/repositorios/tac-unb/aula-3/workspace/install/ign_ros2_control_demos:/home/maycon/repositorios/tac-unb/aula-3/workspace/install/gz_ros2_control_tests:/home/maycon/repositorios/tac-unb/aula-3/workspace/install/package:/opt/ros/humble /usr/bin/cmake --install /home/maycon/repositorios/tac-unb/aula-3/workspace/build/ign_ros2_control_demos
[0.153s] -- Install configuration: ""
[0.153s] -- Up-to-date: /home/maycon/repositorios/tac-unb/aula-3/workspace/install/ign_ros2_control_demos/share/ign_ros2_control_demos//launch
[0.153s] -- Up-to-date: /home/maycon/repositorios/tac-unb/aula-3/workspace/install/ign_ros2_control_demos/share/ign_ros2_control_demos//launch/pendulum_example_effort.launch.py
[0.154s] -- Up-to-date: /home/maycon/repositorios/tac-unb/aula-3/workspace/install/ign_ros2_control_demos/share/ign_ros2_control_demos//launch/cart_example_position.launch.py
[0.154s] -- Up-to-date: /home/maycon/repositorios/tac-unb/aula-3/workspace/install/ign_ros2_control_demos/share/ign_ros2_control_demos//launch/cart_example_effort.launch.py
[0.154s] -- Up-to-date: /home/maycon/repositorios/tac-unb/aula-3/workspace/install/ign_ros2_control_demos/share/ign_ros2_control_demos//launch/gripper_mimic_joint_example.launch.py
[0.154s] -- Up-to-date: /home/maycon/repositorios/tac-unb/aula-3/workspace/install/ign_ros2_control_demos/share/ign_ros2_control_demos//launch/diff_drive_example.launch.py
[0.154s] -- Up-to-date: /home/maycon/repositorios/tac-unb/aula-3/workspace/install/ign_ros2_control_demos/share/ign_ros2_control_demos//launch/pendulum_example_position.launch.py
[0.154s] -- Up-to-date: /home/maycon/repositorios/tac-unb/aula-3/workspace/install/ign_ros2_control_demos/share/ign_ros2_control_demos//launch/tricycle_drive_example.launch.py
[0.154s] -- Up-to-date: /home/maycon/repositorios/tac-unb/aula-3/workspace/install/ign_ros2_control_demos/share/ign_ros2_control_demos//launch/cart_example_velocity.launch.py
[0.154s] -- Up-to-date: /home/maycon/repositorios/tac-unb/aula-3/workspace/install/ign_ros2_control_demos/share/ign_ros2_control_demos//config
[0.154s] -- Up-to-date: /home/maycon/repositorios/tac-unb/aula-3/workspace/install/ign_ros2_control_demos/share/ign_ros2_control_demos//config/tricycle_drive_controller.yaml
[0.154s] -- Up-to-date: /home/maycon/repositorios/tac-unb/aula-3/workspace/install/ign_ros2_control_demos/share/ign_ros2_control_demos//config/gripper_controller.yaml
[0.154s] -- Up-to-date: /home/maycon/repositorios/tac-unb/aula-3/workspace/install/ign_ros2_control_demos/share/ign_ros2_control_demos//config/cart_controller_position.yaml
[0.155s] -- Up-to-date: /home/maycon/repositorios/tac-unb/aula-3/workspace/install/ign_ros2_control_demos/share/ign_ros2_control_demos//config/cart_controller_velocity.yaml
[0.155s] -- Up-to-date: /home/maycon/repositorios/tac-unb/aula-3/workspace/install/ign_ros2_control_demos/share/ign_ros2_control_demos//config/diff_drive_controller_velocity.yaml
[0.155s] -- Up-to-date: /home/maycon/repositorios/tac-unb/aula-3/workspace/install/ign_ros2_control_demos/share/ign_ros2_control_demos//config/cart_controller_effort.yaml
[0.155s] -- Up-to-date: /home/maycon/repositorios/tac-unb/aula-3/workspace/install/ign_ros2_control_demos/share/ign_ros2_control_demos//urdf
[0.155s] -- Up-to-date: /home/maycon/repositorios/tac-unb/aula-3/workspace/install/ign_ros2_control_demos/share/ign_ros2_control_demos//urdf/test_diff_drive.xacro.urdf
[0.155s] -- Up-to-date: /home/maycon/repositorios/tac-unb/aula-3/workspace/install/ign_ros2_control_demos/share/ign_ros2_control_demos//urdf/test_cart_velocity.xacro.urdf
[0.155s] -- Up-to-date: /home/maycon/repositorios/tac-unb/aula-3/workspace/install/ign_ros2_control_demos/share/ign_ros2_control_demos//urdf/test_gripper_mimic_joint.xacro.urdf
[0.155s] -- Up-to-date: /home/maycon/repositorios/tac-unb/aula-3/workspace/install/ign_ros2_control_demos/share/ign_ros2_control_demos//urdf/test_pendulum_position.xacro.urdf
[0.155s] -- Up-to-date: /home/maycon/repositorios/tac-unb/aula-3/workspace/install/ign_ros2_control_demos/share/ign_ros2_control_demos//urdf/test_tricycle_drive.xacro.urdf
[0.155s] -- Up-to-date: /home/maycon/repositorios/tac-unb/aula-3/workspace/install/ign_ros2_control_demos/share/ign_ros2_control_demos//urdf/test_cart_effort.xacro.urdf
[0.155s] -- Up-to-date: /home/maycon/repositorios/tac-unb/aula-3/workspace/install/ign_ros2_control_demos/share/ign_ros2_control_demos//urdf/test_pendulum_effort.xacro.urdf
[0.155s] -- Up-to-date: /home/maycon/repositorios/tac-unb/aula-3/workspace/install/ign_ros2_control_demos/share/ign_ros2_control_demos//urdf/test_cart_position.xacro.urdf
[0.155s] -- Up-to-date: /home/maycon/repositorios/tac-unb/aula-3/workspace/install/ign_ros2_control_demos/lib/ign_ros2_control_demos/example_position
[0.155s] -- Up-to-date: /home/maycon/repositorios/tac-unb/aula-3/workspace/install/ign_ros2_control_demos/lib/ign_ros2_control_demos/example_velocity
[0.155s] -- Up-to-date: /home/maycon/repositorios/tac-unb/aula-3/workspace/install/ign_ros2_control_demos/lib/ign_ros2_control_demos/example_effort
[0.155s] -- Up-to-date: /home/maycon/repositorios/tac-unb/aula-3/workspace/install/ign_ros2_control_demos/lib/ign_ros2_control_demos/example_diff_drive
[0.155s] -- Up-to-date: /home/maycon/repositorios/tac-unb/aula-3/workspace/install/ign_ros2_control_demos/lib/ign_ros2_control_demos/example_tricycle_drive
[0.155s] -- Up-to-date: /home/maycon/repositorios/tac-unb/aula-3/workspace/install/ign_ros2_control_demos/lib/ign_ros2_control_demos/example_gripper
[0.156s] -- Up-to-date: /home/maycon/repositorios/tac-unb/aula-3/workspace/install/ign_ros2_control_demos/share/ament_index/resource_index/package_run_dependencies/ign_ros2_control_demos
[0.156s] -- Up-to-date: /home/maycon/repositorios/tac-unb/aula-3/workspace/install/ign_ros2_control_demos/share/ament_index/resource_index/parent_prefix_path/ign_ros2_control_demos
[0.156s] -- Up-to-date: /home/maycon/repositorios/tac-unb/aula-3/workspace/install/ign_ros2_control_demos/share/ign_ros2_control_demos/environment/ament_prefix_path.sh
[0.156s] -- Up-to-date: /home/maycon/repositorios/tac-unb/aula-3/workspace/install/ign_ros2_control_demos/share/ign_ros2_control_demos/environment/ament_prefix_path.dsv
[0.156s] -- Up-to-date: /home/maycon/repositorios/tac-unb/aula-3/workspace/install/ign_ros2_control_demos/share/ign_ros2_control_demos/environment/path.sh
[0.156s] -- Up-to-date: /home/maycon/repositorios/tac-unb/aula-3/workspace/install/ign_ros2_control_demos/share/ign_ros2_control_demos/environment/path.dsv
[0.156s] -- Up-to-date: /home/maycon/repositorios/tac-unb/aula-3/workspace/install/ign_ros2_control_demos/share/ign_ros2_control_demos/local_setup.bash
[0.156s] -- Up-to-date: /home/maycon/repositorios/tac-unb/aula-3/workspace/install/ign_ros2_control_demos/share/ign_ros2_control_demos/local_setup.sh
[0.156s] -- Up-to-date: /home/maycon/repositorios/tac-unb/aula-3/workspace/install/ign_ros2_control_demos/share/ign_ros2_control_demos/local_setup.zsh
[0.156s] -- Up-to-date: /home/maycon/repositorios/tac-unb/aula-3/workspace/install/ign_ros2_control_demos/share/ign_ros2_control_demos/local_setup.dsv
[0.156s] -- Installing: /home/maycon/repositorios/tac-unb/aula-3/workspace/install/ign_ros2_control_demos/share/ign_ros2_control_demos/package.dsv
[0.156s] -- Up-to-date: /home/maycon/repositorios/tac-unb/aula-3/workspace/install/ign_ros2_control_demos/share/ament_index/resource_index/packages/ign_ros2_control_demos
[0.157s] -- Up-to-date: /home/maycon/repositorios/tac-unb/aula-3/workspace/install/ign_ros2_control_demos/share/ign_ros2_control_demos/cmake/ign_ros2_control_demosConfig.cmake
[0.157s] -- Up-to-date: /home/maycon/repositorios/tac-unb/aula-3/workspace/install/ign_ros2_control_demos/share/ign_ros2_control_demos/cmake/ign_ros2_control_demosConfig-version.cmake
[0.158s] -- Up-to-date: /home/maycon/repositorios/tac-unb/aula-3/workspace/install/ign_ros2_control_demos/share/ign_ros2_control_demos/package.xml
[0.163s] Invoked command in '/home/maycon/repositorios/tac-unb/aula-3/workspace/build/ign_ros2_control_demos' returned '0': CMAKE_PREFIX_PATH=/home/maycon/repositorios/tac-unb/aula-3/workspace/install/ign_ros2_control:/home/maycon/repositorios/tac-unb/aula-3/workspace/install/ign_ros2_control_demos:/home/maycon/repositorios/tac-unb/aula-3/workspace/install/gz_ros2_control_tests:/home/maycon/repositorios/tac-unb/aula-3/workspace/install/package:/opt/ros/humble /usr/bin/cmake --install /home/maycon/repositorios/tac-unb/aula-3/workspace/build/ign_ros2_control_demos
