[0.844s] Invoking command in '/home/maycon/repositorios/tac-unb/aula-3/workspace/src/square_package': PYTHONPATH=/home/maycon/repositorios/tac-unb/aula-3/workspace/build/square_package/prefix_override:/home/maycon/repositorios/tac-unb/aula-3/workspace/install/square_package/lib/python3.10/site-packages: /usr/bin/python3 -W ignore:setup.py install is deprecated setup.py egg_info --egg-base ../../build/square_package build --build-base /home/maycon/repositorios/tac-unb/aula-3/workspace/build/square_package/build install --record /home/maycon/repositorios/tac-unb/aula-3/workspace/build/square_package/install.log --single-version-externally-managed install_data
[0.985s] running egg_info
[0.987s] writing ../../build/square_package/square_package.egg-info/PKG-INFO
[0.987s] writing dependency_links to ../../build/square_package/square_package.egg-info/dependency_links.txt
[0.987s] writing entry points to ../../build/square_package/square_package.egg-info/entry_points.txt
[0.987s] writing requirements to ../../build/square_package/square_package.egg-info/requires.txt
[0.987s] writing top-level names to ../../build/square_package/square_package.egg-info/top_level.txt
[0.989s] reading manifest file '../../build/square_package/square_package.egg-info/SOURCES.txt'
[0.989s] writing manifest file '../../build/square_package/square_package.egg-info/SOURCES.txt'
[0.989s] running build
[0.989s] running build_py
[0.990s] running install
[0.990s] running install_lib
[0.991s] running install_data
[0.991s] running install_egg_info
[0.992s] removing '/home/maycon/repositorios/tac-unb/aula-3/workspace/install/square_package/lib/python3.10/site-packages/square_package-0.0.0-py3.10.egg-info' (and everything under it)
[0.992s] Copying ../../build/square_package/square_package.egg-info to /home/maycon/repositorios/tac-unb/aula-3/workspace/install/square_package/lib/python3.10/site-packages/square_package-0.0.0-py3.10.egg-info
[0.993s] running install_scripts
[1.011s] Installing square script to /home/maycon/repositorios/tac-unb/aula-3/workspace/install/square_package/lib/square_package
[1.011s] writing list of installed files to '/home/maycon/repositorios/tac-unb/aula-3/workspace/build/square_package/install.log'
[1.045s] Invoked command in '/home/maycon/repositorios/tac-unb/aula-3/workspace/src/square_package' returned '0': PYTHONPATH=/home/maycon/repositorios/tac-unb/aula-3/workspace/build/square_package/prefix_override:/home/maycon/repositorios/tac-unb/aula-3/workspace/install/square_package/lib/python3.10/site-packages: /usr/bin/python3 -W ignore:setup.py install is deprecated setup.py egg_info --egg-base ../../build/square_package build --build-base /home/maycon/repositorios/tac-unb/aula-3/workspace/build/square_package/build install --record /home/maycon/repositorios/tac-unb/aula-3/workspace/build/square_package/install.log --single-version-externally-managed install_data
