[0.480s] Invoking command in '/home/maycon/repositorios/tac-unb/aula-3/workspace/src/package': PYTHONPATH=/home/maycon/repositorios/tac-unb/aula-3/workspace/build/package/prefix_override:/home/maycon/repositorios/tac-unb/aula-3/workspace/install/package/lib/python3.10/site-packages:${PYTHONPATH} /usr/bin/python3 -W ignore:setup.py install is deprecated setup.py egg_info --egg-base ../../build/package build --build-base /home/maycon/repositorios/tac-unb/aula-3/workspace/build/package/build install --record /home/maycon/repositorios/tac-unb/aula-3/workspace/build/package/install.log --single-version-externally-managed install_data
[0.631s] running egg_info
[0.632s] creating ../../build/package/package.egg-info
[0.632s] writing ../../build/package/package.egg-info/PKG-INFO
[0.632s] writing dependency_links to ../../build/package/package.egg-info/dependency_links.txt
[0.632s] writing entry points to ../../build/package/package.egg-info/entry_points.txt
[0.632s] writing requirements to ../../build/package/package.egg-info/requires.txt
[0.632s] writing top-level names to ../../build/package/package.egg-info/top_level.txt
[0.632s] writing manifest file '../../build/package/package.egg-info/SOURCES.txt'
[0.634s] reading manifest file '../../build/package/package.egg-info/SOURCES.txt'
[0.634s] writing manifest file '../../build/package/package.egg-info/SOURCES.txt'
[0.634s] running build
[0.634s] running build_py
[0.634s] creating /home/maycon/repositorios/tac-unb/aula-3/workspace/build/package/build
[0.634s] creating /home/maycon/repositorios/tac-unb/aula-3/workspace/build/package/build/lib
[0.634s] creating /home/maycon/repositorios/tac-unb/aula-3/workspace/build/package/build/lib/package
[0.634s] copying package/__init__.py -> /home/maycon/repositorios/tac-unb/aula-3/workspace/build/package/build/lib/package
[0.634s] copying package/node.py -> /home/maycon/repositorios/tac-unb/aula-3/workspace/build/package/build/lib/package
[0.637s] running install
[0.637s] running install_lib
[0.637s] creating /home/maycon/repositorios/tac-unb/aula-3/workspace/install/package/lib/python3.10/site-packages/package
[0.637s] copying /home/maycon/repositorios/tac-unb/aula-3/workspace/build/package/build/lib/package/__init__.py -> /home/maycon/repositorios/tac-unb/aula-3/workspace/install/package/lib/python3.10/site-packages/package
[0.638s] copying /home/maycon/repositorios/tac-unb/aula-3/workspace/build/package/build/lib/package/node.py -> /home/maycon/repositorios/tac-unb/aula-3/workspace/install/package/lib/python3.10/site-packages/package
[0.638s] byte-compiling /home/maycon/repositorios/tac-unb/aula-3/workspace/install/package/lib/python3.10/site-packages/package/__init__.py to __init__.cpython-310.pyc
[0.638s] byte-compiling /home/maycon/repositorios/tac-unb/aula-3/workspace/install/package/lib/python3.10/site-packages/package/node.py to node.cpython-310.pyc
[0.638s] running install_data
[0.638s] creating /home/maycon/repositorios/tac-unb/aula-3/workspace/install/package/share/ament_index
[0.638s] creating /home/maycon/repositorios/tac-unb/aula-3/workspace/install/package/share/ament_index/resource_index
[0.638s] creating /home/maycon/repositorios/tac-unb/aula-3/workspace/install/package/share/ament_index/resource_index/packages
[0.638s] copying resource/package -> /home/maycon/repositorios/tac-unb/aula-3/workspace/install/package/share/ament_index/resource_index/packages
[0.638s] copying package.xml -> /home/maycon/repositorios/tac-unb/aula-3/workspace/install/package/share/package
[0.638s] running install_egg_info
[0.639s] Copying ../../build/package/package.egg-info to /home/maycon/repositorios/tac-unb/aula-3/workspace/install/package/lib/python3.10/site-packages/package-0.0.0-py3.10.egg-info
[0.640s] running install_scripts
[0.654s] Installing node script to /home/maycon/repositorios/tac-unb/aula-3/workspace/install/package/lib/package
[0.654s] writing list of installed files to '/home/maycon/repositorios/tac-unb/aula-3/workspace/build/package/install.log'
[0.671s] Invoked command in '/home/maycon/repositorios/tac-unb/aula-3/workspace/src/package' returned '0': PYTHONPATH=/home/maycon/repositorios/tac-unb/aula-3/workspace/build/package/prefix_override:/home/maycon/repositorios/tac-unb/aula-3/workspace/install/package/lib/python3.10/site-packages:${PYTHONPATH} /usr/bin/python3 -W ignore:setup.py install is deprecated setup.py egg_info --egg-base ../../build/package build --build-base /home/maycon/repositorios/tac-unb/aula-3/workspace/build/package/build install --record /home/maycon/repositorios/tac-unb/aula-3/workspace/build/package/install.log --single-version-externally-managed install_data
