[0.080s] DEBUG:colcon:Command line arguments: ['/usr/bin/colcon', 'build']
[0.080s] DEBUG:colcon:Parsed command line arguments: Namespace(log_base=None, log_level=None, verb_name='build', build_base='build', install_base='install', merge_install=False, symlink_install=False, test_result_base=None, continue_on_error=False, executor='parallel', parallel_workers=8, event_handlers=None, ignore_user_meta=False, metas=['./colcon.meta'], base_paths=['.'], packages_ignore=None, packages_ignore_regex=None, paths=None, packages_up_to=None, packages_up_to_regex=None, packages_above=None, packages_above_and_dependencies=None, packages_above_depth=None, packages_select_by_dep=None, packages_skip_by_dep=None, packages_skip_up_to=None, packages_select_build_failed=False, packages_skip_build_finished=False, packages_select_test_failures=False, packages_skip_test_passed=False, packages_select=None, packages_skip=None, packages_select_regex=None, packages_skip_regex=None, packages_start=None, packages_end=None, allow_overriding=[], cmake_args=None, cmake_target=None, cmake_target_skip_unavailable=False, cmake_clean_cache=False, cmake_clean_first=False, cmake_force_configure=False, ament_cmake_args=None, catkin_cmake_args=None, catkin_skip_building_tests=False, verb_parser=<colcon_defaults.argument_parser.defaults.DefaultArgumentsDecorator object at 0x7dc52f3258d0>, verb_extension=<colcon_core.verb.build.BuildVerb object at 0x7dc52f324fd0>, main=<bound method BuildVerb.main of <colcon_core.verb.build.BuildVerb object at 0x7dc52f324fd0>>)
[0.200s] Level 1:colcon.colcon_core.package_discovery:discover_packages(colcon_meta) check parameters
[0.201s] Level 1:colcon.colcon_core.package_discovery:discover_packages(recursive) check parameters
[0.201s] Level 1:colcon.colcon_core.package_discovery:discover_packages(ignore) check parameters
[0.201s] Level 1:colcon.colcon_core.package_discovery:discover_packages(path) check parameters
[0.201s] Level 1:colcon.colcon_core.package_discovery:discover_packages(colcon_meta) discover
[0.201s] Level 1:colcon.colcon_core.package_discovery:discover_packages(recursive) discover
[0.201s] INFO:colcon.colcon_core.package_discovery:Crawling recursively for packages in '/home/maycon/repositorios/tac-unb/tarefa2'
[0.201s] Level 1:colcon.colcon_core.package_identification:_identify(.) by extensions ['ignore', 'ignore_ament_install']
[0.201s] Level 1:colcon.colcon_core.package_identification:_identify(.) by extension 'ignore'
[0.201s] Level 1:colcon.colcon_core.package_identification:_identify(.) by extension 'ignore_ament_install'
[0.201s] Level 1:colcon.colcon_core.package_identification:_identify(.) by extensions ['colcon_pkg']
[0.201s] Level 1:colcon.colcon_core.package_identification:_identify(.) by extension 'colcon_pkg'
[0.201s] Level 1:colcon.colcon_core.package_identification:_identify(.) by extensions ['colcon_meta']
[0.201s] Level 1:colcon.colcon_core.package_identification:_identify(.) by extension 'colcon_meta'
[0.201s] Level 1:colcon.colcon_core.package_identification:_identify(.) by extensions ['ros']
[0.201s] Level 1:colcon.colcon_core.package_identification:_identify(.) by extension 'ros'
[0.209s] Level 1:colcon.colcon_core.package_identification:_identify(.) by extensions ['cmake', 'python']
[0.209s] Level 1:colcon.colcon_core.package_identification:_identify(.) by extension 'cmake'
[0.209s] Level 1:colcon.colcon_core.package_identification:_identify(.) by extension 'python'
[0.209s] Level 1:colcon.colcon_core.package_identification:_identify(.) by extensions ['python_setup_py']
[0.209s] Level 1:colcon.colcon_core.package_identification:_identify(.) by extension 'python_setup_py'
[0.210s] Level 1:colcon.colcon_core.package_identification:_identify(build) by extensions ['ignore', 'ignore_ament_install']
[0.210s] Level 1:colcon.colcon_core.package_identification:_identify(build) by extension 'ignore'
[0.210s] Level 1:colcon.colcon_core.package_identification:_identify(build) ignored
[0.210s] Level 1:colcon.colcon_core.package_identification:_identify(install) by extensions ['ignore', 'ignore_ament_install']
[0.210s] Level 1:colcon.colcon_core.package_identification:_identify(install) by extension 'ignore'
[0.210s] Level 1:colcon.colcon_core.package_identification:_identify(install) ignored
[0.210s] Level 1:colcon.colcon_core.package_identification:_identify(log) by extensions ['ignore', 'ignore_ament_install']
[0.210s] Level 1:colcon.colcon_core.package_identification:_identify(log) by extension 'ignore'
[0.210s] Level 1:colcon.colcon_core.package_identification:_identify(log) ignored
[0.210s] Level 1:colcon.colcon_core.package_identification:_identify(src) by extensions ['ignore', 'ignore_ament_install']
[0.210s] Level 1:colcon.colcon_core.package_identification:_identify(src) by extension 'ignore'
[0.210s] Level 1:colcon.colcon_core.package_identification:_identify(src) by extension 'ignore_ament_install'
[0.210s] Level 1:colcon.colcon_core.package_identification:_identify(src) by extensions ['colcon_pkg']
[0.210s] Level 1:colcon.colcon_core.package_identification:_identify(src) by extension 'colcon_pkg'
[0.210s] Level 1:colcon.colcon_core.package_identification:_identify(src) by extensions ['colcon_meta']
[0.210s] Level 1:colcon.colcon_core.package_identification:_identify(src) by extension 'colcon_meta'
[0.210s] Level 1:colcon.colcon_core.package_identification:_identify(src) by extensions ['ros']
[0.210s] Level 1:colcon.colcon_core.package_identification:_identify(src) by extension 'ros'
[0.210s] Level 1:colcon.colcon_core.package_identification:_identify(src) by extensions ['cmake', 'python']
[0.210s] Level 1:colcon.colcon_core.package_identification:_identify(src) by extension 'cmake'
[0.210s] Level 1:colcon.colcon_core.package_identification:_identify(src) by extension 'python'
[0.210s] Level 1:colcon.colcon_core.package_identification:_identify(src) by extensions ['python_setup_py']
[0.210s] Level 1:colcon.colcon_core.package_identification:_identify(src) by extension 'python_setup_py'
[0.211s] Level 1:colcon.colcon_core.package_identification:_identify(src/circle_package) by extensions ['ignore', 'ignore_ament_install']
[0.211s] Level 1:colcon.colcon_core.package_identification:_identify(src/circle_package) by extension 'ignore'
[0.211s] Level 1:colcon.colcon_core.package_identification:_identify(src/circle_package) by extension 'ignore_ament_install'
[0.211s] Level 1:colcon.colcon_core.package_identification:_identify(src/circle_package) by extensions ['colcon_pkg']
[0.211s] Level 1:colcon.colcon_core.package_identification:_identify(src/circle_package) by extension 'colcon_pkg'
[0.211s] Level 1:colcon.colcon_core.package_identification:_identify(src/circle_package) by extensions ['colcon_meta']
[0.211s] Level 1:colcon.colcon_core.package_identification:_identify(src/circle_package) by extension 'colcon_meta'
[0.211s] Level 1:colcon.colcon_core.package_identification:_identify(src/circle_package) by extensions ['ros']
[0.211s] Level 1:colcon.colcon_core.package_identification:_identify(src/circle_package) by extension 'ros'
[0.212s] DEBUG:colcon.colcon_core.package_identification:Package 'src/circle_package' with type 'ros.ament_python' and name 'circle_package'
[0.213s] Level 1:colcon.colcon_core.package_identification:_identify(src/square_package) by extensions ['ignore', 'ignore_ament_install']
[0.213s] Level 1:colcon.colcon_core.package_identification:_identify(src/square_package) by extension 'ignore'
[0.213s] Level 1:colcon.colcon_core.package_identification:_identify(src/square_package) by extension 'ignore_ament_install'
[0.213s] Level 1:colcon.colcon_core.package_identification:_identify(src/square_package) by extensions ['colcon_pkg']
[0.213s] Level 1:colcon.colcon_core.package_identification:_identify(src/square_package) by extension 'colcon_pkg'
[0.213s] Level 1:colcon.colcon_core.package_identification:_identify(src/square_package) by extensions ['colcon_meta']
[0.213s] Level 1:colcon.colcon_core.package_identification:_identify(src/square_package) by extension 'colcon_meta'
[0.213s] Level 1:colcon.colcon_core.package_identification:_identify(src/square_package) by extensions ['ros']
[0.213s] Level 1:colcon.colcon_core.package_identification:_identify(src/square_package) by extension 'ros'
[0.213s] DEBUG:colcon.colcon_core.package_identification:Package 'src/square_package' with type 'ros.ament_python' and name 'square_package'
[0.213s] Level 1:colcon.colcon_core.package_discovery:discover_packages(recursive) using defaults
[0.213s] Level 1:colcon.colcon_core.package_discovery:discover_packages(ignore) discover
[0.213s] Level 1:colcon.colcon_core.package_discovery:discover_packages(ignore) using defaults
[0.213s] Level 1:colcon.colcon_core.package_discovery:discover_packages(path) discover
[0.213s] Level 1:colcon.colcon_core.package_discovery:discover_packages(path) using defaults
[0.228s] Level 1:colcon.colcon_core.package_discovery:discover_packages(prefix_path) check parameters
[0.228s] Level 1:colcon.colcon_core.package_discovery:discover_packages(prefix_path) discover
[0.237s] WARNING:colcon.colcon_ros.prefix_path.ament:The path '/home/maycon/repositorios/tac-unb/tarefa2/install/my_package' in the environment variable AMENT_PREFIX_PATH doesn't exist
[0.237s] DEBUG:colcon.colcon_installed_package_information.package_discovery:Found 2 installed packages in /home/maycon/repositorios/tac-unb/tarefa2/install
[0.239s] DEBUG:colcon.colcon_installed_package_information.package_discovery:Found 378 installed packages in /opt/ros/humble
[0.240s] Level 1:colcon.colcon_core.package_discovery:discover_packages(prefix_path) using defaults
[0.271s] Level 5:colcon.colcon_core.verb:set package 'circle_package' build argument 'cmake_args' from command line to 'None'
[0.271s] Level 5:colcon.colcon_core.verb:set package 'circle_package' build argument 'cmake_target' from command line to 'None'
[0.271s] Level 5:colcon.colcon_core.verb:set package 'circle_package' build argument 'cmake_target_skip_unavailable' from command line to 'False'
[0.271s] Level 5:colcon.colcon_core.verb:set package 'circle_package' build argument 'cmake_clean_cache' from command line to 'False'
[0.271s] Level 5:colcon.colcon_core.verb:set package 'circle_package' build argument 'cmake_clean_first' from command line to 'False'
[0.271s] Level 5:colcon.colcon_core.verb:set package 'circle_package' build argument 'cmake_force_configure' from command line to 'False'
[0.271s] Level 5:colcon.colcon_core.verb:set package 'circle_package' build argument 'ament_cmake_args' from command line to 'None'
[0.271s] Level 5:colcon.colcon_core.verb:set package 'circle_package' build argument 'catkin_cmake_args' from command line to 'None'
[0.271s] Level 5:colcon.colcon_core.verb:set package 'circle_package' build argument 'catkin_skip_building_tests' from command line to 'False'
[0.271s] DEBUG:colcon.colcon_core.verb:Building package 'circle_package' with the following arguments: {'ament_cmake_args': None, 'build_base': '/home/maycon/repositorios/tac-unb/tarefa2/build/circle_package', 'catkin_cmake_args': None, 'catkin_skip_building_tests': False, 'cmake_args': None, 'cmake_clean_cache': False, 'cmake_clean_first': False, 'cmake_force_configure': False, 'cmake_target': None, 'cmake_target_skip_unavailable': False, 'install_base': '/home/maycon/repositorios/tac-unb/tarefa2/install/circle_package', 'merge_install': False, 'path': '/home/maycon/repositorios/tac-unb/tarefa2/src/circle_package', 'symlink_install': False, 'test_result_base': None}
[0.272s] Level 5:colcon.colcon_core.verb:set package 'square_package' build argument 'cmake_args' from command line to 'None'
[0.272s] Level 5:colcon.colcon_core.verb:set package 'square_package' build argument 'cmake_target' from command line to 'None'
[0.272s] Level 5:colcon.colcon_core.verb:set package 'square_package' build argument 'cmake_target_skip_unavailable' from command line to 'False'
[0.272s] Level 5:colcon.colcon_core.verb:set package 'square_package' build argument 'cmake_clean_cache' from command line to 'False'
[0.272s] Level 5:colcon.colcon_core.verb:set package 'square_package' build argument 'cmake_clean_first' from command line to 'False'
[0.272s] Level 5:colcon.colcon_core.verb:set package 'square_package' build argument 'cmake_force_configure' from command line to 'False'
[0.272s] Level 5:colcon.colcon_core.verb:set package 'square_package' build argument 'ament_cmake_args' from command line to 'None'
[0.272s] Level 5:colcon.colcon_core.verb:set package 'square_package' build argument 'catkin_cmake_args' from command line to 'None'
[0.272s] Level 5:colcon.colcon_core.verb:set package 'square_package' build argument 'catkin_skip_building_tests' from command line to 'False'
[0.272s] DEBUG:colcon.colcon_core.verb:Building package 'square_package' with the following arguments: {'ament_cmake_args': None, 'build_base': '/home/maycon/repositorios/tac-unb/tarefa2/build/square_package', 'catkin_cmake_args': None, 'catkin_skip_building_tests': False, 'cmake_args': None, 'cmake_clean_cache': False, 'cmake_clean_first': False, 'cmake_force_configure': False, 'cmake_target': None, 'cmake_target_skip_unavailable': False, 'install_base': '/home/maycon/repositorios/tac-unb/tarefa2/install/square_package', 'merge_install': False, 'path': '/home/maycon/repositorios/tac-unb/tarefa2/src/square_package', 'symlink_install': False, 'test_result_base': None}
[0.272s] INFO:colcon.colcon_core.executor:Executing jobs using 'parallel' executor
[0.273s] DEBUG:colcon.colcon_parallel_executor.executor.parallel:run_until_complete
[0.273s] INFO:colcon.colcon_ros.task.ament_python.build:Building ROS package in '/home/maycon/repositorios/tac-unb/tarefa2/src/circle_package' with build type 'ament_python'
[0.273s] Level 1:colcon.colcon_core.shell:create_environment_hook('circle_package', 'ament_prefix_path')
[0.275s] INFO:colcon.colcon_core.plugin_system:Skipping extension 'colcon_core.shell.bat': Not used on non-Windows systems
[0.275s] INFO:colcon.colcon_core.shell:Creating environment hook '/home/maycon/repositorios/tac-unb/tarefa2/install/circle_package/share/circle_package/hook/ament_prefix_path.ps1'
[0.275s] INFO:colcon.colcon_core.shell:Creating environment descriptor '/home/maycon/repositorios/tac-unb/tarefa2/install/circle_package/share/circle_package/hook/ament_prefix_path.dsv'
[0.276s] INFO:colcon.colcon_core.shell:Creating environment hook '/home/maycon/repositorios/tac-unb/tarefa2/install/circle_package/share/circle_package/hook/ament_prefix_path.sh'
[0.276s] INFO:colcon.colcon_core.shell:Skip shell extension 'powershell' for command environment: Not usable outside of PowerShell
[0.276s] DEBUG:colcon.colcon_core.shell:Skip shell extension 'dsv' for command environment
[0.279s] INFO:colcon.colcon_ros.task.ament_python.build:Building ROS package in '/home/maycon/repositorios/tac-unb/tarefa2/src/square_package' with build type 'ament_python'
[0.280s] Level 1:colcon.colcon_core.shell:create_environment_hook('square_package', 'ament_prefix_path')
[0.280s] INFO:colcon.colcon_core.shell:Creating environment hook '/home/maycon/repositorios/tac-unb/tarefa2/install/square_package/share/square_package/hook/ament_prefix_path.ps1'
[0.280s] INFO:colcon.colcon_core.shell:Creating environment descriptor '/home/maycon/repositorios/tac-unb/tarefa2/install/square_package/share/square_package/hook/ament_prefix_path.dsv'
[0.281s] INFO:colcon.colcon_core.shell:Creating environment hook '/home/maycon/repositorios/tac-unb/tarefa2/install/square_package/share/square_package/hook/ament_prefix_path.sh'
[0.281s] INFO:colcon.colcon_core.shell:Skip shell extension 'powershell' for command environment: Not usable outside of PowerShell
[0.281s] DEBUG:colcon.colcon_core.shell:Skip shell extension 'dsv' for command environment
[0.457s] INFO:colcon.colcon_core.task.python.build:Building Python package in '/home/maycon/repositorios/tac-unb/tarefa2/src/circle_package'
[0.457s] INFO:colcon.colcon_core.shell:Skip shell extension 'powershell' for command environment: Not usable outside of PowerShell
[0.457s] DEBUG:colcon.colcon_core.shell:Skip shell extension 'dsv' for command environment
[0.621s] INFO:colcon.colcon_core.task.python.build:Building Python package in '/home/maycon/repositorios/tac-unb/tarefa2/src/square_package'
[0.621s] INFO:colcon.colcon_core.shell:Skip shell extension 'powershell' for command environment: Not usable outside of PowerShell
[0.621s] DEBUG:colcon.colcon_core.shell:Skip shell extension 'dsv' for command environment
[0.864s] DEBUG:colcon.colcon_core.event_handler.log_command:Invoking command in '/home/maycon/repositorios/tac-unb/tarefa2/src/circle_package': PYTHONPATH=/home/maycon/repositorios/tac-unb/tarefa2/build/circle_package/prefix_override:/home/maycon/repositorios/tac-unb/tarefa2/install/circle_package/lib/python3.10/site-packages:${PYTHONPATH} /usr/bin/python3 -W ignore:setup.py install is deprecated setup.py egg_info --egg-base ../../build/circle_package build --build-base /home/maycon/repositorios/tac-unb/tarefa2/build/circle_package/build install --record /home/maycon/repositorios/tac-unb/tarefa2/build/circle_package/install.log --single-version-externally-managed install_data
[0.875s] DEBUG:colcon.colcon_core.event_handler.log_command:Invoking command in '/home/maycon/repositorios/tac-unb/tarefa2/src/square_package': PYTHONPATH=/home/maycon/repositorios/tac-unb/tarefa2/build/square_package/prefix_override:/home/maycon/repositorios/tac-unb/tarefa2/install/square_package/lib/python3.10/site-packages:${PYTHONPATH} /usr/bin/python3 -W ignore:setup.py install is deprecated setup.py egg_info --egg-base ../../build/square_package build --build-base /home/maycon/repositorios/tac-unb/tarefa2/build/square_package/build install --record /home/maycon/repositorios/tac-unb/tarefa2/build/square_package/install.log --single-version-externally-managed install_data
[1.061s] DEBUG:colcon.colcon_core.event_handler.log_command:Invoked command in '/home/maycon/repositorios/tac-unb/tarefa2/src/circle_package' returned '0': PYTHONPATH=/home/maycon/repositorios/tac-unb/tarefa2/build/circle_package/prefix_override:/home/maycon/repositorios/tac-unb/tarefa2/install/circle_package/lib/python3.10/site-packages:${PYTHONPATH} /usr/bin/python3 -W ignore:setup.py install is deprecated setup.py egg_info --egg-base ../../build/circle_package build --build-base /home/maycon/repositorios/tac-unb/tarefa2/build/circle_package/build install --record /home/maycon/repositorios/tac-unb/tarefa2/build/circle_package/install.log --single-version-externally-managed install_data
[1.063s] Level 1:colcon.colcon_core.environment:checking '/home/maycon/repositorios/tac-unb/tarefa2/install/circle_package' for CMake module files
[1.063s] Level 1:colcon.colcon_core.environment:checking '/home/maycon/repositorios/tac-unb/tarefa2/install/circle_package' for CMake config files
[1.064s] Level 1:colcon.colcon_core.environment:checking '/home/maycon/repositorios/tac-unb/tarefa2/install/circle_package/lib'
[1.064s] Level 1:colcon.colcon_core.environment:checking '/home/maycon/repositorios/tac-unb/tarefa2/install/circle_package/bin'
[1.064s] Level 1:colcon.colcon_core.environment:checking '/home/maycon/repositorios/tac-unb/tarefa2/install/circle_package/lib/pkgconfig/circle_package.pc'
[1.064s] Level 1:colcon.colcon_core.environment:checking '/home/maycon/repositorios/tac-unb/tarefa2/install/circle_package/lib/python3.10/site-packages'
[1.064s] Level 1:colcon.colcon_core.shell:create_environment_hook('circle_package', 'pythonpath')
[1.064s] INFO:colcon.colcon_core.shell:Creating environment hook '/home/maycon/repositorios/tac-unb/tarefa2/install/circle_package/share/circle_package/hook/pythonpath.ps1'
[1.065s] INFO:colcon.colcon_core.shell:Creating environment descriptor '/home/maycon/repositorios/tac-unb/tarefa2/install/circle_package/share/circle_package/hook/pythonpath.dsv'
[1.065s] INFO:colcon.colcon_core.shell:Creating environment hook '/home/maycon/repositorios/tac-unb/tarefa2/install/circle_package/share/circle_package/hook/pythonpath.sh'
[1.065s] Level 1:colcon.colcon_core.environment:checking '/home/maycon/repositorios/tac-unb/tarefa2/install/circle_package/bin'
[1.065s] Level 1:colcon.colcon_core.environment:create_environment_scripts_only(circle_package)
[1.066s] INFO:colcon.colcon_core.shell:Creating package script '/home/maycon/repositorios/tac-unb/tarefa2/install/circle_package/share/circle_package/package.ps1'
[1.066s] INFO:colcon.colcon_core.shell:Creating package descriptor '/home/maycon/repositorios/tac-unb/tarefa2/install/circle_package/share/circle_package/package.dsv'
[1.066s] INFO:colcon.colcon_core.shell:Creating package script '/home/maycon/repositorios/tac-unb/tarefa2/install/circle_package/share/circle_package/package.sh'
[1.067s] INFO:colcon.colcon_core.shell:Creating package script '/home/maycon/repositorios/tac-unb/tarefa2/install/circle_package/share/circle_package/package.bash'
[1.067s] INFO:colcon.colcon_core.shell:Creating package script '/home/maycon/repositorios/tac-unb/tarefa2/install/circle_package/share/circle_package/package.zsh'
[1.068s] Level 1:colcon.colcon_core.environment:create_file_with_runtime_dependencies(/home/maycon/repositorios/tac-unb/tarefa2/install/circle_package/share/colcon-core/packages/circle_package)
[1.069s] Level 1:colcon.colcon_core.environment:checking '/home/maycon/repositorios/tac-unb/tarefa2/install/square_package' for CMake module files
[1.070s] DEBUG:colcon.colcon_core.event_handler.log_command:Invoked command in '/home/maycon/repositorios/tac-unb/tarefa2/src/square_package' returned '0': PYTHONPATH=/home/maycon/repositorios/tac-unb/tarefa2/build/square_package/prefix_override:/home/maycon/repositorios/tac-unb/tarefa2/install/square_package/lib/python3.10/site-packages:${PYTHONPATH} /usr/bin/python3 -W ignore:setup.py install is deprecated setup.py egg_info --egg-base ../../build/square_package build --build-base /home/maycon/repositorios/tac-unb/tarefa2/build/square_package/build install --record /home/maycon/repositorios/tac-unb/tarefa2/build/square_package/install.log --single-version-externally-managed install_data
[1.070s] Level 1:colcon.colcon_core.environment:checking '/home/maycon/repositorios/tac-unb/tarefa2/install/square_package' for CMake config files
[1.070s] Level 1:colcon.colcon_core.environment:checking '/home/maycon/repositorios/tac-unb/tarefa2/install/square_package/lib'
[1.070s] Level 1:colcon.colcon_core.environment:checking '/home/maycon/repositorios/tac-unb/tarefa2/install/square_package/bin'
[1.070s] Level 1:colcon.colcon_core.environment:checking '/home/maycon/repositorios/tac-unb/tarefa2/install/square_package/lib/pkgconfig/square_package.pc'
[1.070s] Level 1:colcon.colcon_core.environment:checking '/home/maycon/repositorios/tac-unb/tarefa2/install/square_package/lib/python3.10/site-packages'
[1.070s] Level 1:colcon.colcon_core.shell:create_environment_hook('square_package', 'pythonpath')
[1.071s] INFO:colcon.colcon_core.shell:Creating environment hook '/home/maycon/repositorios/tac-unb/tarefa2/install/square_package/share/square_package/hook/pythonpath.ps1'
[1.071s] INFO:colcon.colcon_core.shell:Creating environment descriptor '/home/maycon/repositorios/tac-unb/tarefa2/install/square_package/share/square_package/hook/pythonpath.dsv'
[1.071s] INFO:colcon.colcon_core.shell:Creating environment hook '/home/maycon/repositorios/tac-unb/tarefa2/install/square_package/share/square_package/hook/pythonpath.sh'
[1.071s] Level 1:colcon.colcon_core.environment:checking '/home/maycon/repositorios/tac-unb/tarefa2/install/square_package/bin'
[1.071s] Level 1:colcon.colcon_core.environment:create_environment_scripts_only(square_package)
[1.072s] INFO:colcon.colcon_core.shell:Creating package script '/home/maycon/repositorios/tac-unb/tarefa2/install/square_package/share/square_package/package.ps1'
[1.072s] INFO:colcon.colcon_core.shell:Creating package descriptor '/home/maycon/repositorios/tac-unb/tarefa2/install/square_package/share/square_package/package.dsv'
[1.072s] INFO:colcon.colcon_core.shell:Creating package script '/home/maycon/repositorios/tac-unb/tarefa2/install/square_package/share/square_package/package.sh'
[1.072s] INFO:colcon.colcon_core.shell:Creating package script '/home/maycon/repositorios/tac-unb/tarefa2/install/square_package/share/square_package/package.bash'
[1.073s] INFO:colcon.colcon_core.shell:Creating package script '/home/maycon/repositorios/tac-unb/tarefa2/install/square_package/share/square_package/package.zsh'
[1.073s] Level 1:colcon.colcon_core.environment:create_file_with_runtime_dependencies(/home/maycon/repositorios/tac-unb/tarefa2/install/square_package/share/colcon-core/packages/square_package)
[1.073s] DEBUG:colcon.colcon_parallel_executor.executor.parallel:closing loop
[1.073s] DEBUG:colcon.colcon_parallel_executor.executor.parallel:loop closed
[1.073s] DEBUG:colcon.colcon_parallel_executor.executor.parallel:run_until_complete finished with '0'
[1.073s] DEBUG:colcon.colcon_core.event_reactor:joining thread
[1.077s] INFO:colcon.colcon_core.plugin_system:Skipping extension 'colcon_notification.desktop_notification.terminal_notifier': Not used on non-Darwin systems
[1.077s] INFO:colcon.colcon_core.plugin_system:Skipping extension 'colcon_notification.desktop_notification.win32': Not used on non-Windows systems
[1.077s] INFO:colcon.colcon_notification.desktop_notification:Sending desktop notification using 'notify2'
[1.085s] DEBUG:colcon.colcon_core.event_reactor:joined thread
[1.086s] INFO:colcon.colcon_core.shell:Creating prefix script '/home/maycon/repositorios/tac-unb/tarefa2/install/local_setup.ps1'
[1.086s] INFO:colcon.colcon_core.shell:Creating prefix util module '/home/maycon/repositorios/tac-unb/tarefa2/install/_local_setup_util_ps1.py'
[1.087s] INFO:colcon.colcon_core.shell:Creating prefix chain script '/home/maycon/repositorios/tac-unb/tarefa2/install/setup.ps1'
[1.088s] INFO:colcon.colcon_core.shell:Creating prefix script '/home/maycon/repositorios/tac-unb/tarefa2/install/local_setup.sh'
[1.088s] INFO:colcon.colcon_core.shell:Creating prefix util module '/home/maycon/repositorios/tac-unb/tarefa2/install/_local_setup_util_sh.py'
[1.089s] INFO:colcon.colcon_core.shell:Creating prefix chain script '/home/maycon/repositorios/tac-unb/tarefa2/install/setup.sh'
[1.089s] INFO:colcon.colcon_core.shell:Creating prefix script '/home/maycon/repositorios/tac-unb/tarefa2/install/local_setup.bash'
[1.089s] INFO:colcon.colcon_core.shell:Creating prefix chain script '/home/maycon/repositorios/tac-unb/tarefa2/install/setup.bash'
[1.090s] INFO:colcon.colcon_core.shell:Creating prefix script '/home/maycon/repositorios/tac-unb/tarefa2/install/local_setup.zsh'
[1.090s] INFO:colcon.colcon_core.shell:Creating prefix chain script '/home/maycon/repositorios/tac-unb/tarefa2/install/setup.zsh'
