[0.056s] Invoking command in '/home/maycon/repositorios/tac-unb/aula-3/workspace/build/ign_ros2_control_demos': CMAKE_PREFIX_PATH=/home/maycon/repositorios/tac-unb/aula-3/workspace/install/ign_ros2_control:/home/maycon/repositorios/tac-unb/aula-3/workspace/install/ign_ros2_control_demos:/home/maycon/repositorios/tac-unb/aula-3/workspace/install/gz_ros2_control_tests:/home/maycon/repositorios/tac-unb/aula-3/workspace/install/square_package:/home/maycon/repositorios/tac-unb/aula-3/workspace/install/package:/home/maycon/repositorios/tac-unb/aula-3/workspace/install/explore_pkg:/home/maycon/repositorios/tac-unb/aula-3/workspace/install/circle_package:/opt/ros/humble /usr/bin/cmake --build /home/maycon/repositorios/tac-unb/aula-3/workspace/build/ign_ros2_control_demos -- -j8 -l8
[0.915s] [ 16%] Built target example_diff_drive
[0.917s] [ 33%] Built target example_position
[0.919s] [ 50%] Built target example_effort
[0.920s] [ 66%] Built target example_velocity
[0.933s] [ 83%] Built target example_tricycle_drive
[1.094s] [100%] Built target example_gripper
[1.147s] Invoked command in '/home/maycon/repositorios/tac-unb/aula-3/workspace/build/ign_ros2_control_demos' returned '0': CMAKE_PREFIX_PATH=/home/maycon/repositorios/tac-unb/aula-3/workspace/install/ign_ros2_control:/home/maycon/repositorios/tac-unb/aula-3/workspace/install/ign_ros2_control_demos:/home/maycon/repositorios/tac-unb/aula-3/workspace/install/gz_ros2_control_tests:/home/maycon/repositorios/tac-unb/aula-3/workspace/install/square_package:/home/maycon/repositorios/tac-unb/aula-3/workspace/install/package:/home/maycon/repositorios/tac-unb/aula-3/workspace/install/explore_pkg:/home/maycon/repositorios/tac-unb/aula-3/workspace/install/circle_package:/opt/ros/humble /usr/bin/cmake --build /home/maycon/repositorios/tac-unb/aula-3/workspace/build/ign_ros2_control_demos -- -j8 -l8
[1.236s] Invoking command in '/home/maycon/repositorios/tac-unb/aula-3/workspace/build/ign_ros2_control_demos': CMAKE_PREFIX_PATH=/home/maycon/repositorios/tac-unb/aula-3/workspace/install/ign_ros2_control:/home/maycon/repositorios/tac-unb/aula-3/workspace/install/ign_ros2_control_demos:/home/maycon/repositorios/tac-unb/aula-3/workspace/install/gz_ros2_control_tests:/home/maycon/repositorios/tac-unb/aula-3/workspace/install/square_package:/home/maycon/repositorios/tac-unb/aula-3/workspace/install/package:/home/maycon/repositorios/tac-unb/aula-3/workspace/install/explore_pkg:/home/maycon/repositorios/tac-unb/aula-3/workspace/install/circle_package:/opt/ros/humble /usr/bin/cmake --install /home/maycon/repositorios/tac-unb/aula-3/workspace/build/ign_ros2_control_demos
[1.258s] -- Install configuration: ""
[1.258s] -- Up-to-date: /home/maycon/repositorios/tac-unb/aula-3/workspace/install/ign_ros2_control_demos/share/ign_ros2_control_demos//launch
[1.259s] -- Up-to-date: /home/maycon/repositorios/tac-unb/aula-3/workspace/install/ign_ros2_control_demos/share/ign_ros2_control_demos//launch/pendulum_example_effort.launch.py
[1.260s] -- Up-to-date: /home/maycon/repositorios/tac-unb/aula-3/workspace/install/ign_ros2_control_demos/share/ign_ros2_control_demos//launch/cart_example_position.launch.py
[1.260s] -- Up-to-date: /home/maycon/repositorios/tac-unb/aula-3/workspace/install/ign_ros2_control_demos/share/ign_ros2_control_demos//launch/cart_example_effort.launch.py
[1.260s] -- Up-to-date: /home/maycon/repositorios/tac-unb/aula-3/workspace/install/ign_ros2_control_demos/share/ign_ros2_control_demos//launch/gripper_mimic_joint_example.launch.py
[1.260s] -- Up-to-date: /home/maycon/repositorios/tac-unb/aula-3/workspace/install/ign_ros2_control_demos/share/ign_ros2_control_demos//launch/diff_drive_example.launch.py
[1.260s] -- Up-to-date: /home/maycon/repositorios/tac-unb/aula-3/workspace/install/ign_ros2_control_demos/share/ign_ros2_control_demos//launch/pendulum_example_position.launch.py
[1.261s] -- Up-to-date: /home/maycon/repositorios/tac-unb/aula-3/workspace/install/ign_ros2_control_demos/share/ign_ros2_control_demos//launch/tricycle_drive_example.launch.py
[1.261s] -- Up-to-date: /home/maycon/repositorios/tac-unb/aula-3/workspace/install/ign_ros2_control_demos/share/ign_ros2_control_demos//launch/cart_example_velocity.launch.py
[1.261s] -- Up-to-date: /home/maycon/repositorios/tac-unb/aula-3/workspace/install/ign_ros2_control_demos/share/ign_ros2_control_demos//config
[1.261s] -- Up-to-date: /home/maycon/repositorios/tac-unb/aula-3/workspace/install/ign_ros2_control_demos/share/ign_ros2_control_demos//config/tricycle_drive_controller.yaml
[1.261s] -- Up-to-date: /home/maycon/repositorios/tac-unb/aula-3/workspace/install/ign_ros2_control_demos/share/ign_ros2_control_demos//config/gripper_controller.yaml
[1.262s] -- Up-to-date: /home/maycon/repositorios/tac-unb/aula-3/workspace/install/ign_ros2_control_demos/share/ign_ros2_control_demos//config/cart_controller_position.yaml
[1.262s] -- Up-to-date: /home/maycon/repositorios/tac-unb/aula-3/workspace/install/ign_ros2_control_demos/share/ign_ros2_control_demos//config/cart_controller_velocity.yaml
[1.262s] -- Up-to-date: /home/maycon/repositorios/tac-unb/aula-3/workspace/install/ign_ros2_control_demos/share/ign_ros2_control_demos//config/diff_drive_controller_velocity.yaml
[1.262s] -- Up-to-date: /home/maycon/repositorios/tac-unb/aula-3/workspace/install/ign_ros2_control_demos/share/ign_ros2_control_demos//config/cart_controller_effort.yaml
[1.262s] -- Up-to-date: /home/maycon/repositorios/tac-unb/aula-3/workspace/install/ign_ros2_control_demos/share/ign_ros2_control_demos//urdf
[1.262s] -- Up-to-date: /home/maycon/repositorios/tac-unb/aula-3/workspace/install/ign_ros2_control_demos/share/ign_ros2_control_demos//urdf/test_diff_drive.xacro.urdf
[1.262s] -- Up-to-date: /home/maycon/repositorios/tac-unb/aula-3/workspace/install/ign_ros2_control_demos/share/ign_ros2_control_demos//urdf/test_cart_velocity.xacro.urdf
[1.262s] -- Up-to-date: /home/maycon/repositorios/tac-unb/aula-3/workspace/install/ign_ros2_control_demos/share/ign_ros2_control_demos//urdf/test_gripper_mimic_joint.xacro.urdf
[1.263s] -- Up-to-date: /home/maycon/repositorios/tac-unb/aula-3/workspace/install/ign_ros2_control_demos/share/ign_ros2_control_demos//urdf/test_pendulum_position.xacro.urdf
[1.263s] -- Up-to-date: /home/maycon/repositorios/tac-unb/aula-3/workspace/install/ign_ros2_control_demos/share/ign_ros2_control_demos//urdf/test_tricycle_drive.xacro.urdf
[1.263s] -- Up-to-date: /home/maycon/repositorios/tac-unb/aula-3/workspace/install/ign_ros2_control_demos/share/ign_ros2_control_demos//urdf/test_cart_effort.xacro.urdf
[1.263s] -- Up-to-date: /home/maycon/repositorios/tac-unb/aula-3/workspace/install/ign_ros2_control_demos/share/ign_ros2_control_demos//urdf/test_pendulum_effort.xacro.urdf
[1.263s] -- Up-to-date: /home/maycon/repositorios/tac-unb/aula-3/workspace/install/ign_ros2_control_demos/share/ign_ros2_control_demos//urdf/test_cart_position.xacro.urdf
[1.263s] -- Up-to-date: /home/maycon/repositorios/tac-unb/aula-3/workspace/install/ign_ros2_control_demos/lib/ign_ros2_control_demos/example_position
[1.263s] -- Up-to-date: /home/maycon/repositorios/tac-unb/aula-3/workspace/install/ign_ros2_control_demos/lib/ign_ros2_control_demos/example_velocity
[1.264s] -- Up-to-date: /home/maycon/repositorios/tac-unb/aula-3/workspace/install/ign_ros2_control_demos/lib/ign_ros2_control_demos/example_effort
[1.265s] -- Up-to-date: /home/maycon/repositorios/tac-unb/aula-3/workspace/install/ign_ros2_control_demos/lib/ign_ros2_control_demos/example_diff_drive
[1.266s] -- Up-to-date: /home/maycon/repositorios/tac-unb/aula-3/workspace/install/ign_ros2_control_demos/lib/ign_ros2_control_demos/example_tricycle_drive
[1.267s] -- Up-to-date: /home/maycon/repositorios/tac-unb/aula-3/workspace/install/ign_ros2_control_demos/lib/ign_ros2_control_demos/example_gripper
[1.268s] -- Up-to-date: /home/maycon/repositorios/tac-unb/aula-3/workspace/install/ign_ros2_control_demos/share/ament_index/resource_index/package_run_dependencies/ign_ros2_control_demos
[1.269s] -- Up-to-date: /home/maycon/repositorios/tac-unb/aula-3/workspace/install/ign_ros2_control_demos/share/ament_index/resource_index/parent_prefix_path/ign_ros2_control_demos
[1.271s] -- Up-to-date: /home/maycon/repositorios/tac-unb/aula-3/workspace/install/ign_ros2_control_demos/share/ign_ros2_control_demos/environment/ament_prefix_path.sh
[1.271s] -- Up-to-date: /home/maycon/repositorios/tac-unb/aula-3/workspace/install/ign_ros2_control_demos/share/ign_ros2_control_demos/environment/ament_prefix_path.dsv
[1.271s] -- Up-to-date: /home/maycon/repositorios/tac-unb/aula-3/workspace/install/ign_ros2_control_demos/share/ign_ros2_control_demos/environment/path.sh
[1.272s] -- Up-to-date: /home/maycon/repositorios/tac-unb/aula-3/workspace/install/ign_ros2_control_demos/share/ign_ros2_control_demos/environment/path.dsv
[1.272s] -- Up-to-date: /home/maycon/repositorios/tac-unb/aula-3/workspace/install/ign_ros2_control_demos/share/ign_ros2_control_demos/local_setup.bash
[1.272s] -- Up-to-date: /home/maycon/repositorios/tac-unb/aula-3/workspace/install/ign_ros2_control_demos/share/ign_ros2_control_demos/local_setup.sh
[1.272s] -- Up-to-date: /home/maycon/repositorios/tac-unb/aula-3/workspace/install/ign_ros2_control_demos/share/ign_ros2_control_demos/local_setup.zsh
[1.272s] -- Up-to-date: /home/maycon/repositorios/tac-unb/aula-3/workspace/install/ign_ros2_control_demos/share/ign_ros2_control_demos/local_setup.dsv
[1.272s] -- Installing: /home/maycon/repositorios/tac-unb/aula-3/workspace/install/ign_ros2_control_demos/share/ign_ros2_control_demos/package.dsv
[1.273s] -- Up-to-date: /home/maycon/repositorios/tac-unb/aula-3/workspace/install/ign_ros2_control_demos/share/ament_index/resource_index/packages/ign_ros2_control_demos
[1.274s] -- Up-to-date: /home/maycon/repositorios/tac-unb/aula-3/workspace/install/ign_ros2_control_demos/share/ign_ros2_control_demos/cmake/ign_ros2_control_demosConfig.cmake
[1.275s] -- Up-to-date: /home/maycon/repositorios/tac-unb/aula-3/workspace/install/ign_ros2_control_demos/share/ign_ros2_control_demos/cmake/ign_ros2_control_demosConfig-version.cmake
[1.275s] -- Up-to-date: /home/maycon/repositorios/tac-unb/aula-3/workspace/install/ign_ros2_control_demos/share/ign_ros2_control_demos/package.xml
[1.282s] Invoked command in '/home/maycon/repositorios/tac-unb/aula-3/workspace/build/ign_ros2_control_demos' returned '0': CMAKE_PREFIX_PATH=/home/maycon/repositorios/tac-unb/aula-3/workspace/install/ign_ros2_control:/home/maycon/repositorios/tac-unb/aula-3/workspace/install/ign_ros2_control_demos:/home/maycon/repositorios/tac-unb/aula-3/workspace/install/gz_ros2_control_tests:/home/maycon/repositorios/tac-unb/aula-3/workspace/install/square_package:/home/maycon/repositorios/tac-unb/aula-3/workspace/install/package:/home/maycon/repositorios/tac-unb/aula-3/workspace/install/explore_pkg:/home/maycon/repositorios/tac-unb/aula-3/workspace/install/circle_package:/opt/ros/humble /usr/bin/cmake --install /home/maycon/repositorios/tac-unb/aula-3/workspace/build/ign_ros2_control_demos
