[0.070s] Invoking command in '/home/maycon/repositorios/tac-unb/aula-3/workspace/build/ign_ros2_control_demos': CMAKE_PREFIX_PATH=/home/maycon/repositorios/tac-unb/aula-3/workspace/install/ign_ros2_control:/home/maycon/repositorios/tac-unb/aula-3/workspace/install/ign_ros2_control_demos:/home/maycon/repositorios/tac-unb/aula-3/workspace/install/gz_ros2_control_tests:/home/maycon/repositorios/tac-unb/aula-3/workspace/install/square_package:/home/maycon/repositorios/tac-unb/aula-3/workspace/install/package:/home/maycon/repositorios/tac-unb/aula-3/workspace/install/explore_pkg:/home/maycon/repositorios/tac-unb/aula-3/workspace/install/circle_package:/opt/ros/humble /usr/bin/cmake --build /home/maycon/repositorios/tac-unb/aula-3/workspace/build/ign_ros2_control_demos -- -j8 -l8
[0.795s] [ 16%] Built target example_position
[1.313s] [ 33%] Built target example_gripper
[1.542s] [ 50%] Built target example_tricycle_drive
[1.897s] [ 66%] Built target example_diff_drive
[2.254s] [ 83%] Built target example_effort
[2.347s] [100%] Built target example_velocity
[2.367s] Invoked command in '/home/maycon/repositorios/tac-unb/aula-3/workspace/build/ign_ros2_control_demos' returned '0': CMAKE_PREFIX_PATH=/home/maycon/repositorios/tac-unb/aula-3/workspace/install/ign_ros2_control:/home/maycon/repositorios/tac-unb/aula-3/workspace/install/ign_ros2_control_demos:/home/maycon/repositorios/tac-unb/aula-3/workspace/install/gz_ros2_control_tests:/home/maycon/repositorios/tac-unb/aula-3/workspace/install/square_package:/home/maycon/repositorios/tac-unb/aula-3/workspace/install/package:/home/maycon/repositorios/tac-unb/aula-3/workspace/install/explore_pkg:/home/maycon/repositorios/tac-unb/aula-3/workspace/install/circle_package:/opt/ros/humble /usr/bin/cmake --build /home/maycon/repositorios/tac-unb/aula-3/workspace/build/ign_ros2_control_demos -- -j8 -l8
[2.490s] Invoking command in '/home/maycon/repositorios/tac-unb/aula-3/workspace/build/ign_ros2_control_demos': CMAKE_PREFIX_PATH=/home/maycon/repositorios/tac-unb/aula-3/workspace/install/ign_ros2_control:/home/maycon/repositorios/tac-unb/aula-3/workspace/install/ign_ros2_control_demos:/home/maycon/repositorios/tac-unb/aula-3/workspace/install/gz_ros2_control_tests:/home/maycon/repositorios/tac-unb/aula-3/workspace/install/square_package:/home/maycon/repositorios/tac-unb/aula-3/workspace/install/package:/home/maycon/repositorios/tac-unb/aula-3/workspace/install/explore_pkg:/home/maycon/repositorios/tac-unb/aula-3/workspace/install/circle_package:/opt/ros/humble /usr/bin/cmake --install /home/maycon/repositorios/tac-unb/aula-3/workspace/build/ign_ros2_control_demos
[2.526s] -- Install configuration: ""
[2.535s] -- Up-to-date: /home/maycon/repositorios/tac-unb/aula-3/workspace/install/ign_ros2_control_demos/share/ign_ros2_control_demos//launch
[2.535s] -- Up-to-date: /home/maycon/repositorios/tac-unb/aula-3/workspace/install/ign_ros2_control_demos/share/ign_ros2_control_demos//launch/pendulum_example_effort.launch.py
[2.535s] -- Up-to-date: /home/maycon/repositorios/tac-unb/aula-3/workspace/install/ign_ros2_control_demos/share/ign_ros2_control_demos//launch/cart_example_position.launch.py
[2.536s] -- Up-to-date: /home/maycon/repositorios/tac-unb/aula-3/workspace/install/ign_ros2_control_demos/share/ign_ros2_control_demos//launch/cart_example_effort.launch.py
[2.536s] -- Up-to-date: /home/maycon/repositorios/tac-unb/aula-3/workspace/install/ign_ros2_control_demos/share/ign_ros2_control_demos//launch/gripper_mimic_joint_example.launch.py
[2.536s] -- Up-to-date: /home/maycon/repositorios/tac-unb/aula-3/workspace/install/ign_ros2_control_demos/share/ign_ros2_control_demos//launch/diff_drive_example.launch.py
[2.536s] -- Up-to-date: /home/maycon/repositorios/tac-unb/aula-3/workspace/install/ign_ros2_control_demos/share/ign_ros2_control_demos//launch/pendulum_example_position.launch.py
[2.536s] -- Up-to-date: /home/maycon/repositorios/tac-unb/aula-3/workspace/install/ign_ros2_control_demos/share/ign_ros2_control_demos//launch/tricycle_drive_example.launch.py
[2.536s] -- Up-to-date: /home/maycon/repositorios/tac-unb/aula-3/workspace/install/ign_ros2_control_demos/share/ign_ros2_control_demos//launch/cart_example_velocity.launch.py
[2.536s] -- Up-to-date: /home/maycon/repositorios/tac-unb/aula-3/workspace/install/ign_ros2_control_demos/share/ign_ros2_control_demos//config
[2.536s] -- Up-to-date: /home/maycon/repositorios/tac-unb/aula-3/workspace/install/ign_ros2_control_demos/share/ign_ros2_control_demos//config/tricycle_drive_controller.yaml
[2.536s] -- Up-to-date: /home/maycon/repositorios/tac-unb/aula-3/workspace/install/ign_ros2_control_demos/share/ign_ros2_control_demos//config/gripper_controller.yaml
[2.537s] -- Up-to-date: /home/maycon/repositorios/tac-unb/aula-3/workspace/install/ign_ros2_control_demos/share/ign_ros2_control_demos//config/cart_controller_position.yaml
[2.537s] -- Up-to-date: /home/maycon/repositorios/tac-unb/aula-3/workspace/install/ign_ros2_control_demos/share/ign_ros2_control_demos//config/cart_controller_velocity.yaml
[2.537s] -- Up-to-date: /home/maycon/repositorios/tac-unb/aula-3/workspace/install/ign_ros2_control_demos/share/ign_ros2_control_demos//config/diff_drive_controller_velocity.yaml
[2.537s] -- Up-to-date: /home/maycon/repositorios/tac-unb/aula-3/workspace/install/ign_ros2_control_demos/share/ign_ros2_control_demos//config/cart_controller_effort.yaml
[2.537s] -- Up-to-date: /home/maycon/repositorios/tac-unb/aula-3/workspace/install/ign_ros2_control_demos/share/ign_ros2_control_demos//urdf
[2.537s] -- Up-to-date: /home/maycon/repositorios/tac-unb/aula-3/workspace/install/ign_ros2_control_demos/share/ign_ros2_control_demos//urdf/test_diff_drive.xacro.urdf
[2.538s] -- Up-to-date: /home/maycon/repositorios/tac-unb/aula-3/workspace/install/ign_ros2_control_demos/share/ign_ros2_control_demos//urdf/test_cart_velocity.xacro.urdf
[2.538s] -- Up-to-date: /home/maycon/repositorios/tac-unb/aula-3/workspace/install/ign_ros2_control_demos/share/ign_ros2_control_demos//urdf/test_gripper_mimic_joint.xacro.urdf
[2.538s] -- Up-to-date: /home/maycon/repositorios/tac-unb/aula-3/workspace/install/ign_ros2_control_demos/share/ign_ros2_control_demos//urdf/test_pendulum_position.xacro.urdf
[2.538s] -- Up-to-date: /home/maycon/repositorios/tac-unb/aula-3/workspace/install/ign_ros2_control_demos/share/ign_ros2_control_demos//urdf/test_tricycle_drive.xacro.urdf
[2.538s] -- Up-to-date: /home/maycon/repositorios/tac-unb/aula-3/workspace/install/ign_ros2_control_demos/share/ign_ros2_control_demos//urdf/test_cart_effort.xacro.urdf
[2.538s] -- Up-to-date: /home/maycon/repositorios/tac-unb/aula-3/workspace/install/ign_ros2_control_demos/share/ign_ros2_control_demos//urdf/test_pendulum_effort.xacro.urdf
[2.539s] -- Up-to-date: /home/maycon/repositorios/tac-unb/aula-3/workspace/install/ign_ros2_control_demos/share/ign_ros2_control_demos//urdf/test_cart_position.xacro.urdf
[2.539s] -- Up-to-date: /home/maycon/repositorios/tac-unb/aula-3/workspace/install/ign_ros2_control_demos/lib/ign_ros2_control_demos/example_position
[2.540s] -- Up-to-date: /home/maycon/repositorios/tac-unb/aula-3/workspace/install/ign_ros2_control_demos/lib/ign_ros2_control_demos/example_velocity
[2.542s] -- Up-to-date: /home/maycon/repositorios/tac-unb/aula-3/workspace/install/ign_ros2_control_demos/lib/ign_ros2_control_demos/example_effort
[2.543s] -- Up-to-date: /home/maycon/repositorios/tac-unb/aula-3/workspace/install/ign_ros2_control_demos/lib/ign_ros2_control_demos/example_diff_drive
[2.546s] -- Up-to-date: /home/maycon/repositorios/tac-unb/aula-3/workspace/install/ign_ros2_control_demos/lib/ign_ros2_control_demos/example_tricycle_drive
[2.548s] -- Up-to-date: /home/maycon/repositorios/tac-unb/aula-3/workspace/install/ign_ros2_control_demos/lib/ign_ros2_control_demos/example_gripper
[2.552s] -- Up-to-date: /home/maycon/repositorios/tac-unb/aula-3/workspace/install/ign_ros2_control_demos/share/ament_index/resource_index/package_run_dependencies/ign_ros2_control_demos
[2.553s] -- Up-to-date: /home/maycon/repositorios/tac-unb/aula-3/workspace/install/ign_ros2_control_demos/share/ament_index/resource_index/parent_prefix_path/ign_ros2_control_demos
[2.557s] -- Up-to-date: /home/maycon/repositorios/tac-unb/aula-3/workspace/install/ign_ros2_control_demos/share/ign_ros2_control_demos/environment/ament_prefix_path.sh
[2.558s] -- Up-to-date: /home/maycon/repositorios/tac-unb/aula-3/workspace/install/ign_ros2_control_demos/share/ign_ros2_control_demos/environment/ament_prefix_path.dsv
[2.558s] -- Up-to-date: /home/maycon/repositorios/tac-unb/aula-3/workspace/install/ign_ros2_control_demos/share/ign_ros2_control_demos/environment/path.sh
[2.558s] -- Up-to-date: /home/maycon/repositorios/tac-unb/aula-3/workspace/install/ign_ros2_control_demos/share/ign_ros2_control_demos/environment/path.dsv
[2.559s] -- Up-to-date: /home/maycon/repositorios/tac-unb/aula-3/workspace/install/ign_ros2_control_demos/share/ign_ros2_control_demos/local_setup.bash
[2.559s] -- Up-to-date: /home/maycon/repositorios/tac-unb/aula-3/workspace/install/ign_ros2_control_demos/share/ign_ros2_control_demos/local_setup.sh
[2.559s] -- Up-to-date: /home/maycon/repositorios/tac-unb/aula-3/workspace/install/ign_ros2_control_demos/share/ign_ros2_control_demos/local_setup.zsh
[2.559s] -- Up-to-date: /home/maycon/repositorios/tac-unb/aula-3/workspace/install/ign_ros2_control_demos/share/ign_ros2_control_demos/local_setup.dsv
[2.559s] -- Installing: /home/maycon/repositorios/tac-unb/aula-3/workspace/install/ign_ros2_control_demos/share/ign_ros2_control_demos/package.dsv
[2.562s] -- Up-to-date: /home/maycon/repositorios/tac-unb/aula-3/workspace/install/ign_ros2_control_demos/share/ament_index/resource_index/packages/ign_ros2_control_demos
[2.563s] -- Up-to-date: /home/maycon/repositorios/tac-unb/aula-3/workspace/install/ign_ros2_control_demos/share/ign_ros2_control_demos/cmake/ign_ros2_control_demosConfig.cmake
[2.563s] -- Up-to-date: /home/maycon/repositorios/tac-unb/aula-3/workspace/install/ign_ros2_control_demos/share/ign_ros2_control_demos/cmake/ign_ros2_control_demosConfig-version.cmake
[2.565s] -- Up-to-date: /home/maycon/repositorios/tac-unb/aula-3/workspace/install/ign_ros2_control_demos/share/ign_ros2_control_demos/package.xml
[2.574s] Invoked command in '/home/maycon/repositorios/tac-unb/aula-3/workspace/build/ign_ros2_control_demos' returned '0': CMAKE_PREFIX_PATH=/home/maycon/repositorios/tac-unb/aula-3/workspace/install/ign_ros2_control:/home/maycon/repositorios/tac-unb/aula-3/workspace/install/ign_ros2_control_demos:/home/maycon/repositorios/tac-unb/aula-3/workspace/install/gz_ros2_control_tests:/home/maycon/repositorios/tac-unb/aula-3/workspace/install/square_package:/home/maycon/repositorios/tac-unb/aula-3/workspace/install/package:/home/maycon/repositorios/tac-unb/aula-3/workspace/install/explore_pkg:/home/maycon/repositorios/tac-unb/aula-3/workspace/install/circle_package:/opt/ros/humble /usr/bin/cmake --install /home/maycon/repositorios/tac-unb/aula-3/workspace/build/ign_ros2_control_demos
