[4.982s] Invoking command in '/home/maycon/repositorios/tac-unb/aula-3/workspace/src/explore_pkg': PYTHONPATH=/home/maycon/repositorios/tac-unb/aula-3/workspace/build/explore_pkg/prefix_override:/home/maycon/repositorios/tac-unb/aula-3/workspace/install/explore_pkg/lib/python3.10/site-packages:${PYTHONPATH} /usr/bin/python3 -W ignore:setup.py install is deprecated setup.py egg_info --egg-base ../../build/explore_pkg build --build-base /home/maycon/repositorios/tac-unb/aula-3/workspace/build/explore_pkg/build install --record /home/maycon/repositorios/tac-unb/aula-3/workspace/build/explore_pkg/install.log --single-version-externally-managed install_data
[5.974s] running egg_info
[5.977s] writing ../../build/explore_pkg/explore_pkg.egg-info/PKG-INFO
[5.979s] writing dependency_links to ../../build/explore_pkg/explore_pkg.egg-info/dependency_links.txt
[5.979s] writing entry points to ../../build/explore_pkg/explore_pkg.egg-info/entry_points.txt
[5.979s] writing requirements to ../../build/explore_pkg/explore_pkg.egg-info/requires.txt
[5.979s] writing top-level names to ../../build/explore_pkg/explore_pkg.egg-info/top_level.txt
[5.986s] reading manifest file '../../build/explore_pkg/explore_pkg.egg-info/SOURCES.txt'
[5.991s] writing manifest file '../../build/explore_pkg/explore_pkg.egg-info/SOURCES.txt'
[5.991s] running build
[5.992s] running build_py
[5.997s] running install
[5.998s] running install_lib
[6.008s] running install_data
[6.009s] running install_egg_info
[6.010s] removing '/home/maycon/repositorios/tac-unb/aula-3/workspace/install/explore_pkg/lib/python3.10/site-packages/explore_pkg-0.0.0-py3.10.egg-info' (and everything under it)
[6.012s] Copying ../../build/explore_pkg/explore_pkg.egg-info to /home/maycon/repositorios/tac-unb/aula-3/workspace/install/explore_pkg/lib/python3.10/site-packages/explore_pkg-0.0.0-py3.10.egg-info
[6.022s] running install_scripts
[6.173s] Installing explore script to /home/maycon/repositorios/tac-unb/aula-3/workspace/install/explore_pkg/lib/explore_pkg
[6.176s] writing list of installed files to '/home/maycon/repositorios/tac-unb/aula-3/workspace/build/explore_pkg/install.log'
[6.302s] Invoked command in '/home/maycon/repositorios/tac-unb/aula-3/workspace/src/explore_pkg' returned '0': PYTHONPATH=/home/maycon/repositorios/tac-unb/aula-3/workspace/build/explore_pkg/prefix_override:/home/maycon/repositorios/tac-unb/aula-3/workspace/install/explore_pkg/lib/python3.10/site-packages:${PYTHONPATH} /usr/bin/python3 -W ignore:setup.py install is deprecated setup.py egg_info --egg-base ../../build/explore_pkg build --build-base /home/maycon/repositorios/tac-unb/aula-3/workspace/build/explore_pkg/build install --record /home/maycon/repositorios/tac-unb/aula-3/workspace/build/explore_pkg/install.log --single-version-externally-managed install_data
