[3.763s] Invoking command in '/home/maycon/repositorios/tac-unb/aula-3/workspace/src/square_package': PYTHONPATH=/home/maycon/repositorios/tac-unb/aula-3/workspace/build/square_package/prefix_override:/home/maycon/repositorios/tac-unb/aula-3/workspace/install/square_package/lib/python3.10/site-packages:${PYTHONPATH} /usr/bin/python3 -W ignore:setup.py install is deprecated setup.py egg_info --egg-base ../../build/square_package build --build-base /home/maycon/repositorios/tac-unb/aula-3/workspace/build/square_package/build install --record /home/maycon/repositorios/tac-unb/aula-3/workspace/build/square_package/install.log --single-version-externally-managed install_data
[4.499s] running egg_info
[4.500s] writing ../../build/square_package/square_package.egg-info/PKG-INFO
[4.505s] writing dependency_links to ../../build/square_package/square_package.egg-info/dependency_links.txt
[4.505s] writing entry points to ../../build/square_package/square_package.egg-info/entry_points.txt
[4.505s] writing requirements to ../../build/square_package/square_package.egg-info/requires.txt
[4.505s] writing top-level names to ../../build/square_package/square_package.egg-info/top_level.txt
[4.508s] reading manifest file '../../build/square_package/square_package.egg-info/SOURCES.txt'
[4.510s] writing manifest file '../../build/square_package/square_package.egg-info/SOURCES.txt'
[4.511s] running build
[4.511s] running build_py
[4.513s] running install
[4.515s] running install_lib
[4.526s] running install_data
[4.527s] running install_egg_info
[4.531s] removing '/home/maycon/repositorios/tac-unb/aula-3/workspace/install/square_package/lib/python3.10/site-packages/square_package-0.0.0-py3.10.egg-info' (and everything under it)
[4.532s] Copying ../../build/square_package/square_package.egg-info to /home/maycon/repositorios/tac-unb/aula-3/workspace/install/square_package/lib/python3.10/site-packages/square_package-0.0.0-py3.10.egg-info
[4.534s] running install_scripts
[4.607s] Installing square script to /home/maycon/repositorios/tac-unb/aula-3/workspace/install/square_package/lib/square_package
[4.608s] writing list of installed files to '/home/maycon/repositorios/tac-unb/aula-3/workspace/build/square_package/install.log'
[4.677s] Invoked command in '/home/maycon/repositorios/tac-unb/aula-3/workspace/src/square_package' returned '0': PYTHONPATH=/home/maycon/repositorios/tac-unb/aula-3/workspace/build/square_package/prefix_override:/home/maycon/repositorios/tac-unb/aula-3/workspace/install/square_package/lib/python3.10/site-packages:${PYTHONPATH} /usr/bin/python3 -W ignore:setup.py install is deprecated setup.py egg_info --egg-base ../../build/square_package build --build-base /home/maycon/repositorios/tac-unb/aula-3/workspace/build/square_package/build install --record /home/maycon/repositorios/tac-unb/aula-3/workspace/build/square_package/install.log --single-version-externally-managed install_data
