[0.912s] Invoking command in '/home/maycon/repositorios/tac-unb/aula-3/workspace/src/square_package': PYTHONPATH=/home/maycon/repositorios/tac-unb/aula-3/workspace/build/square_package/prefix_override:/home/maycon/repositorios/tac-unb/aula-3/workspace/install/square_package/lib/python3.10/site-packages:${PYTHONPATH} /usr/bin/python3 -W ignore:setup.py install is deprecated setup.py egg_info --egg-base ../../build/square_package build --build-base /home/maycon/repositorios/tac-unb/aula-3/workspace/build/square_package/build install --record /home/maycon/repositorios/tac-unb/aula-3/workspace/build/square_package/install.log --single-version-externally-managed install_data
[1.081s] running egg_info
[1.081s] writing ../../build/square_package/square_package.egg-info/PKG-INFO
[1.081s] writing dependency_links to ../../build/square_package/square_package.egg-info/dependency_links.txt
[1.082s] writing entry points to ../../build/square_package/square_package.egg-info/entry_points.txt
[1.082s] writing requirements to ../../build/square_package/square_package.egg-info/requires.txt
[1.082s] writing top-level names to ../../build/square_package/square_package.egg-info/top_level.txt
[1.083s] reading manifest file '../../build/square_package/square_package.egg-info/SOURCES.txt'
[1.084s] writing manifest file '../../build/square_package/square_package.egg-info/SOURCES.txt'
[1.084s] running build
[1.085s] running build_py
[1.085s] running install
[1.085s] running install_lib
[1.086s] running install_data
[1.086s] running install_egg_info
[1.087s] removing '/home/maycon/repositorios/tac-unb/aula-3/workspace/install/square_package/lib/python3.10/site-packages/square_package-0.0.0-py3.10.egg-info' (and everything under it)
[1.087s] Copying ../../build/square_package/square_package.egg-info to /home/maycon/repositorios/tac-unb/aula-3/workspace/install/square_package/lib/python3.10/site-packages/square_package-0.0.0-py3.10.egg-info
[1.089s] running install_scripts
[1.104s] Installing square script to /home/maycon/repositorios/tac-unb/aula-3/workspace/install/square_package/lib/square_package
[1.104s] writing list of installed files to '/home/maycon/repositorios/tac-unb/aula-3/workspace/build/square_package/install.log'
[1.125s] Invoked command in '/home/maycon/repositorios/tac-unb/aula-3/workspace/src/square_package' returned '0': PYTHONPATH=/home/maycon/repositorios/tac-unb/aula-3/workspace/build/square_package/prefix_override:/home/maycon/repositorios/tac-unb/aula-3/workspace/install/square_package/lib/python3.10/site-packages:${PYTHONPATH} /usr/bin/python3 -W ignore:setup.py install is deprecated setup.py egg_info --egg-base ../../build/square_package build --build-base /home/maycon/repositorios/tac-unb/aula-3/workspace/build/square_package/build install --record /home/maycon/repositorios/tac-unb/aula-3/workspace/build/square_package/install.log --single-version-externally-managed install_data
