[3.511s] Invoking command in '/home/maycon/repositorios/tac-unb/aula-3/workspace/src/explore_pkg': PYTHONPATH=/home/maycon/repositorios/tac-unb/aula-3/workspace/build/explore_pkg/prefix_override:/home/maycon/repositorios/tac-unb/aula-3/workspace/install/explore_pkg/lib/python3.10/site-packages:${PYTHONPATH} /usr/bin/python3 -W ignore:setup.py install is deprecated setup.py egg_info --egg-base ../../build/explore_pkg build --build-base /home/maycon/repositorios/tac-unb/aula-3/workspace/build/explore_pkg/build install --record /home/maycon/repositorios/tac-unb/aula-3/workspace/build/explore_pkg/install.log --single-version-externally-managed install_data
[4.461s] running egg_info
[4.467s] writing ../../build/explore_pkg/explore_pkg.egg-info/PKG-INFO
[4.468s] writing dependency_links to ../../build/explore_pkg/explore_pkg.egg-info/dependency_links.txt
[4.468s] writing entry points to ../../build/explore_pkg/explore_pkg.egg-info/entry_points.txt
[4.468s] writing requirements to ../../build/explore_pkg/explore_pkg.egg-info/requires.txt
[4.468s] writing top-level names to ../../build/explore_pkg/explore_pkg.egg-info/top_level.txt
[4.473s] reading manifest file '../../build/explore_pkg/explore_pkg.egg-info/SOURCES.txt'
[4.476s] writing manifest file '../../build/explore_pkg/explore_pkg.egg-info/SOURCES.txt'
[4.476s] running build
[4.477s] running build_py
[4.477s] running install
[4.480s] running install_lib
[4.480s] running install_data
[4.481s] running install_egg_info
[4.485s] removing '/home/maycon/repositorios/tac-unb/aula-3/workspace/install/explore_pkg/lib/python3.10/site-packages/explore_pkg-0.0.0-py3.10.egg-info' (and everything under it)
[4.485s] Copying ../../build/explore_pkg/explore_pkg.egg-info to /home/maycon/repositorios/tac-unb/aula-3/workspace/install/explore_pkg/lib/python3.10/site-packages/explore_pkg-0.0.0-py3.10.egg-info
[4.487s] running install_scripts
[4.530s] Installing explore script to /home/maycon/repositorios/tac-unb/aula-3/workspace/install/explore_pkg/lib/explore_pkg
[4.531s] writing list of installed files to '/home/maycon/repositorios/tac-unb/aula-3/workspace/build/explore_pkg/install.log'
[4.583s] Invoked command in '/home/maycon/repositorios/tac-unb/aula-3/workspace/src/explore_pkg' returned '0': PYTHONPATH=/home/maycon/repositorios/tac-unb/aula-3/workspace/build/explore_pkg/prefix_override:/home/maycon/repositorios/tac-unb/aula-3/workspace/install/explore_pkg/lib/python3.10/site-packages:${PYTHONPATH} /usr/bin/python3 -W ignore:setup.py install is deprecated setup.py egg_info --egg-base ../../build/explore_pkg build --build-base /home/maycon/repositorios/tac-unb/aula-3/workspace/build/explore_pkg/build install --record /home/maycon/repositorios/tac-unb/aula-3/workspace/build/explore_pkg/install.log --single-version-externally-managed install_data
