[0.007s] Invoking command in '/home/maycon/repositorios/tac-unb/aula-3/workspace/build/ign_ros2_control_demos': CMAKE_PREFIX_PATH=/home/maycon/repositorios/tac-unb/aula-3/workspace/install/ign_ros2_control:/home/maycon/repositorios/tac-unb/aula-3/workspace/install/ign_ros2_control_demos:/home/maycon/repositorios/tac-unb/aula-3/workspace/install/gz_ros2_control_tests:/home/maycon/repositorios/tac-unb/aula-3/workspace/install/package:/opt/ros/humble /usr/bin/cmake /home/maycon/repositorios/tac-unb/aula-3/workspace/src/gz_ros2_control/ign_ros2_control_demos -DCMAKE_INSTALL_PREFIX=/home/maycon/repositorios/tac-unb/aula-3/workspace/install/ign_ros2_control_demos
[0.044s] -- The C compiler identification is GNU 11.4.0
[0.083s] -- The CXX compiler identification is GNU 11.4.0
[0.090s] -- Detecting C compiler ABI info
[0.140s] -- Detecting C compiler ABI info - done
[0.146s] -- Check for working C compiler: /usr/bin/cc - skipped
[0.146s] -- Detecting C compile features
[0.146s] -- Detecting C compile features - done
[0.149s] -- Detecting CXX compiler ABI info
[0.206s] -- Detecting CXX compiler ABI info - done
[0.216s] -- Check for working CXX compiler: /usr/bin/c++ - skipped
[0.216s] -- Detecting CXX compile features
[0.217s] -- Detecting CXX compile features - done
[0.219s] -- Found ament_cmake: 1.3.8 (/opt/ros/humble/share/ament_cmake/cmake)
[0.329s] -- Found Python3: /usr/bin/python3 (found version "3.10.12") found components: Interpreter 
[0.393s] -- Found control_msgs: 4.4.0 (/opt/ros/humble/share/control_msgs/cmake)
[0.420s] -- Found rosidl_generator_c: 3.1.5 (/opt/ros/humble/share/rosidl_generator_c/cmake)
[0.424s] -- Found rosidl_adapter: 3.1.5 (/opt/ros/humble/share/rosidl_adapter/cmake)
[0.430s] -- Found rosidl_generator_cpp: 3.1.5 (/opt/ros/humble/share/rosidl_generator_cpp/cmake)
[0.439s] -- Using all available rosidl_typesupport_c: rosidl_typesupport_fastrtps_c;rosidl_typesupport_introspection_c
[0.453s] -- Using all available rosidl_typesupport_cpp: rosidl_typesupport_fastrtps_cpp;rosidl_typesupport_introspection_cpp
[0.831s] -- Found rclcpp: 16.0.8 (/opt/ros/humble/share/rclcpp/cmake)
[0.871s] -- Found rmw_implementation_cmake: 6.1.1 (/opt/ros/humble/share/rmw_implementation_cmake/cmake)
[0.873s] -- Found rmw_fastrtps_cpp: 6.2.6 (/opt/ros/humble/share/rmw_fastrtps_cpp/cmake)
[0.948s] -- Found OpenSSL: /usr/lib/x86_64-linux-gnu/libcrypto.so (found version "3.0.2")  
[0.969s] -- Found FastRTPS: /opt/ros/humble/include  
[1.004s] -- Using RMW implementation 'rmw_fastrtps_cpp' as default
[1.012s] -- Looking for pthread.h
[1.065s] -- Looking for pthread.h - found
[1.065s] -- Performing Test CMAKE_HAVE_LIBC_PTHREAD
[1.118s] -- Performing Test CMAKE_HAVE_LIBC_PTHREAD - Success
[1.119s] -- Found Threads: TRUE  
[1.210s] -- Found rclcpp_action: 16.0.8 (/opt/ros/humble/share/rclcpp_action/cmake)
[1.235s] -- Found ament_cmake_gtest: 1.3.8 (/opt/ros/humble/share/ament_cmake_gtest/cmake)
[1.236s] -- Found ament_lint_auto: 0.12.10 (/opt/ros/humble/share/ament_lint_auto/cmake)
[1.292s] -- Added test 'copyright' to check source files copyright and LICENSE
[1.293s] -- Added test 'cppcheck' to perform static code analysis on C / C++ code
[1.293s] -- Configured cppcheck include dirs: 
[1.293s] -- Configured cppcheck exclude dirs and/or files: 
[1.294s] -- Added test 'cpplint' to check C / C++ code against the Google style
[1.294s] -- Configured cpplint exclude dirs and/or files: 
[1.295s] -- Added test 'flake8' to check Python code syntax and style conventions
[1.295s] -- Added test 'lint_cmake' to check CMake code style
[1.296s] -- Added test 'pep257' to check Python code against some of the docstring style conventions in PEP 257
[1.297s] -- Added test 'uncrustify' to check C / C++ code style
[1.297s] -- Configured uncrustify additional arguments: 
[1.297s] -- Added test 'xmllint' to check XML markup files
[1.298s] -- Configuring done
[1.315s] -- Generating done
[1.317s] -- Build files have been written to: /home/maycon/repositorios/tac-unb/aula-3/workspace/build/ign_ros2_control_demos
[1.325s] Invoked command in '/home/maycon/repositorios/tac-unb/aula-3/workspace/build/ign_ros2_control_demos' returned '0': CMAKE_PREFIX_PATH=/home/maycon/repositorios/tac-unb/aula-3/workspace/install/ign_ros2_control:/home/maycon/repositorios/tac-unb/aula-3/workspace/install/ign_ros2_control_demos:/home/maycon/repositorios/tac-unb/aula-3/workspace/install/gz_ros2_control_tests:/home/maycon/repositorios/tac-unb/aula-3/workspace/install/package:/opt/ros/humble /usr/bin/cmake /home/maycon/repositorios/tac-unb/aula-3/workspace/src/gz_ros2_control/ign_ros2_control_demos -DCMAKE_INSTALL_PREFIX=/home/maycon/repositorios/tac-unb/aula-3/workspace/install/ign_ros2_control_demos
[1.327s] Invoking command in '/home/maycon/repositorios/tac-unb/aula-3/workspace/build/ign_ros2_control_demos': CMAKE_PREFIX_PATH=/home/maycon/repositorios/tac-unb/aula-3/workspace/install/ign_ros2_control:/home/maycon/repositorios/tac-unb/aula-3/workspace/install/ign_ros2_control_demos:/home/maycon/repositorios/tac-unb/aula-3/workspace/install/gz_ros2_control_tests:/home/maycon/repositorios/tac-unb/aula-3/workspace/install/package:/opt/ros/humble /usr/bin/cmake --build /home/maycon/repositorios/tac-unb/aula-3/workspace/build/ign_ros2_control_demos -- -j8 -l8
[1.368s] [  8%] [32mBuilding CXX object CMakeFiles/example_position.dir/examples/example_position.cpp.o[0m
[1.368s] [ 25%] [32mBuilding CXX object CMakeFiles/example_velocity.dir/examples/example_velocity.cpp.o[0m
[1.369s] [ 25%] [32mBuilding CXX object CMakeFiles/example_tricycle_drive.dir/examples/example_tricycle_drive.cpp.o[0m
[1.370s] [ 41%] [32mBuilding CXX object CMakeFiles/example_gripper.dir/examples/example_gripper.cpp.o[0m
[1.370s] [ 41%] [32mBuilding CXX object CMakeFiles/example_diff_drive.dir/examples/example_diff_drive.cpp.o[0m
[1.370s] [ 50%] [32mBuilding CXX object CMakeFiles/example_effort.dir/examples/example_effort.cpp.o[0m
[5.611s] [ 58%] [32m[1mLinking CXX executable example_velocity[0m
[5.815s] [ 58%] Built target example_velocity
[6.256s] [ 66%] [32m[1mLinking CXX executable example_tricycle_drive[0m
[6.516s] [ 66%] Built target example_tricycle_drive
[6.645s] [ 75%] [32m[1mLinking CXX executable example_diff_drive[0m
[6.677s] [ 83%] [32m[1mLinking CXX executable example_effort[0m
[6.813s] [ 83%] Built target example_diff_drive
[6.845s] [ 83%] Built target example_effort
[6.945s] [ 91%] [32m[1mLinking CXX executable example_gripper[0m
[7.092s] [ 91%] Built target example_gripper
[7.197s] [100%] [32m[1mLinking CXX executable example_position[0m
[7.357s] [100%] Built target example_position
[7.366s] Invoked command in '/home/maycon/repositorios/tac-unb/aula-3/workspace/build/ign_ros2_control_demos' returned '0': CMAKE_PREFIX_PATH=/home/maycon/repositorios/tac-unb/aula-3/workspace/install/ign_ros2_control:/home/maycon/repositorios/tac-unb/aula-3/workspace/install/ign_ros2_control_demos:/home/maycon/repositorios/tac-unb/aula-3/workspace/install/gz_ros2_control_tests:/home/maycon/repositorios/tac-unb/aula-3/workspace/install/package:/opt/ros/humble /usr/bin/cmake --build /home/maycon/repositorios/tac-unb/aula-3/workspace/build/ign_ros2_control_demos -- -j8 -l8
[7.405s] Invoking command in '/home/maycon/repositorios/tac-unb/aula-3/workspace/build/ign_ros2_control_demos': CMAKE_PREFIX_PATH=/home/maycon/repositorios/tac-unb/aula-3/workspace/install/ign_ros2_control:/home/maycon/repositorios/tac-unb/aula-3/workspace/install/ign_ros2_control_demos:/home/maycon/repositorios/tac-unb/aula-3/workspace/install/gz_ros2_control_tests:/home/maycon/repositorios/tac-unb/aula-3/workspace/install/package:/opt/ros/humble /usr/bin/cmake --install /home/maycon/repositorios/tac-unb/aula-3/workspace/build/ign_ros2_control_demos
[7.412s] -- Install configuration: ""
[7.412s] -- Installing: /home/maycon/repositorios/tac-unb/aula-3/workspace/install/ign_ros2_control_demos/share/ign_ros2_control_demos//launch
[7.412s] -- Installing: /home/maycon/repositorios/tac-unb/aula-3/workspace/install/ign_ros2_control_demos/share/ign_ros2_control_demos//launch/pendulum_example_effort.launch.py
[7.412s] -- Installing: /home/maycon/repositorios/tac-unb/aula-3/workspace/install/ign_ros2_control_demos/share/ign_ros2_control_demos//launch/cart_example_position.launch.py
[7.412s] -- Installing: /home/maycon/repositorios/tac-unb/aula-3/workspace/install/ign_ros2_control_demos/share/ign_ros2_control_demos//launch/cart_example_effort.launch.py
[7.412s] -- Installing: /home/maycon/repositorios/tac-unb/aula-3/workspace/install/ign_ros2_control_demos/share/ign_ros2_control_demos//launch/gripper_mimic_joint_example.launch.py
[7.412s] -- Installing: /home/maycon/repositorios/tac-unb/aula-3/workspace/install/ign_ros2_control_demos/share/ign_ros2_control_demos//launch/diff_drive_example.launch.py
[7.412s] -- Installing: /home/maycon/repositorios/tac-unb/aula-3/workspace/install/ign_ros2_control_demos/share/ign_ros2_control_demos//launch/pendulum_example_position.launch.py
[7.412s] -- Installing: /home/maycon/repositorios/tac-unb/aula-3/workspace/install/ign_ros2_control_demos/share/ign_ros2_control_demos//launch/tricycle_drive_example.launch.py
[7.412s] -- Installing: /home/maycon/repositorios/tac-unb/aula-3/workspace/install/ign_ros2_control_demos/share/ign_ros2_control_demos//launch/cart_example_velocity.launch.py
[7.412s] -- Installing: /home/maycon/repositorios/tac-unb/aula-3/workspace/install/ign_ros2_control_demos/share/ign_ros2_control_demos//config
[7.412s] -- Installing: /home/maycon/repositorios/tac-unb/aula-3/workspace/install/ign_ros2_control_demos/share/ign_ros2_control_demos//config/tricycle_drive_controller.yaml
[7.412s] -- Installing: /home/maycon/repositorios/tac-unb/aula-3/workspace/install/ign_ros2_control_demos/share/ign_ros2_control_demos//config/gripper_controller.yaml
[7.412s] -- Installing: /home/maycon/repositorios/tac-unb/aula-3/workspace/install/ign_ros2_control_demos/share/ign_ros2_control_demos//config/cart_controller_position.yaml
[7.412s] -- Installing: /home/maycon/repositorios/tac-unb/aula-3/workspace/install/ign_ros2_control_demos/share/ign_ros2_control_demos//config/cart_controller_velocity.yaml
[7.412s] -- Installing: /home/maycon/repositorios/tac-unb/aula-3/workspace/install/ign_ros2_control_demos/share/ign_ros2_control_demos//config/diff_drive_controller_velocity.yaml
[7.412s] -- Installing: /home/maycon/repositorios/tac-unb/aula-3/workspace/install/ign_ros2_control_demos/share/ign_ros2_control_demos//config/cart_controller_effort.yaml
[7.412s] -- Installing: /home/maycon/repositorios/tac-unb/aula-3/workspace/install/ign_ros2_control_demos/share/ign_ros2_control_demos//urdf
[7.413s] -- Installing: /home/maycon/repositorios/tac-unb/aula-3/workspace/install/ign_ros2_control_demos/share/ign_ros2_control_demos//urdf/test_diff_drive.xacro.urdf
[7.413s] -- Installing: /home/maycon/repositorios/tac-unb/aula-3/workspace/install/ign_ros2_control_demos/share/ign_ros2_control_demos//urdf/test_cart_velocity.xacro.urdf
[7.413s] -- Installing: /home/maycon/repositorios/tac-unb/aula-3/workspace/install/ign_ros2_control_demos/share/ign_ros2_control_demos//urdf/test_gripper_mimic_joint.xacro.urdf
[7.413s] -- Installing: /home/maycon/repositorios/tac-unb/aula-3/workspace/install/ign_ros2_control_demos/share/ign_ros2_control_demos//urdf/test_pendulum_position.xacro.urdf
[7.413s] -- Installing: /home/maycon/repositorios/tac-unb/aula-3/workspace/install/ign_ros2_control_demos/share/ign_ros2_control_demos//urdf/test_tricycle_drive.xacro.urdf
[7.413s] -- Installing: /home/maycon/repositorios/tac-unb/aula-3/workspace/install/ign_ros2_control_demos/share/ign_ros2_control_demos//urdf/test_cart_effort.xacro.urdf
[7.413s] -- Installing: /home/maycon/repositorios/tac-unb/aula-3/workspace/install/ign_ros2_control_demos/share/ign_ros2_control_demos//urdf/test_pendulum_effort.xacro.urdf
[7.413s] -- Installing: /home/maycon/repositorios/tac-unb/aula-3/workspace/install/ign_ros2_control_demos/share/ign_ros2_control_demos//urdf/test_cart_position.xacro.urdf
[7.413s] -- Installing: /home/maycon/repositorios/tac-unb/aula-3/workspace/install/ign_ros2_control_demos/lib/ign_ros2_control_demos/example_position
[7.414s] -- Set runtime path of "/home/maycon/repositorios/tac-unb/aula-3/workspace/install/ign_ros2_control_demos/lib/ign_ros2_control_demos/example_position" to ""
[7.414s] -- Installing: /home/maycon/repositorios/tac-unb/aula-3/workspace/install/ign_ros2_control_demos/lib/ign_ros2_control_demos/example_velocity
[7.414s] -- Set runtime path of "/home/maycon/repositorios/tac-unb/aula-3/workspace/install/ign_ros2_control_demos/lib/ign_ros2_control_demos/example_velocity" to ""
[7.414s] -- Installing: /home/maycon/repositorios/tac-unb/aula-3/workspace/install/ign_ros2_control_demos/lib/ign_ros2_control_demos/example_effort
[7.415s] -- Set runtime path of "/home/maycon/repositorios/tac-unb/aula-3/workspace/install/ign_ros2_control_demos/lib/ign_ros2_control_demos/example_effort" to ""
[7.415s] -- Installing: /home/maycon/repositorios/tac-unb/aula-3/workspace/install/ign_ros2_control_demos/lib/ign_ros2_control_demos/example_diff_drive
[7.416s] -- Set runtime path of "/home/maycon/repositorios/tac-unb/aula-3/workspace/install/ign_ros2_control_demos/lib/ign_ros2_control_demos/example_diff_drive" to ""
[7.416s] -- Installing: /home/maycon/repositorios/tac-unb/aula-3/workspace/install/ign_ros2_control_demos/lib/ign_ros2_control_demos/example_tricycle_drive
[7.417s] -- Set runtime path of "/home/maycon/repositorios/tac-unb/aula-3/workspace/install/ign_ros2_control_demos/lib/ign_ros2_control_demos/example_tricycle_drive" to ""
[7.417s] -- Installing: /home/maycon/repositorios/tac-unb/aula-3/workspace/install/ign_ros2_control_demos/lib/ign_ros2_control_demos/example_gripper
[7.417s] -- Set runtime path of "/home/maycon/repositorios/tac-unb/aula-3/workspace/install/ign_ros2_control_demos/lib/ign_ros2_control_demos/example_gripper" to ""
[7.417s] -- Installing: /home/maycon/repositorios/tac-unb/aula-3/workspace/install/ign_ros2_control_demos/share/ament_index/resource_index/package_run_dependencies/ign_ros2_control_demos
[7.417s] -- Installing: /home/maycon/repositorios/tac-unb/aula-3/workspace/install/ign_ros2_control_demos/share/ament_index/resource_index/parent_prefix_path/ign_ros2_control_demos
[7.417s] -- Installing: /home/maycon/repositorios/tac-unb/aula-3/workspace/install/ign_ros2_control_demos/share/ign_ros2_control_demos/environment/ament_prefix_path.sh
[7.418s] -- Installing: /home/maycon/repositorios/tac-unb/aula-3/workspace/install/ign_ros2_control_demos/share/ign_ros2_control_demos/environment/ament_prefix_path.dsv
[7.418s] -- Installing: /home/maycon/repositorios/tac-unb/aula-3/workspace/install/ign_ros2_control_demos/share/ign_ros2_control_demos/environment/path.sh
[7.418s] -- Installing: /home/maycon/repositorios/tac-unb/aula-3/workspace/install/ign_ros2_control_demos/share/ign_ros2_control_demos/environment/path.dsv
[7.418s] -- Installing: /home/maycon/repositorios/tac-unb/aula-3/workspace/install/ign_ros2_control_demos/share/ign_ros2_control_demos/local_setup.bash
[7.418s] -- Installing: /home/maycon/repositorios/tac-unb/aula-3/workspace/install/ign_ros2_control_demos/share/ign_ros2_control_demos/local_setup.sh
[7.418s] -- Installing: /home/maycon/repositorios/tac-unb/aula-3/workspace/install/ign_ros2_control_demos/share/ign_ros2_control_demos/local_setup.zsh
[7.418s] -- Installing: /home/maycon/repositorios/tac-unb/aula-3/workspace/install/ign_ros2_control_demos/share/ign_ros2_control_demos/local_setup.dsv
[7.418s] -- Installing: /home/maycon/repositorios/tac-unb/aula-3/workspace/install/ign_ros2_control_demos/share/ign_ros2_control_demos/package.dsv
[7.418s] -- Installing: /home/maycon/repositorios/tac-unb/aula-3/workspace/install/ign_ros2_control_demos/share/ament_index/resource_index/packages/ign_ros2_control_demos
[7.418s] -- Installing: /home/maycon/repositorios/tac-unb/aula-3/workspace/install/ign_ros2_control_demos/share/ign_ros2_control_demos/cmake/ign_ros2_control_demosConfig.cmake
[7.418s] -- Installing: /home/maycon/repositorios/tac-unb/aula-3/workspace/install/ign_ros2_control_demos/share/ign_ros2_control_demos/cmake/ign_ros2_control_demosConfig-version.cmake
[7.418s] -- Installing: /home/maycon/repositorios/tac-unb/aula-3/workspace/install/ign_ros2_control_demos/share/ign_ros2_control_demos/package.xml
[7.420s] Invoked command in '/home/maycon/repositorios/tac-unb/aula-3/workspace/build/ign_ros2_control_demos' returned '0': CMAKE_PREFIX_PATH=/home/maycon/repositorios/tac-unb/aula-3/workspace/install/ign_ros2_control:/home/maycon/repositorios/tac-unb/aula-3/workspace/install/ign_ros2_control_demos:/home/maycon/repositorios/tac-unb/aula-3/workspace/install/gz_ros2_control_tests:/home/maycon/repositorios/tac-unb/aula-3/workspace/install/package:/opt/ros/humble /usr/bin/cmake --install /home/maycon/repositorios/tac-unb/aula-3/workspace/build/ign_ros2_control_demos
