[10.416s] Invoking command in '/home/maycon/repositorios/tac-unb/aula-3/workspace/src/square_package': PYTHONPATH=/home/maycon/repositorios/tac-unb/aula-3/workspace/build/square_package/prefix_override:/home/maycon/repositorios/tac-unb/aula-3/workspace/install/square_package/lib/python3.10/site-packages:${PYTHONPATH} /usr/bin/python3 -W ignore:setup.py install is deprecated setup.py egg_info --egg-base ../../build/square_package build --build-base /home/maycon/repositorios/tac-unb/aula-3/workspace/build/square_package/build install --record /home/maycon/repositorios/tac-unb/aula-3/workspace/build/square_package/install.log --single-version-externally-managed install_data
[11.823s] running egg_info
[11.823s] writing ../../build/square_package/square_package.egg-info/PKG-INFO
[11.824s] writing dependency_links to ../../build/square_package/square_package.egg-info/dependency_links.txt
[11.824s] writing entry points to ../../build/square_package/square_package.egg-info/entry_points.txt
[11.824s] writing requirements to ../../build/square_package/square_package.egg-info/requires.txt
[11.825s] writing top-level names to ../../build/square_package/square_package.egg-info/top_level.txt
[11.828s] reading manifest file '../../build/square_package/square_package.egg-info/SOURCES.txt'
[11.832s] writing manifest file '../../build/square_package/square_package.egg-info/SOURCES.txt'
[11.832s] running build
[11.832s] running build_py
[11.836s] running install
[11.840s] running install_lib
[11.850s] running install_data
[11.852s] running install_egg_info
[11.861s] removing '/home/maycon/repositorios/tac-unb/aula-3/workspace/install/square_package/lib/python3.10/site-packages/square_package-0.0.0-py3.10.egg-info' (and everything under it)
[11.861s] Copying ../../build/square_package/square_package.egg-info to /home/maycon/repositorios/tac-unb/aula-3/workspace/install/square_package/lib/python3.10/site-packages/square_package-0.0.0-py3.10.egg-info
[11.870s] running install_scripts
[12.001s] Installing square script to /home/maycon/repositorios/tac-unb/aula-3/workspace/install/square_package/lib/square_package
[12.006s] writing list of installed files to '/home/maycon/repositorios/tac-unb/aula-3/workspace/build/square_package/install.log'
[12.076s] Invoked command in '/home/maycon/repositorios/tac-unb/aula-3/workspace/src/square_package' returned '0': PYTHONPATH=/home/maycon/repositorios/tac-unb/aula-3/workspace/build/square_package/prefix_override:/home/maycon/repositorios/tac-unb/aula-3/workspace/install/square_package/lib/python3.10/site-packages:${PYTHONPATH} /usr/bin/python3 -W ignore:setup.py install is deprecated setup.py egg_info --egg-base ../../build/square_package build --build-base /home/maycon/repositorios/tac-unb/aula-3/workspace/build/square_package/build install --record /home/maycon/repositorios/tac-unb/aula-3/workspace/build/square_package/install.log --single-version-externally-managed install_data
