[4.957s] Invoking command in '/home/maycon/repositorios/tac-unb/aula-3/workspace/src/square_package': PYTHONPATH=/home/maycon/repositorios/tac-unb/aula-3/workspace/build/square_package/prefix_override:/home/maycon/repositorios/tac-unb/aula-3/workspace/install/square_package/lib/python3.10/site-packages:${PYTHONPATH} /usr/bin/python3 -W ignore:setup.py install is deprecated setup.py egg_info --egg-base ../../build/square_package build --build-base /home/maycon/repositorios/tac-unb/aula-3/workspace/build/square_package/build install --record /home/maycon/repositorios/tac-unb/aula-3/workspace/build/square_package/install.log --single-version-externally-managed install_data
[5.957s] running egg_info
[5.960s] writing ../../build/square_package/square_package.egg-info/PKG-INFO
[5.960s] writing dependency_links to ../../build/square_package/square_package.egg-info/dependency_links.txt
[5.961s] writing entry points to ../../build/square_package/square_package.egg-info/entry_points.txt
[5.962s] writing requirements to ../../build/square_package/square_package.egg-info/requires.txt
[5.962s] writing top-level names to ../../build/square_package/square_package.egg-info/top_level.txt
[5.969s] reading manifest file '../../build/square_package/square_package.egg-info/SOURCES.txt'
[5.971s] writing manifest file '../../build/square_package/square_package.egg-info/SOURCES.txt'
[5.972s] running build
[5.972s] running build_py
[5.975s] running install
[5.979s] running install_lib
[5.993s] running install_data
[5.993s] running install_egg_info
[5.994s] removing '/home/maycon/repositorios/tac-unb/aula-3/workspace/install/square_package/lib/python3.10/site-packages/square_package-0.0.0-py3.10.egg-info' (and everything under it)
[5.996s] Copying ../../build/square_package/square_package.egg-info to /home/maycon/repositorios/tac-unb/aula-3/workspace/install/square_package/lib/python3.10/site-packages/square_package-0.0.0-py3.10.egg-info
[6.006s] running install_scripts
[6.157s] Installing square script to /home/maycon/repositorios/tac-unb/aula-3/workspace/install/square_package/lib/square_package
[6.160s] writing list of installed files to '/home/maycon/repositorios/tac-unb/aula-3/workspace/build/square_package/install.log'
[6.236s] Invoked command in '/home/maycon/repositorios/tac-unb/aula-3/workspace/src/square_package' returned '0': PYTHONPATH=/home/maycon/repositorios/tac-unb/aula-3/workspace/build/square_package/prefix_override:/home/maycon/repositorios/tac-unb/aula-3/workspace/install/square_package/lib/python3.10/site-packages:${PYTHONPATH} /usr/bin/python3 -W ignore:setup.py install is deprecated setup.py egg_info --egg-base ../../build/square_package build --build-base /home/maycon/repositorios/tac-unb/aula-3/workspace/build/square_package/build install --record /home/maycon/repositorios/tac-unb/aula-3/workspace/build/square_package/install.log --single-version-externally-managed install_data
