[0.008s] Invoking command in '/home/maycon/repositorios/tac-unb/aula-2/ws/build/ign_ros2_control': /usr/bin/cmake /home/maycon/repositorios/tac-unb/aula-2/ws/src/gz_ros2_control/ign_ros2_control -DCMAKE_INSTALL_PREFIX=/home/maycon/repositorios/tac-unb/aula-2/ws/install/ign_ros2_control
[0.044s] -- The C compiler identification is GNU 11.4.0
[0.081s] -- The CXX compiler identification is GNU 11.4.0
[0.086s] -- Detecting C compiler ABI info
[0.132s] -- Detecting C compiler ABI info - done
[0.138s] -- Check for working C compiler: /usr/bin/cc - skipped
[0.138s] -- Detecting C compile features
[0.138s] -- Detecting C compile features - done
[0.140s] -- Detecting CXX compiler ABI info
[0.195s] -- Detecting CXX compiler ABI info - done
[0.200s] -- Check for working CXX compiler: /usr/bin/c++ - skipped
[0.200s] -- Detecting CXX compile features
[0.201s] -- Detecting CXX compile features - done
[0.208s] [31mCMake Error at CMakeLists.txt:19 (find_package):
[0.208s]   By not providing "Findament_cmake.cmake" in CMAKE_MODULE_PATH this project
[0.208s]   has asked CMake to find a package configuration file provided by
[0.208s]   "ament_cmake", but CMake did not find one.
[0.208s] 
[0.208s]   Could not find a package configuration file provided by "ament_cmake" with
[0.208s]   any of the following names:
[0.208s] 
[0.208s]     ament_cmakeConfig.cmake
[0.208s]     ament_cmake-config.cmake
[0.209s] 
[0.209s]   Add the installation prefix of "ament_cmake" to CMAKE_PREFIX_PATH or set
[0.209s]   "ament_cmake_DIR" to a directory containing one of the above files.  If
[0.209s]   "ament_cmake" provides a separate development package or SDK, be sure it
[0.209s]   has been installed.
[0.209s] 
[0.209s] [0m
[0.209s] -- Configuring incomplete, errors occurred!
[0.209s] See also "/home/maycon/repositorios/tac-unb/aula-2/ws/build/ign_ros2_control/CMakeFiles/CMakeOutput.log".
[0.210s] Invoked command in '/home/maycon/repositorios/tac-unb/aula-2/ws/build/ign_ros2_control' returned '1': /usr/bin/cmake /home/maycon/repositorios/tac-unb/aula-2/ws/src/gz_ros2_control/ign_ros2_control -DCMAKE_INSTALL_PREFIX=/home/maycon/repositorios/tac-unb/aula-2/ws/install/ign_ros2_control
