[10.432s] Invoking command in '/home/maycon/repositorios/tac-unb/aula-3/workspace/src/circle_package': PYTHONPATH=/home/maycon/repositorios/tac-unb/aula-3/workspace/build/circle_package/prefix_override:/home/maycon/repositorios/tac-unb/aula-3/workspace/install/circle_package/lib/python3.10/site-packages:${PYTHONPATH} /usr/bin/python3 -W ignore:setup.py install is deprecated setup.py egg_info --egg-base ../../build/circle_package build --build-base /home/maycon/repositorios/tac-unb/aula-3/workspace/build/circle_package/build install --record /home/maycon/repositorios/tac-unb/aula-3/workspace/build/circle_package/install.log --single-version-externally-managed install_data
[11.851s] running egg_info
[11.853s] writing ../../build/circle_package/circle_package.egg-info/PKG-INFO
[11.853s] writing dependency_links to ../../build/circle_package/circle_package.egg-info/dependency_links.txt
[11.853s] writing entry points to ../../build/circle_package/circle_package.egg-info/entry_points.txt
[11.853s] writing requirements to ../../build/circle_package/circle_package.egg-info/requires.txt
[11.853s] writing top-level names to ../../build/circle_package/circle_package.egg-info/top_level.txt
[11.859s] reading manifest file '../../build/circle_package/circle_package.egg-info/SOURCES.txt'
[11.863s] writing manifest file '../../build/circle_package/circle_package.egg-info/SOURCES.txt'
[11.864s] running build
[11.864s] running build_py
[11.868s] running install
[11.870s] running install_lib
[11.880s] running install_data
[11.882s] running install_egg_info
[11.891s] removing '/home/maycon/repositorios/tac-unb/aula-3/workspace/install/circle_package/lib/python3.10/site-packages/circle_package-0.0.0-py3.10.egg-info' (and everything under it)
[11.891s] Copying ../../build/circle_package/circle_package.egg-info to /home/maycon/repositorios/tac-unb/aula-3/workspace/install/circle_package/lib/python3.10/site-packages/circle_package-0.0.0-py3.10.egg-info
[11.892s] running install_scripts
[12.032s] Installing circle script to /home/maycon/repositorios/tac-unb/aula-3/workspace/install/circle_package/lib/circle_package
[12.036s] writing list of installed files to '/home/maycon/repositorios/tac-unb/aula-3/workspace/build/circle_package/install.log'
[12.155s] Invoked command in '/home/maycon/repositorios/tac-unb/aula-3/workspace/src/circle_package' returned '0': PYTHONPATH=/home/maycon/repositorios/tac-unb/aula-3/workspace/build/circle_package/prefix_override:/home/maycon/repositorios/tac-unb/aula-3/workspace/install/circle_package/lib/python3.10/site-packages:${PYTHONPATH} /usr/bin/python3 -W ignore:setup.py install is deprecated setup.py egg_info --egg-base ../../build/circle_package build --build-base /home/maycon/repositorios/tac-unb/aula-3/workspace/build/circle_package/build install --record /home/maycon/repositorios/tac-unb/aula-3/workspace/build/circle_package/install.log --single-version-externally-managed install_data
