[0.854s] Invoking command in '/home/maycon/repositorios/tac-unb/aula-3/workspace/src/square_package': PYTHONPATH=/home/maycon/repositorios/tac-unb/aula-3/workspace/build/square_package/prefix_override:/home/maycon/repositorios/tac-unb/aula-3/workspace/install/square_package/lib/python3.10/site-packages:${PYTHONPATH} /usr/bin/python3 -W ignore:setup.py install is deprecated setup.py egg_info --egg-base ../../build/square_package build --build-base /home/maycon/repositorios/tac-unb/aula-3/workspace/build/square_package/build install --record /home/maycon/repositorios/tac-unb/aula-3/workspace/build/square_package/install.log --single-version-externally-managed install_data
[1.019s] running egg_info
[1.020s] writing ../../build/square_package/square_package.egg-info/PKG-INFO
[1.020s] writing dependency_links to ../../build/square_package/square_package.egg-info/dependency_links.txt
[1.020s] writing entry points to ../../build/square_package/square_package.egg-info/entry_points.txt
[1.020s] writing requirements to ../../build/square_package/square_package.egg-info/requires.txt
[1.021s] writing top-level names to ../../build/square_package/square_package.egg-info/top_level.txt
[1.022s] reading manifest file '../../build/square_package/square_package.egg-info/SOURCES.txt'
[1.022s] writing manifest file '../../build/square_package/square_package.egg-info/SOURCES.txt'
[1.022s] running build
[1.023s] running build_py
[1.023s] running install
[1.023s] running install_lib
[1.024s] running install_data
[1.024s] running install_egg_info
[1.025s] removing '/home/maycon/repositorios/tac-unb/aula-3/workspace/install/square_package/lib/python3.10/site-packages/square_package-0.0.0-py3.10.egg-info' (and everything under it)
[1.025s] Copying ../../build/square_package/square_package.egg-info to /home/maycon/repositorios/tac-unb/aula-3/workspace/install/square_package/lib/python3.10/site-packages/square_package-0.0.0-py3.10.egg-info
[1.026s] running install_scripts
[1.042s] Installing square script to /home/maycon/repositorios/tac-unb/aula-3/workspace/install/square_package/lib/square_package
[1.043s] writing list of installed files to '/home/maycon/repositorios/tac-unb/aula-3/workspace/build/square_package/install.log'
[1.065s] Invoked command in '/home/maycon/repositorios/tac-unb/aula-3/workspace/src/square_package' returned '0': PYTHONPATH=/home/maycon/repositorios/tac-unb/aula-3/workspace/build/square_package/prefix_override:/home/maycon/repositorios/tac-unb/aula-3/workspace/install/square_package/lib/python3.10/site-packages:${PYTHONPATH} /usr/bin/python3 -W ignore:setup.py install is deprecated setup.py egg_info --egg-base ../../build/square_package build --build-base /home/maycon/repositorios/tac-unb/aula-3/workspace/build/square_package/build install --record /home/maycon/repositorios/tac-unb/aula-3/workspace/build/square_package/install.log --single-version-externally-managed install_data
