[0.013s] Invoking command in '/home/maycon/repositorios/tac-unb/aula-2/ws/build/ign_ros2_control': CMAKE_PREFIX_PATH=/opt/ros/humble /usr/bin/cmake --build /home/maycon/repositorios/tac-unb/aula-2/ws/build/ign_ros2_control -- -j8 -l8
[0.087s] [35m[1mConsolidate compiler generated dependencies of target ign_hardware_plugins[0m
[0.087s] [35m[1mConsolidate compiler generated dependencies of target ign_ros2_control-system[0m
[0.121s] [100%] Built target ign_hardware_plugins
[0.121s] [100%] Built target ign_ros2_control-system
[0.192s] Invoked command in '/home/maycon/repositorios/tac-unb/aula-2/ws/build/ign_ros2_control' returned '0': CMAKE_PREFIX_PATH=/opt/ros/humble /usr/bin/cmake --build /home/maycon/repositorios/tac-unb/aula-2/ws/build/ign_ros2_control -- -j8 -l8
[0.219s] Invoking command in '/home/maycon/repositorios/tac-unb/aula-2/ws/build/ign_ros2_control': CMAKE_PREFIX_PATH=/opt/ros/humble /usr/bin/cmake --install /home/maycon/repositorios/tac-unb/aula-2/ws/build/ign_ros2_control
[0.225s] -- Install configuration: ""
[0.225s] -- Up-to-date: /home/maycon/repositorios/tac-unb/aula-2/ws/install/ign_ros2_control/lib/libign_hardware_plugins.so
[0.226s] -- Up-to-date: /home/maycon/repositorios/tac-unb/aula-2/ws/install/ign_ros2_control/include
[0.226s] -- Up-to-date: /home/maycon/repositorios/tac-unb/aula-2/ws/install/ign_ros2_control/include/ign_ros2_control
[0.226s] -- Up-to-date: /home/maycon/repositorios/tac-unb/aula-2/ws/install/ign_ros2_control/include/ign_ros2_control/ign_ros2_control_plugin.hpp
[0.226s] -- Up-to-date: /home/maycon/repositorios/tac-unb/aula-2/ws/install/ign_ros2_control/include/ign_ros2_control/ign_system.hpp
[0.226s] -- Up-to-date: /home/maycon/repositorios/tac-unb/aula-2/ws/install/ign_ros2_control/include/ign_ros2_control/ign_system_interface.hpp
[0.226s] -- Up-to-date: /home/maycon/repositorios/tac-unb/aula-2/ws/install/ign_ros2_control/share/ign_ros2_control/environment/library_path.sh
[0.226s] -- Up-to-date: /home/maycon/repositorios/tac-unb/aula-2/ws/install/ign_ros2_control/share/ign_ros2_control/environment/library_path.dsv
[0.226s] -- Up-to-date: /home/maycon/repositorios/tac-unb/aula-2/ws/install/ign_ros2_control/lib/libign_ros2_control-system.so
[0.227s] -- Up-to-date: /home/maycon/repositorios/tac-unb/aula-2/ws/install/ign_ros2_control/share/ign_ros2_control/ign_hardware_plugins.xml
[0.227s] -- Up-to-date: /home/maycon/repositorios/tac-unb/aula-2/ws/install/ign_ros2_control/share/ament_index/resource_index/package_run_dependencies/ign_ros2_control
[0.227s] -- Up-to-date: /home/maycon/repositorios/tac-unb/aula-2/ws/install/ign_ros2_control/share/ament_index/resource_index/parent_prefix_path/ign_ros2_control
[0.227s] -- Up-to-date: /home/maycon/repositorios/tac-unb/aula-2/ws/install/ign_ros2_control/share/ign_ros2_control/environment/ament_prefix_path.sh
[0.227s] -- Up-to-date: /home/maycon/repositorios/tac-unb/aula-2/ws/install/ign_ros2_control/share/ign_ros2_control/environment/ament_prefix_path.dsv
[0.227s] -- Up-to-date: /home/maycon/repositorios/tac-unb/aula-2/ws/install/ign_ros2_control/share/ign_ros2_control/environment/path.sh
[0.227s] -- Up-to-date: /home/maycon/repositorios/tac-unb/aula-2/ws/install/ign_ros2_control/share/ign_ros2_control/environment/path.dsv
[0.227s] -- Up-to-date: /home/maycon/repositorios/tac-unb/aula-2/ws/install/ign_ros2_control/share/ign_ros2_control/local_setup.bash
[0.227s] -- Up-to-date: /home/maycon/repositorios/tac-unb/aula-2/ws/install/ign_ros2_control/share/ign_ros2_control/local_setup.sh
[0.228s] -- Up-to-date: /home/maycon/repositorios/tac-unb/aula-2/ws/install/ign_ros2_control/share/ign_ros2_control/local_setup.zsh
[0.228s] -- Up-to-date: /home/maycon/repositorios/tac-unb/aula-2/ws/install/ign_ros2_control/share/ign_ros2_control/local_setup.dsv
[0.228s] -- Installing: /home/maycon/repositorios/tac-unb/aula-2/ws/install/ign_ros2_control/share/ign_ros2_control/package.dsv
[0.228s] -- Up-to-date: /home/maycon/repositorios/tac-unb/aula-2/ws/install/ign_ros2_control/share/ament_index/resource_index/packages/ign_ros2_control
[0.228s] -- Up-to-date: /home/maycon/repositorios/tac-unb/aula-2/ws/install/ign_ros2_control/share/ament_index/resource_index/ign_ros2_control__pluginlib__plugin/ign_ros2_control
[0.228s] -- Up-to-date: /home/maycon/repositorios/tac-unb/aula-2/ws/install/ign_ros2_control/share/ign_ros2_control/cmake/ament_cmake_export_include_directories-extras.cmake
[0.228s] -- Up-to-date: /home/maycon/repositorios/tac-unb/aula-2/ws/install/ign_ros2_control/share/ign_ros2_control/cmake/ament_cmake_export_libraries-extras.cmake
[0.228s] -- Up-to-date: /home/maycon/repositorios/tac-unb/aula-2/ws/install/ign_ros2_control/share/ign_ros2_control/cmake/ign_ros2_controlConfig.cmake
[0.228s] -- Up-to-date: /home/maycon/repositorios/tac-unb/aula-2/ws/install/ign_ros2_control/share/ign_ros2_control/cmake/ign_ros2_controlConfig-version.cmake
[0.228s] -- Up-to-date: /home/maycon/repositorios/tac-unb/aula-2/ws/install/ign_ros2_control/share/ign_ros2_control/package.xml
[0.229s] Invoked command in '/home/maycon/repositorios/tac-unb/aula-2/ws/build/ign_ros2_control' returned '0': CMAKE_PREFIX_PATH=/opt/ros/humble /usr/bin/cmake --install /home/maycon/repositorios/tac-unb/aula-2/ws/build/ign_ros2_control
