running egg_info
writing ../../build/circle_package/circle_package.egg-info/PKG-INFO
writing dependency_links to ../../build/circle_package/circle_package.egg-info/dependency_links.txt
writing entry points to ../../build/circle_package/circle_package.egg-info/entry_points.txt
writing requirements to ../../build/circle_package/circle_package.egg-info/requires.txt
writing top-level names to ../../build/circle_package/circle_package.egg-info/top_level.txt
reading manifest file '../../build/circle_package/circle_package.egg-info/SOURCES.txt'
writing manifest file '../../build/circle_package/circle_package.egg-info/SOURCES.txt'
running build
running build_py
copying circle_package/circle.py -> /home/maycon/repositorios/tac-unb/aula-3/workspace/build/circle_package/build/lib/circle_package
running install
running install_lib
copying /home/maycon/repositorios/tac-unb/aula-3/workspace/build/circle_package/build/lib/circle_package/circle.py -> /home/maycon/repositorios/tac-unb/aula-3/workspace/install/circle_package/lib/python3.10/site-packages/circle_package
byte-compiling /home/maycon/repositorios/tac-unb/aula-3/workspace/install/circle_package/lib/python3.10/site-packages/circle_package/circle.py to circle.cpython-310.pyc
running install_data
running install_egg_info
removing '/home/maycon/repositorios/tac-unb/aula-3/workspace/install/circle_package/lib/python3.10/site-packages/circle_package-0.0.0-py3.10.egg-info' (and everything under it)
Copying ../../build/circle_package/circle_package.egg-info to /home/maycon/repositorios/tac-unb/aula-3/workspace/install/circle_package/lib/python3.10/site-packages/circle_package-0.0.0-py3.10.egg-info
running install_scripts
Installing circle script to /home/maycon/repositorios/tac-unb/aula-3/workspace/install/circle_package/lib/circle_package
writing list of installed files to '/home/maycon/repositorios/tac-unb/aula-3/workspace/build/circle_package/install.log'
