[1.418s] Invoking command in '/home/maycon/repositorios/tac-unb/aula-3/workspace/src/circle_package': PYTHONPATH=/home/maycon/repositorios/tac-unb/aula-3/workspace/build/circle_package/prefix_override:/home/maycon/repositorios/tac-unb/aula-3/workspace/install/circle_package/lib/python3.10/site-packages:${PYTHONPATH} /usr/bin/python3 -W ignore:setup.py install is deprecated setup.py egg_info --egg-base ../../build/circle_package build --build-base /home/maycon/repositorios/tac-unb/aula-3/workspace/build/circle_package/build install --record /home/maycon/repositorios/tac-unb/aula-3/workspace/build/circle_package/install.log --single-version-externally-managed install_data
[1.811s] running egg_info
[1.812s] writing ../../build/circle_package/circle_package.egg-info/PKG-INFO
[1.813s] writing dependency_links to ../../build/circle_package/circle_package.egg-info/dependency_links.txt
[1.813s] writing entry points to ../../build/circle_package/circle_package.egg-info/entry_points.txt
[1.813s] writing requirements to ../../build/circle_package/circle_package.egg-info/requires.txt
[1.813s] writing top-level names to ../../build/circle_package/circle_package.egg-info/top_level.txt
[1.816s] reading manifest file '../../build/circle_package/circle_package.egg-info/SOURCES.txt'
[1.818s] writing manifest file '../../build/circle_package/circle_package.egg-info/SOURCES.txt'
[1.818s] running build
[1.818s] running build_py
[1.818s] copying circle_package/circle.py -> /home/maycon/repositorios/tac-unb/aula-3/workspace/build/circle_package/build/lib/circle_package
[1.819s] running install
[1.819s] running install_lib
[1.820s] copying /home/maycon/repositorios/tac-unb/aula-3/workspace/build/circle_package/build/lib/circle_package/circle.py -> /home/maycon/repositorios/tac-unb/aula-3/workspace/install/circle_package/lib/python3.10/site-packages/circle_package
[1.821s] byte-compiling /home/maycon/repositorios/tac-unb/aula-3/workspace/install/circle_package/lib/python3.10/site-packages/circle_package/circle.py to circle.cpython-310.pyc
[1.822s] running install_data
[1.824s] running install_egg_info
[1.825s] removing '/home/maycon/repositorios/tac-unb/aula-3/workspace/install/circle_package/lib/python3.10/site-packages/circle_package-0.0.0-py3.10.egg-info' (and everything under it)
[1.825s] Copying ../../build/circle_package/circle_package.egg-info to /home/maycon/repositorios/tac-unb/aula-3/workspace/install/circle_package/lib/python3.10/site-packages/circle_package-0.0.0-py3.10.egg-info
[1.827s] running install_scripts
[1.862s] Installing circle script to /home/maycon/repositorios/tac-unb/aula-3/workspace/install/circle_package/lib/circle_package
[1.863s] writing list of installed files to '/home/maycon/repositorios/tac-unb/aula-3/workspace/build/circle_package/install.log'
[1.903s] Invoked command in '/home/maycon/repositorios/tac-unb/aula-3/workspace/src/circle_package' returned '0': PYTHONPATH=/home/maycon/repositorios/tac-unb/aula-3/workspace/build/circle_package/prefix_override:/home/maycon/repositorios/tac-unb/aula-3/workspace/install/circle_package/lib/python3.10/site-packages:${PYTHONPATH} /usr/bin/python3 -W ignore:setup.py install is deprecated setup.py egg_info --egg-base ../../build/circle_package build --build-base /home/maycon/repositorios/tac-unb/aula-3/workspace/build/circle_package/build install --record /home/maycon/repositorios/tac-unb/aula-3/workspace/build/circle_package/install.log --single-version-externally-managed install_data
