[0.037s] Invoking command in '/home/maycon/repositorios/tac-unb/aula-3/workspace/build/ign_ros2_control': CMAKE_PREFIX_PATH=/opt/ros/humble /usr/bin/cmake --build /home/maycon/repositorios/tac-unb/aula-3/workspace/build/ign_ros2_control -- -j8 -l8
[0.661s] [ 50%] Built target ign_ros2_control-system
[0.662s] [100%] Built target ign_hardware_plugins
[0.955s] Invoked command in '/home/maycon/repositorios/tac-unb/aula-3/workspace/build/ign_ros2_control' returned '0': CMAKE_PREFIX_PATH=/opt/ros/humble /usr/bin/cmake --build /home/maycon/repositorios/tac-unb/aula-3/workspace/build/ign_ros2_control -- -j8 -l8
[1.024s] Invoking command in '/home/maycon/repositorios/tac-unb/aula-3/workspace/build/ign_ros2_control': CMAKE_PREFIX_PATH=/opt/ros/humble /usr/bin/cmake --install /home/maycon/repositorios/tac-unb/aula-3/workspace/build/ign_ros2_control
[1.036s] -- Install configuration: ""
[1.038s] -- Up-to-date: /home/maycon/repositorios/tac-unb/aula-3/workspace/install/ign_ros2_control/lib/libign_hardware_plugins.so
[1.039s] -- Up-to-date: /home/maycon/repositorios/tac-unb/aula-3/workspace/install/ign_ros2_control/include
[1.039s] -- Up-to-date: /home/maycon/repositorios/tac-unb/aula-3/workspace/install/ign_ros2_control/include/ign_ros2_control
[1.039s] -- Up-to-date: /home/maycon/repositorios/tac-unb/aula-3/workspace/install/ign_ros2_control/include/ign_ros2_control/ign_ros2_control_plugin.hpp
[1.039s] -- Up-to-date: /home/maycon/repositorios/tac-unb/aula-3/workspace/install/ign_ros2_control/include/ign_ros2_control/ign_system.hpp
[1.039s] -- Up-to-date: /home/maycon/repositorios/tac-unb/aula-3/workspace/install/ign_ros2_control/include/ign_ros2_control/ign_system_interface.hpp
[1.040s] -- Up-to-date: /home/maycon/repositorios/tac-unb/aula-3/workspace/install/ign_ros2_control/share/ign_ros2_control/environment/library_path.sh
[1.040s] -- Up-to-date: /home/maycon/repositorios/tac-unb/aula-3/workspace/install/ign_ros2_control/share/ign_ros2_control/environment/library_path.dsv
[1.040s] -- Up-to-date: /home/maycon/repositorios/tac-unb/aula-3/workspace/install/ign_ros2_control/lib/libign_ros2_control-system.so
[1.040s] -- Up-to-date: /home/maycon/repositorios/tac-unb/aula-3/workspace/install/ign_ros2_control/share/ign_ros2_control/ign_hardware_plugins.xml
[1.040s] -- Up-to-date: /home/maycon/repositorios/tac-unb/aula-3/workspace/install/ign_ros2_control/share/ament_index/resource_index/package_run_dependencies/ign_ros2_control
[1.040s] -- Up-to-date: /home/maycon/repositorios/tac-unb/aula-3/workspace/install/ign_ros2_control/share/ament_index/resource_index/parent_prefix_path/ign_ros2_control
[1.041s] -- Up-to-date: /home/maycon/repositorios/tac-unb/aula-3/workspace/install/ign_ros2_control/share/ign_ros2_control/environment/ament_prefix_path.sh
[1.041s] -- Up-to-date: /home/maycon/repositorios/tac-unb/aula-3/workspace/install/ign_ros2_control/share/ign_ros2_control/environment/ament_prefix_path.dsv
[1.041s] -- Up-to-date: /home/maycon/repositorios/tac-unb/aula-3/workspace/install/ign_ros2_control/share/ign_ros2_control/environment/path.sh
[1.041s] -- Up-to-date: /home/maycon/repositorios/tac-unb/aula-3/workspace/install/ign_ros2_control/share/ign_ros2_control/environment/path.dsv
[1.041s] -- Up-to-date: /home/maycon/repositorios/tac-unb/aula-3/workspace/install/ign_ros2_control/share/ign_ros2_control/local_setup.bash
[1.041s] -- Up-to-date: /home/maycon/repositorios/tac-unb/aula-3/workspace/install/ign_ros2_control/share/ign_ros2_control/local_setup.sh
[1.041s] -- Up-to-date: /home/maycon/repositorios/tac-unb/aula-3/workspace/install/ign_ros2_control/share/ign_ros2_control/local_setup.zsh
[1.042s] -- Up-to-date: /home/maycon/repositorios/tac-unb/aula-3/workspace/install/ign_ros2_control/share/ign_ros2_control/local_setup.dsv
[1.042s] -- Installing: /home/maycon/repositorios/tac-unb/aula-3/workspace/install/ign_ros2_control/share/ign_ros2_control/package.dsv
[1.042s] -- Up-to-date: /home/maycon/repositorios/tac-unb/aula-3/workspace/install/ign_ros2_control/share/ament_index/resource_index/packages/ign_ros2_control
[1.042s] -- Up-to-date: /home/maycon/repositorios/tac-unb/aula-3/workspace/install/ign_ros2_control/share/ament_index/resource_index/ign_ros2_control__pluginlib__plugin/ign_ros2_control
[1.042s] -- Up-to-date: /home/maycon/repositorios/tac-unb/aula-3/workspace/install/ign_ros2_control/share/ign_ros2_control/cmake/ament_cmake_export_include_directories-extras.cmake
[1.042s] -- Up-to-date: /home/maycon/repositorios/tac-unb/aula-3/workspace/install/ign_ros2_control/share/ign_ros2_control/cmake/ament_cmake_export_libraries-extras.cmake
[1.042s] -- Up-to-date: /home/maycon/repositorios/tac-unb/aula-3/workspace/install/ign_ros2_control/share/ign_ros2_control/cmake/ign_ros2_controlConfig.cmake
[1.043s] -- Up-to-date: /home/maycon/repositorios/tac-unb/aula-3/workspace/install/ign_ros2_control/share/ign_ros2_control/cmake/ign_ros2_controlConfig-version.cmake
[1.043s] -- Up-to-date: /home/maycon/repositorios/tac-unb/aula-3/workspace/install/ign_ros2_control/share/ign_ros2_control/package.xml
[1.048s] Invoked command in '/home/maycon/repositorios/tac-unb/aula-3/workspace/build/ign_ros2_control' returned '0': CMAKE_PREFIX_PATH=/opt/ros/humble /usr/bin/cmake --install /home/maycon/repositorios/tac-unb/aula-3/workspace/build/ign_ros2_control
