[5.007s] Invoking command in '/home/maycon/repositorios/tac-unb/aula-3/workspace/src/circle_package': PYTHONPATH=/home/maycon/repositorios/tac-unb/aula-3/workspace/build/circle_package/prefix_override:/home/maycon/repositorios/tac-unb/aula-3/workspace/install/circle_package/lib/python3.10/site-packages:${PYTHONPATH} /usr/bin/python3 -W ignore:setup.py install is deprecated setup.py egg_info --egg-base ../../build/circle_package build --build-base /home/maycon/repositorios/tac-unb/aula-3/workspace/build/circle_package/build install --record /home/maycon/repositorios/tac-unb/aula-3/workspace/build/circle_package/install.log --single-version-externally-managed install_data
[6.003s] running egg_info
[6.006s] writing ../../build/circle_package/circle_package.egg-info/PKG-INFO
[6.007s] writing dependency_links to ../../build/circle_package/circle_package.egg-info/dependency_links.txt
[6.007s] writing entry points to ../../build/circle_package/circle_package.egg-info/entry_points.txt
[6.007s] writing requirements to ../../build/circle_package/circle_package.egg-info/requires.txt
[6.008s] writing top-level names to ../../build/circle_package/circle_package.egg-info/top_level.txt
[6.012s] reading manifest file '../../build/circle_package/circle_package.egg-info/SOURCES.txt'
[6.016s] writing manifest file '../../build/circle_package/circle_package.egg-info/SOURCES.txt'
[6.017s] running build
[6.017s] running build_py
[6.022s] running install
[6.025s] running install_lib
[6.038s] running install_data
[6.038s] running install_egg_info
[6.040s] removing '/home/maycon/repositorios/tac-unb/aula-3/workspace/install/circle_package/lib/python3.10/site-packages/circle_package-0.0.0-py3.10.egg-info' (and everything under it)
[6.041s] Copying ../../build/circle_package/circle_package.egg-info to /home/maycon/repositorios/tac-unb/aula-3/workspace/install/circle_package/lib/python3.10/site-packages/circle_package-0.0.0-py3.10.egg-info
[6.053s] running install_scripts
[6.202s] Installing circle script to /home/maycon/repositorios/tac-unb/aula-3/workspace/install/circle_package/lib/circle_package
[6.206s] writing list of installed files to '/home/maycon/repositorios/tac-unb/aula-3/workspace/build/circle_package/install.log'
[6.352s] Invoked command in '/home/maycon/repositorios/tac-unb/aula-3/workspace/src/circle_package' returned '0': PYTHONPATH=/home/maycon/repositorios/tac-unb/aula-3/workspace/build/circle_package/prefix_override:/home/maycon/repositorios/tac-unb/aula-3/workspace/install/circle_package/lib/python3.10/site-packages:${PYTHONPATH} /usr/bin/python3 -W ignore:setup.py install is deprecated setup.py egg_info --egg-base ../../build/circle_package build --build-base /home/maycon/repositorios/tac-unb/aula-3/workspace/build/circle_package/build install --record /home/maycon/repositorios/tac-unb/aula-3/workspace/build/circle_package/install.log --single-version-externally-managed install_data
