[3.489s] Invoking command in '/home/maycon/repositorios/tac-unb/aula-3/workspace/src/circle_package': PYTHONPATH=/home/maycon/repositorios/tac-unb/aula-3/workspace/build/circle_package/prefix_override:/home/maycon/repositorios/tac-unb/aula-3/workspace/install/circle_package/lib/python3.10/site-packages:${PYTHONPATH} /usr/bin/python3 -W ignore:setup.py install is deprecated setup.py egg_info --egg-base ../../build/circle_package build --build-base /home/maycon/repositorios/tac-unb/aula-3/workspace/build/circle_package/build install --record /home/maycon/repositorios/tac-unb/aula-3/workspace/build/circle_package/install.log --single-version-externally-managed install_data
[4.181s] running egg_info
[4.185s] writing ../../build/circle_package/circle_package.egg-info/PKG-INFO
[4.193s] writing dependency_links to ../../build/circle_package/circle_package.egg-info/dependency_links.txt
[4.194s] writing entry points to ../../build/circle_package/circle_package.egg-info/entry_points.txt
[4.195s] writing requirements to ../../build/circle_package/circle_package.egg-info/requires.txt
[4.195s] writing top-level names to ../../build/circle_package/circle_package.egg-info/top_level.txt
[4.201s] reading manifest file '../../build/circle_package/circle_package.egg-info/SOURCES.txt'
[4.209s] writing manifest file '../../build/circle_package/circle_package.egg-info/SOURCES.txt'
[4.210s] running build
[4.211s] running build_py
[4.212s] running install
[4.213s] running install_lib
[4.217s] running install_data
[4.222s] running install_egg_info
[4.223s] removing '/home/maycon/repositorios/tac-unb/aula-3/workspace/install/circle_package/lib/python3.10/site-packages/circle_package-0.0.0-py3.10.egg-info' (and everything under it)
[4.231s] Copying ../../build/circle_package/circle_package.egg-info to /home/maycon/repositorios/tac-unb/aula-3/workspace/install/circle_package/lib/python3.10/site-packages/circle_package-0.0.0-py3.10.egg-info
[4.233s] running install_scripts
[4.298s] Installing circle script to /home/maycon/repositorios/tac-unb/aula-3/workspace/install/circle_package/lib/circle_package
[4.307s] writing list of installed files to '/home/maycon/repositorios/tac-unb/aula-3/workspace/build/circle_package/install.log'
[4.368s] Invoked command in '/home/maycon/repositorios/tac-unb/aula-3/workspace/src/circle_package' returned '0': PYTHONPATH=/home/maycon/repositorios/tac-unb/aula-3/workspace/build/circle_package/prefix_override:/home/maycon/repositorios/tac-unb/aula-3/workspace/install/circle_package/lib/python3.10/site-packages:${PYTHONPATH} /usr/bin/python3 -W ignore:setup.py install is deprecated setup.py egg_info --egg-base ../../build/circle_package build --build-base /home/maycon/repositorios/tac-unb/aula-3/workspace/build/circle_package/build install --record /home/maycon/repositorios/tac-unb/aula-3/workspace/build/circle_package/install.log --single-version-externally-managed install_data
