[1.836s] Invoking command in '/home/maycon/repositorios/tac-unb/aula-3/workspace/src/explore_pkg': PYTHONPATH=/home/maycon/repositorios/tac-unb/aula-3/workspace/build/explore_pkg/prefix_override:/home/maycon/repositorios/tac-unb/aula-3/workspace/install/explore_pkg/lib/python3.10/site-packages:${PYTHONPATH} /usr/bin/python3 -W ignore:setup.py install is deprecated setup.py egg_info --egg-base ../../build/explore_pkg build --build-base /home/maycon/repositorios/tac-unb/aula-3/workspace/build/explore_pkg/build install --record /home/maycon/repositorios/tac-unb/aula-3/workspace/build/explore_pkg/install.log --single-version-externally-managed install_data
[2.320s] running egg_info
[2.322s] writing ../../build/explore_pkg/explore_pkg.egg-info/PKG-INFO
[2.328s] writing dependency_links to ../../build/explore_pkg/explore_pkg.egg-info/dependency_links.txt
[2.328s] writing entry points to ../../build/explore_pkg/explore_pkg.egg-info/entry_points.txt
[2.328s] writing requirements to ../../build/explore_pkg/explore_pkg.egg-info/requires.txt
[2.328s] writing top-level names to ../../build/explore_pkg/explore_pkg.egg-info/top_level.txt
[2.330s] reading manifest file '../../build/explore_pkg/explore_pkg.egg-info/SOURCES.txt'
[2.333s] writing manifest file '../../build/explore_pkg/explore_pkg.egg-info/SOURCES.txt'
[2.333s] running build
[2.334s] running build_py
[2.334s] running install
[2.335s] running install_lib
[2.346s] running install_data
[2.346s] running install_egg_info
[2.349s] removing '/home/maycon/repositorios/tac-unb/aula-3/workspace/install/explore_pkg/lib/python3.10/site-packages/explore_pkg-0.0.0-py3.10.egg-info' (and everything under it)
[2.349s] Copying ../../build/explore_pkg/explore_pkg.egg-info to /home/maycon/repositorios/tac-unb/aula-3/workspace/install/explore_pkg/lib/python3.10/site-packages/explore_pkg-0.0.0-py3.10.egg-info
[2.352s] running install_scripts
[2.410s] Installing explore script to /home/maycon/repositorios/tac-unb/aula-3/workspace/install/explore_pkg/lib/explore_pkg
[2.411s] writing list of installed files to '/home/maycon/repositorios/tac-unb/aula-3/workspace/build/explore_pkg/install.log'
[2.459s] Invoked command in '/home/maycon/repositorios/tac-unb/aula-3/workspace/src/explore_pkg' returned '0': PYTHONPATH=/home/maycon/repositorios/tac-unb/aula-3/workspace/build/explore_pkg/prefix_override:/home/maycon/repositorios/tac-unb/aula-3/workspace/install/explore_pkg/lib/python3.10/site-packages:${PYTHONPATH} /usr/bin/python3 -W ignore:setup.py install is deprecated setup.py egg_info --egg-base ../../build/explore_pkg build --build-base /home/maycon/repositorios/tac-unb/aula-3/workspace/build/explore_pkg/build install --record /home/maycon/repositorios/tac-unb/aula-3/workspace/build/explore_pkg/install.log --single-version-externally-managed install_data
