[1.402s] Invoking command in '/home/maycon/repositorios/tac-unb/aula-3/workspace/src/square_package': PYTHONPATH=/home/maycon/repositorios/tac-unb/aula-3/workspace/build/square_package/prefix_override:/home/maycon/repositorios/tac-unb/aula-3/workspace/install/square_package/lib/python3.10/site-packages:${PYTHONPATH} /usr/bin/python3 -W ignore:setup.py install is deprecated setup.py egg_info --egg-base ../../build/square_package build --build-base /home/maycon/repositorios/tac-unb/aula-3/workspace/build/square_package/build install --record /home/maycon/repositorios/tac-unb/aula-3/workspace/build/square_package/install.log --single-version-externally-managed install_data
[1.800s] running egg_info
[1.802s] writing ../../build/square_package/square_package.egg-info/PKG-INFO
[1.802s] writing dependency_links to ../../build/square_package/square_package.egg-info/dependency_links.txt
[1.803s] writing entry points to ../../build/square_package/square_package.egg-info/entry_points.txt
[1.803s] writing requirements to ../../build/square_package/square_package.egg-info/requires.txt
[1.803s] writing top-level names to ../../build/square_package/square_package.egg-info/top_level.txt
[1.806s] reading manifest file '../../build/square_package/square_package.egg-info/SOURCES.txt'
[1.809s] writing manifest file '../../build/square_package/square_package.egg-info/SOURCES.txt'
[1.809s] running build
[1.809s] running build_py
[1.809s] running install
[1.809s] running install_lib
[1.811s] running install_data
[1.811s] running install_egg_info
[1.814s] removing '/home/maycon/repositorios/tac-unb/aula-3/workspace/install/square_package/lib/python3.10/site-packages/square_package-0.0.0-py3.10.egg-info' (and everything under it)
[1.815s] Copying ../../build/square_package/square_package.egg-info to /home/maycon/repositorios/tac-unb/aula-3/workspace/install/square_package/lib/python3.10/site-packages/square_package-0.0.0-py3.10.egg-info
[1.816s] running install_scripts
[1.849s] Installing square script to /home/maycon/repositorios/tac-unb/aula-3/workspace/install/square_package/lib/square_package
[1.850s] writing list of installed files to '/home/maycon/repositorios/tac-unb/aula-3/workspace/build/square_package/install.log'
[1.899s] Invoked command in '/home/maycon/repositorios/tac-unb/aula-3/workspace/src/square_package' returned '0': PYTHONPATH=/home/maycon/repositorios/tac-unb/aula-3/workspace/build/square_package/prefix_override:/home/maycon/repositorios/tac-unb/aula-3/workspace/install/square_package/lib/python3.10/site-packages:${PYTHONPATH} /usr/bin/python3 -W ignore:setup.py install is deprecated setup.py egg_info --egg-base ../../build/square_package build --build-base /home/maycon/repositorios/tac-unb/aula-3/workspace/build/square_package/build install --record /home/maycon/repositorios/tac-unb/aula-3/workspace/build/square_package/install.log --single-version-externally-managed install_data
