[3.562s] Invoking command in '/home/maycon/repositorios/tac-unb/aula-3/workspace/src/square_package': PYTHONPATH=/home/maycon/repositorios/tac-unb/aula-3/workspace/build/square_package/prefix_override:/home/maycon/repositorios/tac-unb/aula-3/workspace/install/square_package/lib/python3.10/site-packages:${PYTHONPATH} /usr/bin/python3 -W ignore:setup.py install is deprecated setup.py egg_info --egg-base ../../build/square_package build --build-base /home/maycon/repositorios/tac-unb/aula-3/workspace/build/square_package/build install --record /home/maycon/repositorios/tac-unb/aula-3/workspace/build/square_package/install.log --single-version-externally-managed install_data
[4.481s] running egg_info
[4.483s] writing ../../build/square_package/square_package.egg-info/PKG-INFO
[4.488s] writing dependency_links to ../../build/square_package/square_package.egg-info/dependency_links.txt
[4.490s] writing entry points to ../../build/square_package/square_package.egg-info/entry_points.txt
[4.491s] writing requirements to ../../build/square_package/square_package.egg-info/requires.txt
[4.491s] writing top-level names to ../../build/square_package/square_package.egg-info/top_level.txt
[4.493s] reading manifest file '../../build/square_package/square_package.egg-info/SOURCES.txt'
[4.495s] writing manifest file '../../build/square_package/square_package.egg-info/SOURCES.txt'
[4.495s] running build
[4.495s] running build_py
[4.499s] running install
[4.499s] running install_lib
[4.500s] running install_data
[4.501s] running install_egg_info
[4.504s] removing '/home/maycon/repositorios/tac-unb/aula-3/workspace/install/square_package/lib/python3.10/site-packages/square_package-0.0.0-py3.10.egg-info' (and everything under it)
[4.512s] Copying ../../build/square_package/square_package.egg-info to /home/maycon/repositorios/tac-unb/aula-3/workspace/install/square_package/lib/python3.10/site-packages/square_package-0.0.0-py3.10.egg-info
[4.514s] running install_scripts
[4.563s] Installing square script to /home/maycon/repositorios/tac-unb/aula-3/workspace/install/square_package/lib/square_package
[4.563s] writing list of installed files to '/home/maycon/repositorios/tac-unb/aula-3/workspace/build/square_package/install.log'
[4.613s] Invoked command in '/home/maycon/repositorios/tac-unb/aula-3/workspace/src/square_package' returned '0': PYTHONPATH=/home/maycon/repositorios/tac-unb/aula-3/workspace/build/square_package/prefix_override:/home/maycon/repositorios/tac-unb/aula-3/workspace/install/square_package/lib/python3.10/site-packages:${PYTHONPATH} /usr/bin/python3 -W ignore:setup.py install is deprecated setup.py egg_info --egg-base ../../build/square_package build --build-base /home/maycon/repositorios/tac-unb/aula-3/workspace/build/square_package/build install --record /home/maycon/repositorios/tac-unb/aula-3/workspace/build/square_package/install.log --single-version-externally-managed install_data
