[1.901s] Invoking command in '/home/maycon/repositorios/tac-unb/aula-3/workspace/src/explore_pkg': PYTHONPATH=/home/maycon/repositorios/tac-unb/aula-3/workspace/build/explore_pkg/prefix_override:/home/maycon/repositorios/tac-unb/aula-3/workspace/install/explore_pkg/lib/python3.10/site-packages:${PYTHONPATH} /usr/bin/python3 -W ignore:setup.py install is deprecated setup.py egg_info --egg-base ../../build/explore_pkg build --build-base /home/maycon/repositorios/tac-unb/aula-3/workspace/build/explore_pkg/build install --record /home/maycon/repositorios/tac-unb/aula-3/workspace/build/explore_pkg/install.log --single-version-externally-managed install_data
[2.354s] running egg_info
[2.354s] writing ../../build/explore_pkg/explore_pkg.egg-info/PKG-INFO
[2.361s] writing dependency_links to ../../build/explore_pkg/explore_pkg.egg-info/dependency_links.txt
[2.361s] writing entry points to ../../build/explore_pkg/explore_pkg.egg-info/entry_points.txt
[2.361s] writing requirements to ../../build/explore_pkg/explore_pkg.egg-info/requires.txt
[2.361s] writing top-level names to ../../build/explore_pkg/explore_pkg.egg-info/top_level.txt
[2.361s] reading manifest file '../../build/explore_pkg/explore_pkg.egg-info/SOURCES.txt'
[2.363s] writing manifest file '../../build/explore_pkg/explore_pkg.egg-info/SOURCES.txt'
[2.367s] running build
[2.367s] running build_py
[2.367s] running install
[2.367s] running install_lib
[2.369s] running install_data
[2.369s] running install_egg_info
[2.373s] removing '/home/maycon/repositorios/tac-unb/aula-3/workspace/install/explore_pkg/lib/python3.10/site-packages/explore_pkg-0.0.0-py3.10.egg-info' (and everything under it)
[2.374s] Copying ../../build/explore_pkg/explore_pkg.egg-info to /home/maycon/repositorios/tac-unb/aula-3/workspace/install/explore_pkg/lib/python3.10/site-packages/explore_pkg-0.0.0-py3.10.egg-info
[2.376s] running install_scripts
[2.416s] Installing explore script to /home/maycon/repositorios/tac-unb/aula-3/workspace/install/explore_pkg/lib/explore_pkg
[2.417s] writing list of installed files to '/home/maycon/repositorios/tac-unb/aula-3/workspace/build/explore_pkg/install.log'
[2.465s] Invoked command in '/home/maycon/repositorios/tac-unb/aula-3/workspace/src/explore_pkg' returned '0': PYTHONPATH=/home/maycon/repositorios/tac-unb/aula-3/workspace/build/explore_pkg/prefix_override:/home/maycon/repositorios/tac-unb/aula-3/workspace/install/explore_pkg/lib/python3.10/site-packages:${PYTHONPATH} /usr/bin/python3 -W ignore:setup.py install is deprecated setup.py egg_info --egg-base ../../build/explore_pkg build --build-base /home/maycon/repositorios/tac-unb/aula-3/workspace/build/explore_pkg/build install --record /home/maycon/repositorios/tac-unb/aula-3/workspace/build/explore_pkg/install.log --single-version-externally-managed install_data
