[1.543s] Invoking command in '/home/maycon/repositorios/tac-unb/aula-3/workspace/src/square_package': PYTHONPATH=/home/maycon/repositorios/tac-unb/aula-3/workspace/build/square_package/prefix_override:/home/maycon/repositorios/tac-unb/aula-3/workspace/install/square_package/lib/python3.10/site-packages:${PYTHONPATH} /usr/bin/python3 -W ignore:setup.py install is deprecated setup.py egg_info --egg-base ../../build/square_package build --build-base /home/maycon/repositorios/tac-unb/aula-3/workspace/build/square_package/build install --record /home/maycon/repositorios/tac-unb/aula-3/workspace/build/square_package/install.log --single-version-externally-managed install_data
[1.928s] running egg_info
[1.930s] writing ../../build/square_package/square_package.egg-info/PKG-INFO
[1.931s] writing dependency_links to ../../build/square_package/square_package.egg-info/dependency_links.txt
[1.931s] writing entry points to ../../build/square_package/square_package.egg-info/entry_points.txt
[1.931s] writing requirements to ../../build/square_package/square_package.egg-info/requires.txt
[1.931s] writing top-level names to ../../build/square_package/square_package.egg-info/top_level.txt
[1.935s] reading manifest file '../../build/square_package/square_package.egg-info/SOURCES.txt'
[1.937s] writing manifest file '../../build/square_package/square_package.egg-info/SOURCES.txt'
[1.937s] running build
[1.937s] running build_py
[1.938s] running install
[1.939s] running install_lib
[1.941s] running install_data
[1.941s] running install_egg_info
[1.945s] removing '/home/maycon/repositorios/tac-unb/aula-3/workspace/install/square_package/lib/python3.10/site-packages/square_package-0.0.0-py3.10.egg-info' (and everything under it)
[1.945s] Copying ../../build/square_package/square_package.egg-info to /home/maycon/repositorios/tac-unb/aula-3/workspace/install/square_package/lib/python3.10/site-packages/square_package-0.0.0-py3.10.egg-info
[1.946s] running install_scripts
[1.984s] Installing square script to /home/maycon/repositorios/tac-unb/aula-3/workspace/install/square_package/lib/square_package
[1.986s] writing list of installed files to '/home/maycon/repositorios/tac-unb/aula-3/workspace/build/square_package/install.log'
[2.025s] Invoked command in '/home/maycon/repositorios/tac-unb/aula-3/workspace/src/square_package' returned '0': PYTHONPATH=/home/maycon/repositorios/tac-unb/aula-3/workspace/build/square_package/prefix_override:/home/maycon/repositorios/tac-unb/aula-3/workspace/install/square_package/lib/python3.10/site-packages:${PYTHONPATH} /usr/bin/python3 -W ignore:setup.py install is deprecated setup.py egg_info --egg-base ../../build/square_package build --build-base /home/maycon/repositorios/tac-unb/aula-3/workspace/build/square_package/build install --record /home/maycon/repositorios/tac-unb/aula-3/workspace/build/square_package/install.log --single-version-externally-managed install_data
