[3.491s] Invoking command in '/home/maycon/repositorios/tac-unb/aula-3/workspace/src/square_package': PYTHONPATH=/home/maycon/repositorios/tac-unb/aula-3/workspace/build/square_package/prefix_override:/home/maycon/repositorios/tac-unb/aula-3/workspace/install/square_package/lib/python3.10/site-packages:${PYTHONPATH} /usr/bin/python3 -W ignore:setup.py install is deprecated setup.py egg_info --egg-base ../../build/square_package build --build-base /home/maycon/repositorios/tac-unb/aula-3/workspace/build/square_package/build install --record /home/maycon/repositorios/tac-unb/aula-3/workspace/build/square_package/install.log --single-version-externally-managed install_data
[4.398s] running egg_info
[4.401s] writing ../../build/square_package/square_package.egg-info/PKG-INFO
[4.413s] writing dependency_links to ../../build/square_package/square_package.egg-info/dependency_links.txt
[4.413s] writing entry points to ../../build/square_package/square_package.egg-info/entry_points.txt
[4.414s] writing requirements to ../../build/square_package/square_package.egg-info/requires.txt
[4.414s] writing top-level names to ../../build/square_package/square_package.egg-info/top_level.txt
[4.414s] reading manifest file '../../build/square_package/square_package.egg-info/SOURCES.txt'
[4.417s] writing manifest file '../../build/square_package/square_package.egg-info/SOURCES.txt'
[4.418s] running build
[4.418s] running build_py
[4.422s] running install
[4.422s] running install_lib
[4.433s] running install_data
[4.433s] running install_egg_info
[4.433s] removing '/home/maycon/repositorios/tac-unb/aula-3/workspace/install/square_package/lib/python3.10/site-packages/square_package-0.0.0-py3.10.egg-info' (and everything under it)
[4.433s] Copying ../../build/square_package/square_package.egg-info to /home/maycon/repositorios/tac-unb/aula-3/workspace/install/square_package/lib/python3.10/site-packages/square_package-0.0.0-py3.10.egg-info
[4.436s] running install_scripts
[4.489s] Installing square script to /home/maycon/repositorios/tac-unb/aula-3/workspace/install/square_package/lib/square_package
[4.491s] writing list of installed files to '/home/maycon/repositorios/tac-unb/aula-3/workspace/build/square_package/install.log'
[4.549s] Invoked command in '/home/maycon/repositorios/tac-unb/aula-3/workspace/src/square_package' returned '0': PYTHONPATH=/home/maycon/repositorios/tac-unb/aula-3/workspace/build/square_package/prefix_override:/home/maycon/repositorios/tac-unb/aula-3/workspace/install/square_package/lib/python3.10/site-packages:${PYTHONPATH} /usr/bin/python3 -W ignore:setup.py install is deprecated setup.py egg_info --egg-base ../../build/square_package build --build-base /home/maycon/repositorios/tac-unb/aula-3/workspace/build/square_package/build install --record /home/maycon/repositorios/tac-unb/aula-3/workspace/build/square_package/install.log --single-version-externally-managed install_data
