[1.550s] Invoking command in '/home/maycon/repositorios/tac-unb/aula-3/workspace/src/explore_pkg': PYTHONPATH=/home/maycon/repositorios/tac-unb/aula-3/workspace/build/explore_pkg/prefix_override:/home/maycon/repositorios/tac-unb/aula-3/workspace/install/explore_pkg/lib/python3.10/site-packages:${PYTHONPATH} /usr/bin/python3 -W ignore:setup.py install is deprecated setup.py egg_info --egg-base ../../build/explore_pkg build --build-base /home/maycon/repositorios/tac-unb/aula-3/workspace/build/explore_pkg/build install --record /home/maycon/repositorios/tac-unb/aula-3/workspace/build/explore_pkg/install.log --single-version-externally-managed install_data
[1.910s] running egg_info
[1.911s] writing ../../build/explore_pkg/explore_pkg.egg-info/PKG-INFO
[1.914s] writing dependency_links to ../../build/explore_pkg/explore_pkg.egg-info/dependency_links.txt
[1.914s] writing entry points to ../../build/explore_pkg/explore_pkg.egg-info/entry_points.txt
[1.914s] writing requirements to ../../build/explore_pkg/explore_pkg.egg-info/requires.txt
[1.914s] writing top-level names to ../../build/explore_pkg/explore_pkg.egg-info/top_level.txt
[1.917s] reading manifest file '../../build/explore_pkg/explore_pkg.egg-info/SOURCES.txt'
[1.919s] writing manifest file '../../build/explore_pkg/explore_pkg.egg-info/SOURCES.txt'
[1.919s] running build
[1.920s] running build_py
[1.921s] copying explore_pkg/explore.py -> /home/maycon/repositorios/tac-unb/aula-3/workspace/build/explore_pkg/build/lib/explore_pkg
[1.922s] running install
[1.923s] running install_lib
[1.924s] copying /home/maycon/repositorios/tac-unb/aula-3/workspace/build/explore_pkg/build/lib/explore_pkg/explore.py -> /home/maycon/repositorios/tac-unb/aula-3/workspace/install/explore_pkg/lib/python3.10/site-packages/explore_pkg
[1.926s] byte-compiling /home/maycon/repositorios/tac-unb/aula-3/workspace/install/explore_pkg/lib/python3.10/site-packages/explore_pkg/explore.py to explore.cpython-310.pyc
[1.927s] running install_data
[1.929s] running install_egg_info
[1.930s] removing '/home/maycon/repositorios/tac-unb/aula-3/workspace/install/explore_pkg/lib/python3.10/site-packages/explore_pkg-0.0.0-py3.10.egg-info' (and everything under it)
[1.930s] Copying ../../build/explore_pkg/explore_pkg.egg-info to /home/maycon/repositorios/tac-unb/aula-3/workspace/install/explore_pkg/lib/python3.10/site-packages/explore_pkg-0.0.0-py3.10.egg-info
[1.932s] running install_scripts
[1.962s] Installing explore script to /home/maycon/repositorios/tac-unb/aula-3/workspace/install/explore_pkg/lib/explore_pkg
[1.963s] writing list of installed files to '/home/maycon/repositorios/tac-unb/aula-3/workspace/build/explore_pkg/install.log'
[2.001s] Invoked command in '/home/maycon/repositorios/tac-unb/aula-3/workspace/src/explore_pkg' returned '0': PYTHONPATH=/home/maycon/repositorios/tac-unb/aula-3/workspace/build/explore_pkg/prefix_override:/home/maycon/repositorios/tac-unb/aula-3/workspace/install/explore_pkg/lib/python3.10/site-packages:${PYTHONPATH} /usr/bin/python3 -W ignore:setup.py install is deprecated setup.py egg_info --egg-base ../../build/explore_pkg build --build-base /home/maycon/repositorios/tac-unb/aula-3/workspace/build/explore_pkg/build install --record /home/maycon/repositorios/tac-unb/aula-3/workspace/build/explore_pkg/install.log --single-version-externally-managed install_data
