[3.499s] Invoking command in '/home/maycon/repositorios/tac-unb/aula-3/workspace/src/explore_pkg': PYTHONPATH=/home/maycon/repositorios/tac-unb/aula-3/workspace/build/explore_pkg/prefix_override:/home/maycon/repositorios/tac-unb/aula-3/workspace/install/explore_pkg/lib/python3.10/site-packages:${PYTHONPATH} /usr/bin/python3 -W ignore:setup.py install is deprecated setup.py egg_info --egg-base ../../build/explore_pkg build --build-base /home/maycon/repositorios/tac-unb/aula-3/workspace/build/explore_pkg/build install --record /home/maycon/repositorios/tac-unb/aula-3/workspace/build/explore_pkg/install.log --single-version-externally-managed install_data
[4.364s] running egg_info
[4.366s] writing ../../build/explore_pkg/explore_pkg.egg-info/PKG-INFO
[4.374s] writing dependency_links to ../../build/explore_pkg/explore_pkg.egg-info/dependency_links.txt
[4.374s] writing entry points to ../../build/explore_pkg/explore_pkg.egg-info/entry_points.txt
[4.374s] writing requirements to ../../build/explore_pkg/explore_pkg.egg-info/requires.txt
[4.374s] writing top-level names to ../../build/explore_pkg/explore_pkg.egg-info/top_level.txt
[4.378s] reading manifest file '../../build/explore_pkg/explore_pkg.egg-info/SOURCES.txt'
[4.384s] writing manifest file '../../build/explore_pkg/explore_pkg.egg-info/SOURCES.txt'
[4.390s] running build
[4.390s] running build_py
[4.401s] copying explore_pkg/explore.py -> /home/maycon/repositorios/tac-unb/aula-3/workspace/build/explore_pkg/build/lib/explore_pkg
[4.401s] running install
[4.404s] running install_lib
[4.406s] copying /home/maycon/repositorios/tac-unb/aula-3/workspace/build/explore_pkg/build/lib/explore_pkg/explore.py -> /home/maycon/repositorios/tac-unb/aula-3/workspace/install/explore_pkg/lib/python3.10/site-packages/explore_pkg
[4.412s] byte-compiling /home/maycon/repositorios/tac-unb/aula-3/workspace/install/explore_pkg/lib/python3.10/site-packages/explore_pkg/explore.py to explore.cpython-310.pyc
[4.412s] running install_data
[4.412s] running install_egg_info
[4.427s] removing '/home/maycon/repositorios/tac-unb/aula-3/workspace/install/explore_pkg/lib/python3.10/site-packages/explore_pkg-0.0.0-py3.10.egg-info' (and everything under it)
[4.427s] Copying ../../build/explore_pkg/explore_pkg.egg-info to /home/maycon/repositorios/tac-unb/aula-3/workspace/install/explore_pkg/lib/python3.10/site-packages/explore_pkg-0.0.0-py3.10.egg-info
[4.427s] running install_scripts
[4.492s] Installing explore script to /home/maycon/repositorios/tac-unb/aula-3/workspace/install/explore_pkg/lib/explore_pkg
[4.494s] writing list of installed files to '/home/maycon/repositorios/tac-unb/aula-3/workspace/build/explore_pkg/install.log'
[4.544s] Invoked command in '/home/maycon/repositorios/tac-unb/aula-3/workspace/src/explore_pkg' returned '0': PYTHONPATH=/home/maycon/repositorios/tac-unb/aula-3/workspace/build/explore_pkg/prefix_override:/home/maycon/repositorios/tac-unb/aula-3/workspace/install/explore_pkg/lib/python3.10/site-packages:${PYTHONPATH} /usr/bin/python3 -W ignore:setup.py install is deprecated setup.py egg_info --egg-base ../../build/explore_pkg build --build-base /home/maycon/repositorios/tac-unb/aula-3/workspace/build/explore_pkg/build install --record /home/maycon/repositorios/tac-unb/aula-3/workspace/build/explore_pkg/install.log --single-version-externally-managed install_data
