[0.378s] Invoking command in '/home/maycon/repositorios/tac-unb/ws/src/my_package': PYTHONPATH=/home/maycon/repositorios/tac-unb/ws/build/my_package/prefix_override:/home/maycon/repositorios/tac-unb/ws/install/my_package/lib/python3.10/site-packages:${PYTHONPATH} /usr/bin/python3 -W ignore:setup.py install is deprecated setup.py egg_info --egg-base ../../build/my_package build --build-base /home/maycon/repositorios/tac-unb/ws/build/my_package/build install --record /home/maycon/repositorios/tac-unb/ws/build/my_package/install.log --single-version-externally-managed install_data
[0.518s] running egg_info
[0.518s] creating ../../build/my_package/my_package.egg-info
[0.518s] writing ../../build/my_package/my_package.egg-info/PKG-INFO
[0.518s] writing dependency_links to ../../build/my_package/my_package.egg-info/dependency_links.txt
[0.519s] writing entry points to ../../build/my_package/my_package.egg-info/entry_points.txt
[0.519s] writing requirements to ../../build/my_package/my_package.egg-info/requires.txt
[0.519s] writing top-level names to ../../build/my_package/my_package.egg-info/top_level.txt
[0.519s] writing manifest file '../../build/my_package/my_package.egg-info/SOURCES.txt'
[0.520s] reading manifest file '../../build/my_package/my_package.egg-info/SOURCES.txt'
[0.520s] writing manifest file '../../build/my_package/my_package.egg-info/SOURCES.txt'
[0.521s] running build
[0.521s] running build_py
[0.521s] creating /home/maycon/repositorios/tac-unb/ws/build/my_package/build
[0.521s] creating /home/maycon/repositorios/tac-unb/ws/build/my_package/build/lib
[0.521s] creating /home/maycon/repositorios/tac-unb/ws/build/my_package/build/lib/my_package
[0.521s] copying my_package/my_node.py -> /home/maycon/repositorios/tac-unb/ws/build/my_package/build/lib/my_package
[0.521s] copying my_package/__init__.py -> /home/maycon/repositorios/tac-unb/ws/build/my_package/build/lib/my_package
[0.521s] running install
[0.521s] running install_lib
[0.521s] creating /home/maycon/repositorios/tac-unb/ws/install/my_package/lib/python3.10/site-packages/my_package
[0.521s] copying /home/maycon/repositorios/tac-unb/ws/build/my_package/build/lib/my_package/my_node.py -> /home/maycon/repositorios/tac-unb/ws/install/my_package/lib/python3.10/site-packages/my_package
[0.521s] copying /home/maycon/repositorios/tac-unb/ws/build/my_package/build/lib/my_package/__init__.py -> /home/maycon/repositorios/tac-unb/ws/install/my_package/lib/python3.10/site-packages/my_package
[0.522s] byte-compiling /home/maycon/repositorios/tac-unb/ws/install/my_package/lib/python3.10/site-packages/my_package/my_node.py to my_node.cpython-310.pyc
[0.522s] byte-compiling /home/maycon/repositorios/tac-unb/ws/install/my_package/lib/python3.10/site-packages/my_package/__init__.py to __init__.cpython-310.pyc
[0.522s] running install_data
[0.522s] creating /home/maycon/repositorios/tac-unb/ws/install/my_package/share/ament_index
[0.522s] creating /home/maycon/repositorios/tac-unb/ws/install/my_package/share/ament_index/resource_index
[0.522s] creating /home/maycon/repositorios/tac-unb/ws/install/my_package/share/ament_index/resource_index/packages
[0.522s] copying resource/my_package -> /home/maycon/repositorios/tac-unb/ws/install/my_package/share/ament_index/resource_index/packages
[0.522s] copying package.xml -> /home/maycon/repositorios/tac-unb/ws/install/my_package/share/my_package
[0.522s] running install_egg_info
[0.524s] Copying ../../build/my_package/my_package.egg-info to /home/maycon/repositorios/tac-unb/ws/install/my_package/lib/python3.10/site-packages/my_package-0.0.0-py3.10.egg-info
[0.524s] running install_scripts
[0.539s] Installing my_node script to /home/maycon/repositorios/tac-unb/ws/install/my_package/lib/my_package
[0.539s] writing list of installed files to '/home/maycon/repositorios/tac-unb/ws/build/my_package/install.log'
[0.557s] Invoked command in '/home/maycon/repositorios/tac-unb/ws/src/my_package' returned '0': PYTHONPATH=/home/maycon/repositorios/tac-unb/ws/build/my_package/prefix_override:/home/maycon/repositorios/tac-unb/ws/install/my_package/lib/python3.10/site-packages:${PYTHONPATH} /usr/bin/python3 -W ignore:setup.py install is deprecated setup.py egg_info --egg-base ../../build/my_package build --build-base /home/maycon/repositorios/tac-unb/ws/build/my_package/build install --record /home/maycon/repositorios/tac-unb/ws/build/my_package/install.log --single-version-externally-managed install_data
