[0.590s] Invoking command in '/home/maycon/repositorios/tac-unb/tarefa2/src/circle_package': PYTHONPATH=/home/maycon/repositorios/tac-unb/tarefa2/build/circle_package/prefix_override:/home/maycon/repositorios/tac-unb/tarefa2/install/circle_package/lib/python3.10/site-packages:${PYTHONPATH} /usr/bin/python3 -W ignore:setup.py install is deprecated setup.py egg_info --egg-base ../../build/circle_package build --build-base /home/maycon/repositorios/tac-unb/tarefa2/build/circle_package/build install --record /home/maycon/repositorios/tac-unb/tarefa2/build/circle_package/install.log --single-version-externally-managed install_data
[0.745s] running egg_info
[0.746s] writing ../../build/circle_package/circle_package.egg-info/PKG-INFO
[0.746s] writing dependency_links to ../../build/circle_package/circle_package.egg-info/dependency_links.txt
[0.746s] writing entry points to ../../build/circle_package/circle_package.egg-info/entry_points.txt
[0.746s] writing requirements to ../../build/circle_package/circle_package.egg-info/requires.txt
[0.746s] writing top-level names to ../../build/circle_package/circle_package.egg-info/top_level.txt
[0.747s] reading manifest file '../../build/circle_package/circle_package.egg-info/SOURCES.txt'
[0.748s] writing manifest file '../../build/circle_package/circle_package.egg-info/SOURCES.txt'
[0.748s] running build
[0.748s] running build_py
[0.748s] running install
[0.749s] running install_lib
[0.749s] running install_data
[0.749s] running install_egg_info
[0.751s] removing '/home/maycon/repositorios/tac-unb/tarefa2/install/circle_package/lib/python3.10/site-packages/circle_package-0.0.0-py3.10.egg-info' (and everything under it)
[0.751s] Copying ../../build/circle_package/circle_package.egg-info to /home/maycon/repositorios/tac-unb/tarefa2/install/circle_package/lib/python3.10/site-packages/circle_package-0.0.0-py3.10.egg-info
[0.751s] running install_scripts
[0.767s] Installing circle script to /home/maycon/repositorios/tac-unb/tarefa2/install/circle_package/lib/circle_package
[0.767s] writing list of installed files to '/home/maycon/repositorios/tac-unb/tarefa2/build/circle_package/install.log'
[0.788s] Invoked command in '/home/maycon/repositorios/tac-unb/tarefa2/src/circle_package' returned '0': PYTHONPATH=/home/maycon/repositorios/tac-unb/tarefa2/build/circle_package/prefix_override:/home/maycon/repositorios/tac-unb/tarefa2/install/circle_package/lib/python3.10/site-packages:${PYTHONPATH} /usr/bin/python3 -W ignore:setup.py install is deprecated setup.py egg_info --egg-base ../../build/circle_package build --build-base /home/maycon/repositorios/tac-unb/tarefa2/build/circle_package/build install --record /home/maycon/repositorios/tac-unb/tarefa2/build/circle_package/install.log --single-version-externally-managed install_data
