[0.430s] Invoking command in '/home/maycon/repositorios/tac-unb/aula-2/ws/src/my_package': PYTHONPATH=/home/maycon/repositorios/tac-unb/aula-2/ws/build/my_package/prefix_override:/home/maycon/repositorios/tac-unb/aula-2/ws/install/my_package/lib/python3.10/site-packages:${PYTHONPATH} /usr/bin/python3 -W ignore:setup.py install is deprecated setup.py egg_info --egg-base ../../build/my_package build --build-base /home/maycon/repositorios/tac-unb/aula-2/ws/build/my_package/build install --record /home/maycon/repositorios/tac-unb/aula-2/ws/build/my_package/install.log --single-version-externally-managed install_data
[0.583s] running egg_info
[0.584s] writing ../../build/my_package/my_package.egg-info/PKG-INFO
[0.584s] writing dependency_links to ../../build/my_package/my_package.egg-info/dependency_links.txt
[0.584s] writing entry points to ../../build/my_package/my_package.egg-info/entry_points.txt
[0.584s] writing requirements to ../../build/my_package/my_package.egg-info/requires.txt
[0.584s] writing top-level names to ../../build/my_package/my_package.egg-info/top_level.txt
[0.586s] reading manifest file '../../build/my_package/my_package.egg-info/SOURCES.txt'
[0.587s] writing manifest file '../../build/my_package/my_package.egg-info/SOURCES.txt'
[0.587s] running build
[0.587s] running build_py
[0.587s] running install
[0.587s] running install_lib
[0.588s] running install_data
[0.588s] running install_egg_info
[0.589s] removing '/home/maycon/repositorios/tac-unb/aula-2/ws/install/my_package/lib/python3.10/site-packages/my_package-0.0.0-py3.10.egg-info' (and everything under it)
[0.590s] Copying ../../build/my_package/my_package.egg-info to /home/maycon/repositorios/tac-unb/aula-2/ws/install/my_package/lib/python3.10/site-packages/my_package-0.0.0-py3.10.egg-info
[0.590s] running install_scripts
[0.604s] Installing listener script to /home/maycon/repositorios/tac-unb/aula-2/ws/install/my_package/lib/my_package
[0.604s] Installing talker script to /home/maycon/repositorios/tac-unb/aula-2/ws/install/my_package/lib/my_package
[0.604s] writing list of installed files to '/home/maycon/repositorios/tac-unb/aula-2/ws/build/my_package/install.log'
[0.620s] Invoked command in '/home/maycon/repositorios/tac-unb/aula-2/ws/src/my_package' returned '0': PYTHONPATH=/home/maycon/repositorios/tac-unb/aula-2/ws/build/my_package/prefix_override:/home/maycon/repositorios/tac-unb/aula-2/ws/install/my_package/lib/python3.10/site-packages:${PYTHONPATH} /usr/bin/python3 -W ignore:setup.py install is deprecated setup.py egg_info --egg-base ../../build/my_package build --build-base /home/maycon/repositorios/tac-unb/aula-2/ws/build/my_package/build install --record /home/maycon/repositorios/tac-unb/aula-2/ws/build/my_package/install.log --single-version-externally-managed install_data
