[0.019s] Invoking command in '/home/maycon/repositorios/tac-unb/aula-2/ws/build/gz_ros2_control': /usr/bin/cmake /home/maycon/repositorios/tac-unb/aula-2/ws/src/gz_ros2_control/gz_ros2_control -DCMAKE_INSTALL_PREFIX=/home/maycon/repositorios/tac-unb/aula-2/ws/install/gz_ros2_control
[0.096s] -- The C compiler identification is GNU 11.4.0
[0.159s] -- The CXX compiler identification is GNU 11.4.0
[0.169s] -- Detecting C compiler ABI info
[0.218s] -- Detecting C compiler ABI info - done
[0.223s] -- Check for working C compiler: /usr/bin/cc - skipped
[0.224s] -- Detecting C compile features
[0.224s] -- Detecting C compile features - done
[0.227s] -- Detecting CXX compiler ABI info
[0.281s] -- Detecting CXX compiler ABI info - done
[0.287s] -- Check for working CXX compiler: /usr/bin/c++ - skipped
[0.287s] -- Detecting CXX compile features
[0.287s] -- Detecting CXX compile features - done
[0.295s] [31mCMake Error at CMakeLists.txt:19 (find_package):
[0.296s]   By not providing "Findament_cmake.cmake" in CMAKE_MODULE_PATH this project
[0.296s]   has asked CMake to find a package configuration file provided by
[0.296s]   "ament_cmake", but CMake did not find one.
[0.296s] 
[0.296s]   Could not find a package configuration file provided by "ament_cmake" with
[0.296s]   any of the following names:
[0.296s] 
[0.296s]     ament_cmakeConfig.cmake
[0.296s]     ament_cmake-config.cmake
[0.296s] 
[0.296s]   Add the installation prefix of "ament_cmake" to CMAKE_PREFIX_PATH or set
[0.296s]   "ament_cmake_DIR" to a directory containing one of the above files.  If
[0.296s]   "ament_cmake" provides a separate development package or SDK, be sure it
[0.296s]   has been installed.
[0.296s] 
[0.297s] [0m
[0.297s] -- Configuring incomplete, errors occurred!
[0.297s] See also "/home/maycon/repositorios/tac-unb/aula-2/ws/build/gz_ros2_control/CMakeFiles/CMakeOutput.log".
[0.299s] Invoked command in '/home/maycon/repositorios/tac-unb/aula-2/ws/build/gz_ros2_control' returned '1': /usr/bin/cmake /home/maycon/repositorios/tac-unb/aula-2/ws/src/gz_ros2_control/gz_ros2_control -DCMAKE_INSTALL_PREFIX=/home/maycon/repositorios/tac-unb/aula-2/ws/install/gz_ros2_control
