[3.599s] Invoking command in '/home/maycon/repositorios/tac-unb/aula-3/workspace/src/circle_package': PYTHONPATH=/home/maycon/repositorios/tac-unb/aula-3/workspace/build/circle_package/prefix_override:/home/maycon/repositorios/tac-unb/aula-3/workspace/install/circle_package/lib/python3.10/site-packages:${PYTHONPATH} /usr/bin/python3 -W ignore:setup.py install is deprecated setup.py egg_info --egg-base ../../build/circle_package build --build-base /home/maycon/repositorios/tac-unb/aula-3/workspace/build/circle_package/build install --record /home/maycon/repositorios/tac-unb/aula-3/workspace/build/circle_package/install.log --single-version-externally-managed install_data
[4.278s] running egg_info
[4.280s] writing ../../build/circle_package/circle_package.egg-info/PKG-INFO
[4.282s] writing dependency_links to ../../build/circle_package/circle_package.egg-info/dependency_links.txt
[4.284s] writing entry points to ../../build/circle_package/circle_package.egg-info/entry_points.txt
[4.285s] writing requirements to ../../build/circle_package/circle_package.egg-info/requires.txt
[4.286s] writing top-level names to ../../build/circle_package/circle_package.egg-info/top_level.txt
[4.295s] reading manifest file '../../build/circle_package/circle_package.egg-info/SOURCES.txt'
[4.300s] writing manifest file '../../build/circle_package/circle_package.egg-info/SOURCES.txt'
[4.300s] running build
[4.300s] running build_py
[4.313s] running install
[4.315s] running install_lib
[4.320s] running install_data
[4.323s] running install_egg_info
[4.324s] removing '/home/maycon/repositorios/tac-unb/aula-3/workspace/install/circle_package/lib/python3.10/site-packages/circle_package-0.0.0-py3.10.egg-info' (and everything under it)
[4.324s] Copying ../../build/circle_package/circle_package.egg-info to /home/maycon/repositorios/tac-unb/aula-3/workspace/install/circle_package/lib/python3.10/site-packages/circle_package-0.0.0-py3.10.egg-info
[4.327s] running install_scripts
[4.376s] Installing circle script to /home/maycon/repositorios/tac-unb/aula-3/workspace/install/circle_package/lib/circle_package
[4.379s] writing list of installed files to '/home/maycon/repositorios/tac-unb/aula-3/workspace/build/circle_package/install.log'
[4.453s] Invoked command in '/home/maycon/repositorios/tac-unb/aula-3/workspace/src/circle_package' returned '0': PYTHONPATH=/home/maycon/repositorios/tac-unb/aula-3/workspace/build/circle_package/prefix_override:/home/maycon/repositorios/tac-unb/aula-3/workspace/install/circle_package/lib/python3.10/site-packages:${PYTHONPATH} /usr/bin/python3 -W ignore:setup.py install is deprecated setup.py egg_info --egg-base ../../build/circle_package build --build-base /home/maycon/repositorios/tac-unb/aula-3/workspace/build/circle_package/build install --record /home/maycon/repositorios/tac-unb/aula-3/workspace/build/circle_package/install.log --single-version-externally-managed install_data
