[2.123s] Invoking command in '/home/maycon/repositorios/tac-unb/aula-3/workspace/src/square_package': PYTHONPATH=/home/maycon/repositorios/tac-unb/aula-3/workspace/build/square_package/prefix_override:/home/maycon/repositorios/tac-unb/aula-3/workspace/install/square_package/lib/python3.10/site-packages:${PYTHONPATH} /usr/bin/python3 -W ignore:setup.py install is deprecated setup.py egg_info --egg-base ../../build/square_package build --build-base /home/maycon/repositorios/tac-unb/aula-3/workspace/build/square_package/build install --record /home/maycon/repositorios/tac-unb/aula-3/workspace/build/square_package/install.log --single-version-externally-managed install_data
[2.702s] running egg_info
[2.705s] writing ../../build/square_package/square_package.egg-info/PKG-INFO
[2.705s] writing dependency_links to ../../build/square_package/square_package.egg-info/dependency_links.txt
[2.706s] writing entry points to ../../build/square_package/square_package.egg-info/entry_points.txt
[2.706s] writing requirements to ../../build/square_package/square_package.egg-info/requires.txt
[2.706s] writing top-level names to ../../build/square_package/square_package.egg-info/top_level.txt
[2.709s] reading manifest file '../../build/square_package/square_package.egg-info/SOURCES.txt'
[2.712s] writing manifest file '../../build/square_package/square_package.egg-info/SOURCES.txt'
[2.712s] running build
[2.712s] running build_py
[2.712s] running install
[2.713s] running install_lib
[2.716s] running install_data
[2.716s] running install_egg_info
[2.721s] removing '/home/maycon/repositorios/tac-unb/aula-3/workspace/install/square_package/lib/python3.10/site-packages/square_package-0.0.0-py3.10.egg-info' (and everything under it)
[2.721s] Copying ../../build/square_package/square_package.egg-info to /home/maycon/repositorios/tac-unb/aula-3/workspace/install/square_package/lib/python3.10/site-packages/square_package-0.0.0-py3.10.egg-info
[2.722s] running install_scripts
[2.769s] Installing square script to /home/maycon/repositorios/tac-unb/aula-3/workspace/install/square_package/lib/square_package
[2.770s] writing list of installed files to '/home/maycon/repositorios/tac-unb/aula-3/workspace/build/square_package/install.log'
[2.821s] Invoked command in '/home/maycon/repositorios/tac-unb/aula-3/workspace/src/square_package' returned '0': PYTHONPATH=/home/maycon/repositorios/tac-unb/aula-3/workspace/build/square_package/prefix_override:/home/maycon/repositorios/tac-unb/aula-3/workspace/install/square_package/lib/python3.10/site-packages:${PYTHONPATH} /usr/bin/python3 -W ignore:setup.py install is deprecated setup.py egg_info --egg-base ../../build/square_package build --build-base /home/maycon/repositorios/tac-unb/aula-3/workspace/build/square_package/build install --record /home/maycon/repositorios/tac-unb/aula-3/workspace/build/square_package/install.log --single-version-externally-managed install_data
