[0.008s] Invoking command in '/home/maycon/repositorios/tac-unb/aula-2/ws/build/ign_ros2_control': CMAKE_PREFIX_PATH=/home/maycon/repositorios/tac-unb/aula-2/ws/install/my_package /usr/bin/cmake /home/maycon/repositorios/tac-unb/aula-2/ws/src/gz_ros2_control/ign_ros2_control -DCMAKE_INSTALL_PREFIX=/home/maycon/repositorios/tac-unb/aula-2/ws/install/ign_ros2_control
[0.023s] [31mCMake Error at CMakeLists.txt:19 (find_package):
[0.023s]   By not providing "Findament_cmake.cmake" in CMAKE_MODULE_PATH this project
[0.023s]   has asked CMake to find a package configuration file provided by
[0.023s]   "ament_cmake", but CMake did not find one.
[0.023s] 
[0.024s]   Could not find a package configuration file provided by "ament_cmake" with
[0.024s]   any of the following names:
[0.024s] 
[0.024s]     ament_cmakeConfig.cmake
[0.024s]     ament_cmake-config.cmake
[0.024s] 
[0.024s]   Add the installation prefix of "ament_cmake" to CMAKE_PREFIX_PATH or set
[0.024s]   "ament_cmake_DIR" to a directory containing one of the above files.  If
[0.024s]   "ament_cmake" provides a separate development package or SDK, be sure it
[0.024s]   has been installed.
[0.024s] 
[0.024s] [0m
[0.024s] -- Configuring incomplete, errors occurred!
[0.024s] See also "/home/maycon/repositorios/tac-unb/aula-2/ws/build/ign_ros2_control/CMakeFiles/CMakeOutput.log".
[0.145s] Invoked command in '/home/maycon/repositorios/tac-unb/aula-2/ws/build/ign_ros2_control' returned '1': CMAKE_PREFIX_PATH=/home/maycon/repositorios/tac-unb/aula-2/ws/install/my_package /usr/bin/cmake /home/maycon/repositorios/tac-unb/aula-2/ws/src/gz_ros2_control/ign_ros2_control -DCMAKE_INSTALL_PREFIX=/home/maycon/repositorios/tac-unb/aula-2/ws/install/ign_ros2_control
