running egg_info
creating ../../build/circle_package/circle_package.egg-info
writing ../../build/circle_package/circle_package.egg-info/PKG-INFO
writing dependency_links to ../../build/circle_package/circle_package.egg-info/dependency_links.txt
writing entry points to ../../build/circle_package/circle_package.egg-info/entry_points.txt
writing requirements to ../../build/circle_package/circle_package.egg-info/requires.txt
writing top-level names to ../../build/circle_package/circle_package.egg-info/top_level.txt
writing manifest file '../../build/circle_package/circle_package.egg-info/SOURCES.txt'
reading manifest file '../../build/circle_package/circle_package.egg-info/SOURCES.txt'
writing manifest file '../../build/circle_package/circle_package.egg-info/SOURCES.txt'
running build
running build_py
creating /home/maycon/repositorios/tac-unb/aula-3/workspace/build/circle_package/build
creating /home/maycon/repositorios/tac-unb/aula-3/workspace/build/circle_package/build/lib
creating /home/maycon/repositorios/tac-unb/aula-3/workspace/build/circle_package/build/lib/circle_package
copying circle_package/__init__.py -> /home/maycon/repositorios/tac-unb/aula-3/workspace/build/circle_package/build/lib/circle_package
copying circle_package/circle.py -> /home/maycon/repositorios/tac-unb/aula-3/workspace/build/circle_package/build/lib/circle_package
running install
running install_lib
creating /home/maycon/repositorios/tac-unb/aula-3/workspace/install/circle_package/lib/python3.10/site-packages/circle_package
copying /home/maycon/repositorios/tac-unb/aula-3/workspace/build/circle_package/build/lib/circle_package/__init__.py -> /home/maycon/repositorios/tac-unb/aula-3/workspace/install/circle_package/lib/python3.10/site-packages/circle_package
copying /home/maycon/repositorios/tac-unb/aula-3/workspace/build/circle_package/build/lib/circle_package/circle.py -> /home/maycon/repositorios/tac-unb/aula-3/workspace/install/circle_package/lib/python3.10/site-packages/circle_package
byte-compiling /home/maycon/repositorios/tac-unb/aula-3/workspace/install/circle_package/lib/python3.10/site-packages/circle_package/__init__.py to __init__.cpython-310.pyc
byte-compiling /home/maycon/repositorios/tac-unb/aula-3/workspace/install/circle_package/lib/python3.10/site-packages/circle_package/circle.py to circle.cpython-310.pyc
running install_data
creating /home/maycon/repositorios/tac-unb/aula-3/workspace/install/circle_package/share/ament_index
creating /home/maycon/repositorios/tac-unb/aula-3/workspace/install/circle_package/share/ament_index/resource_index
creating /home/maycon/repositorios/tac-unb/aula-3/workspace/install/circle_package/share/ament_index/resource_index/packages
copying resource/circle_package -> /home/maycon/repositorios/tac-unb/aula-3/workspace/install/circle_package/share/ament_index/resource_index/packages
copying package.xml -> /home/maycon/repositorios/tac-unb/aula-3/workspace/install/circle_package/share/circle_package
running install_egg_info
Copying ../../build/circle_package/circle_package.egg-info to /home/maycon/repositorios/tac-unb/aula-3/workspace/install/circle_package/lib/python3.10/site-packages/circle_package-0.0.0-py3.10.egg-info
running install_scripts
Installing circle script to /home/maycon/repositorios/tac-unb/aula-3/workspace/install/circle_package/lib/circle_package
writing list of installed files to '/home/maycon/repositorios/tac-unb/aula-3/workspace/build/circle_package/install.log'
