[0.728s] Invoking command in '/home/maycon/repositorios/tac-unb/aula-3/workspace/src/circle_package': PYTHONPATH=/home/maycon/repositorios/tac-unb/aula-3/workspace/build/circle_package/prefix_override:/home/maycon/repositorios/tac-unb/aula-3/workspace/install/circle_package/lib/python3.10/site-packages:${PYTHONPATH} /usr/bin/python3 -W ignore:setup.py install is deprecated setup.py egg_info --egg-base ../../build/circle_package build --build-base /home/maycon/repositorios/tac-unb/aula-3/workspace/build/circle_package/build install --record /home/maycon/repositorios/tac-unb/aula-3/workspace/build/circle_package/install.log --single-version-externally-managed install_data
[0.898s] running egg_info
[0.898s] creating ../../build/circle_package/circle_package.egg-info
[0.899s] writing ../../build/circle_package/circle_package.egg-info/PKG-INFO
[0.899s] writing dependency_links to ../../build/circle_package/circle_package.egg-info/dependency_links.txt
[0.899s] writing entry points to ../../build/circle_package/circle_package.egg-info/entry_points.txt
[0.899s] writing requirements to ../../build/circle_package/circle_package.egg-info/requires.txt
[0.899s] writing top-level names to ../../build/circle_package/circle_package.egg-info/top_level.txt
[0.899s] writing manifest file '../../build/circle_package/circle_package.egg-info/SOURCES.txt'
[0.900s] reading manifest file '../../build/circle_package/circle_package.egg-info/SOURCES.txt'
[0.901s] writing manifest file '../../build/circle_package/circle_package.egg-info/SOURCES.txt'
[0.901s] running build
[0.901s] running build_py
[0.901s] creating /home/maycon/repositorios/tac-unb/aula-3/workspace/build/circle_package/build
[0.901s] creating /home/maycon/repositorios/tac-unb/aula-3/workspace/build/circle_package/build/lib
[0.901s] creating /home/maycon/repositorios/tac-unb/aula-3/workspace/build/circle_package/build/lib/circle_package
[0.901s] copying circle_package/__init__.py -> /home/maycon/repositorios/tac-unb/aula-3/workspace/build/circle_package/build/lib/circle_package
[0.901s] copying circle_package/circle.py -> /home/maycon/repositorios/tac-unb/aula-3/workspace/build/circle_package/build/lib/circle_package
[0.902s] running install
[0.902s] running install_lib
[0.902s] creating /home/maycon/repositorios/tac-unb/aula-3/workspace/install/circle_package/lib/python3.10/site-packages/circle_package
[0.902s] copying /home/maycon/repositorios/tac-unb/aula-3/workspace/build/circle_package/build/lib/circle_package/__init__.py -> /home/maycon/repositorios/tac-unb/aula-3/workspace/install/circle_package/lib/python3.10/site-packages/circle_package
[0.902s] copying /home/maycon/repositorios/tac-unb/aula-3/workspace/build/circle_package/build/lib/circle_package/circle.py -> /home/maycon/repositorios/tac-unb/aula-3/workspace/install/circle_package/lib/python3.10/site-packages/circle_package
[0.903s] byte-compiling /home/maycon/repositorios/tac-unb/aula-3/workspace/install/circle_package/lib/python3.10/site-packages/circle_package/__init__.py to __init__.cpython-310.pyc
[0.903s] byte-compiling /home/maycon/repositorios/tac-unb/aula-3/workspace/install/circle_package/lib/python3.10/site-packages/circle_package/circle.py to circle.cpython-310.pyc
[0.903s] running install_data
[0.903s] creating /home/maycon/repositorios/tac-unb/aula-3/workspace/install/circle_package/share/ament_index
[0.903s] creating /home/maycon/repositorios/tac-unb/aula-3/workspace/install/circle_package/share/ament_index/resource_index
[0.903s] creating /home/maycon/repositorios/tac-unb/aula-3/workspace/install/circle_package/share/ament_index/resource_index/packages
[0.903s] copying resource/circle_package -> /home/maycon/repositorios/tac-unb/aula-3/workspace/install/circle_package/share/ament_index/resource_index/packages
[0.903s] copying package.xml -> /home/maycon/repositorios/tac-unb/aula-3/workspace/install/circle_package/share/circle_package
[0.904s] running install_egg_info
[0.905s] Copying ../../build/circle_package/circle_package.egg-info to /home/maycon/repositorios/tac-unb/aula-3/workspace/install/circle_package/lib/python3.10/site-packages/circle_package-0.0.0-py3.10.egg-info
[0.905s] running install_scripts
[0.922s] Installing circle script to /home/maycon/repositorios/tac-unb/aula-3/workspace/install/circle_package/lib/circle_package
[0.922s] writing list of installed files to '/home/maycon/repositorios/tac-unb/aula-3/workspace/build/circle_package/install.log'
[0.942s] Invoked command in '/home/maycon/repositorios/tac-unb/aula-3/workspace/src/circle_package' returned '0': PYTHONPATH=/home/maycon/repositorios/tac-unb/aula-3/workspace/build/circle_package/prefix_override:/home/maycon/repositorios/tac-unb/aula-3/workspace/install/circle_package/lib/python3.10/site-packages:${PYTHONPATH} /usr/bin/python3 -W ignore:setup.py install is deprecated setup.py egg_info --egg-base ../../build/circle_package build --build-base /home/maycon/repositorios/tac-unb/aula-3/workspace/build/circle_package/build install --record /home/maycon/repositorios/tac-unb/aula-3/workspace/build/circle_package/install.log --single-version-externally-managed install_data
