[0.014s] Invoking command in '/home/maycon/repositorios/tac-unb/aula-2/ws/build/gz_ros2_control': CMAKE_PREFIX_PATH=${CMAKE_PREFIX_PATH}:/home/maycon/repositorios/tac-unb/aula-2/ws/install/my_package:/opt/ros/humble /usr/bin/cmake --build /home/maycon/repositorios/tac-unb/aula-2/ws/build/gz_ros2_control -- -j8 -l8
[0.048s] [35m[1mConsolidate compiler generated dependencies of target gz_hardware_plugins[0m
[0.048s] [35m[1mConsolidate compiler generated dependencies of target gz_ros2_control-system[0m
[0.068s] [ 50%] [32mBuilding CXX object CMakeFiles/gz_ros2_control-system.dir/src/gz_ros2_control_plugin.cpp.o[0m
[0.068s] [ 50%] [32mBuilding CXX object CMakeFiles/gz_hardware_plugins.dir/src/gz_system.cpp.o[0m
[4.366s] [01m[K/home/maycon/repositorios/tac-unb/aula-2/ws/src/gz_ros2_control/gz_ros2_control/src/gz_system.cpp:[m[K In member function ‘[01m[Kvirtual bool gz_ros2_control::GazeboSimSystem::initSim(rclcpp::Node::SharedPtr&, std::map<std::__cxx11::basic_string<char>, long unsigned int>&, const hardware_interface::HardwareInfo&, ignition::gazebo::v6::EntityComponentManager&, int&)[m[K’:
[4.366s] [01m[K/home/maycon/repositorios/tac-unb/aula-2/ws/src/gz_ros2_control/gz_ros2_control/src/gz_system.cpp:281:21:[m[K [01;31m[Kerror: [m[K‘[01m[Kconst struct hardware_interface::HardwareInfo[m[K’ has no member named ‘[01m[Kmimic_joints[m[K’
[4.366s]   281 |       hardware_info.[01;31m[Kmimic_joints[m[K.begin(),
[4.366s]       |                     [01;31m[K^~~~~~~~~~~~[m[K
[4.366s] [01m[K/home/maycon/repositorios/tac-unb/aula-2/ws/src/gz_ros2_control/gz_ros2_control/src/gz_system.cpp:282:21:[m[K [01;31m[Kerror: [m[K‘[01m[Kconst struct hardware_interface::HardwareInfo[m[K’ has no member named ‘[01m[Kmimic_joints[m[K’
[4.367s]   282 |       hardware_info.[01;31m[Kmimic_joints[m[K.end(),
[4.367s]       |                     [01;31m[K^~~~~~~~~~~~[m[K
[4.367s] [01m[K/home/maycon/repositorios/tac-unb/aula-2/ws/src/gz_ros2_control/gz_ros2_control/src/gz_system.cpp:283:37:[m[K [01;31m[Kerror: [m[K‘[01m[KMimicJoint[m[K’ in namespace ‘[01m[Khardware_interface[m[K’ does not name a type
[4.367s]   283 |       [j](const hardware_interface::[01;31m[KMimicJoint[m[K & mj) {
[4.367s]       |                                     [01;31m[K^~~~~~~~~~[m[K
[4.367s] [01m[K/home/maycon/repositorios/tac-unb/aula-2/ws/src/gz_ros2_control/gz_ros2_control/src/gz_system.cpp:[m[K In lambda function:
[4.367s] [01m[K/home/maycon/repositorios/tac-unb/aula-2/ws/src/gz_ros2_control/gz_ros2_control/src/gz_system.cpp:285:9:[m[K [01;31m[Kerror: [m[Kexpected ‘[01m[K{[m[K’ before ‘[01m[K;[m[K’ token
[4.367s]   285 |       })[01;31m[K;[m[K
[4.367s]       |         [01;31m[K^[m[K
[4.367s] [01m[K/home/maycon/repositorios/tac-unb/aula-2/ws/src/gz_ros2_control/gz_ros2_control/src/gz_system.cpp:[m[K In member function ‘[01m[Kvirtual bool gz_ros2_control::GazeboSimSystem::initSim(rclcpp::Node::SharedPtr&, std::map<std::__cxx11::basic_string<char>, long unsigned int>&, const hardware_interface::HardwareInfo&, ignition::gazebo::v6::EntityComponentManager&, int&)[m[K’:
[4.367s] [01m[K/home/maycon/repositorios/tac-unb/aula-2/ws/src/gz_ros2_control/gz_ros2_control/src/gz_system.cpp:285:9:[m[K [01;31m[Kerror: [m[Kexpected ‘[01m[K)[m[K’ before ‘[01m[K;[m[K’ token
[4.367s]   285 |       })[01;31m[K;[m[K
[4.367s]       |         [01;31m[K^[m[K
[4.367s]       |         [32m[K)[m[K
[4.367s] [01m[K/home/maycon/repositorios/tac-unb/aula-2/ws/src/gz_ros2_control/gz_ros2_control/src/gz_system.cpp:280:27:[m[K [01;36m[Knote: [m[Kto match this ‘[01m[K([m[K’
[4.367s]   280 |     auto it = std::find_if[01;36m[K([m[K
[4.367s]       |                           [01;36m[K^[m[K
[4.367s] [01m[K/home/maycon/repositorios/tac-unb/aula-2/ws/src/gz_ros2_control/gz_ros2_control/src/gz_system.cpp:287:29:[m[K [01;31m[Kerror: [m[K‘[01m[Kconst struct hardware_interface::HardwareInfo[m[K’ has no member named ‘[01m[Kmimic_joints[m[K’
[4.367s]   287 |     if (it != hardware_info.[01;31m[Kmimic_joints[m[K.end()) {
[4.367s]       |                             [01;31m[K^~~~~~~~~~~~[m[K
[4.396s] [01m[K/home/maycon/repositorios/tac-unb/aula-2/ws/src/gz_ros2_control/gz_ros2_control/src/gz_system.cpp:[m[K In member function ‘[01m[Kvirtual hardware_interface::return_type gz_ros2_control::GazeboSimSystem::write(const rclcpp::Time&, const rclcpp::Duration&)[m[K’:
[4.396s] [01m[K/home/maycon/repositorios/tac-unb/aula-2/ws/src/gz_ros2_control/gz_ros2_control/src/gz_system.cpp:686:47:[m[K [01;31m[Kerror: [m[K‘[01m[Kstruct hardware_interface::HardwareInfo[m[K’ has no member named ‘[01m[Kmimic_joints[m[K’
[4.396s]   686 |   for (const auto & mimic_joint : this->info_.[01;31m[Kmimic_joints[m[K) {
[4.396s]       |                                               [01;31m[K^~~~~~~~~~~~[m[K
[4.919s] [01m[K/home/maycon/repositorios/tac-unb/aula-2/ws/src/gz_ros2_control/gz_ros2_control/src/gz_ros2_control_plugin.cpp:[m[K In member function ‘[01m[Kvirtual void gz_ros2_control::GazeboSimROS2ControlPlugin::Configure(const Entity&, const std::shared_ptr<const sdf::v12::Element>&, ignition::gazebo::v6::EntityComponentManager&, ignition::gazebo::v6::EventManager&)[m[K’:
[4.919s] [01m[K/home/maycon/repositorios/tac-unb/aula-2/ws/src/gz_ros2_control/gz_ros2_control/src/gz_ros2_control_plugin.cpp:439:67:[m[K [01;31m[Kerror: [m[K‘[01m[K__gnu_cxx::__alloc_traits<std::allocator<hardware_interface::HardwareInfo>, hardware_interface::HardwareInfo>::value_type[m[K’ {aka ‘[01m[Kstruct hardware_interface::HardwareInfo[m[K’} has no member named ‘[01m[Khardware_plugin_name[m[K’
[4.919s]   439 | d::string robot_hw_sim_type_str_ = control_hardware_info[i].[01;31m[Khardware_plugin_name[m[K;
[4.919s]       |                                                             [01;31m[K^~~~~~~~~~~~~~~~~~~~[m[K
[4.919s] 
[6.293s] gmake[2]: *** [CMakeFiles/gz_hardware_plugins.dir/build.make:76: CMakeFiles/gz_hardware_plugins.dir/src/gz_system.cpp.o] Error 1
[6.293s] gmake[1]: *** [CMakeFiles/Makefile2:165: CMakeFiles/gz_hardware_plugins.dir/all] Error 2
[6.293s] gmake[1]: *** Waiting for unfinished jobs....
[6.426s] gmake[2]: *** [CMakeFiles/gz_ros2_control-system.dir/build.make:76: CMakeFiles/gz_ros2_control-system.dir/src/gz_ros2_control_plugin.cpp.o] Error 1
[6.426s] gmake[1]: *** [CMakeFiles/Makefile2:139: CMakeFiles/gz_ros2_control-system.dir/all] Error 2
[6.426s] gmake: *** [Makefile:146: all] Error 2
[6.428s] Invoked command in '/home/maycon/repositorios/tac-unb/aula-2/ws/build/gz_ros2_control' returned '2': CMAKE_PREFIX_PATH=${CMAKE_PREFIX_PATH}:/home/maycon/repositorios/tac-unb/aula-2/ws/install/my_package:/opt/ros/humble /usr/bin/cmake --build /home/maycon/repositorios/tac-unb/aula-2/ws/build/gz_ros2_control -- -j8 -l8
