[0.011s] Invoking command in '/home/maycon/repositorios/tac-unb/aula-2/ws/build/ign_ros2_control': CMAKE_PREFIX_PATH=/opt/ros/humble:/home/maycon/repositorios/tac-unb/aula-2/ws/install/my_package /usr/bin/cmake /home/maycon/repositorios/tac-unb/aula-2/ws/src/gz_ros2_control/ign_ros2_control -DCMAKE_INSTALL_PREFIX=/home/maycon/repositorios/tac-unb/aula-2/ws/install/ign_ros2_control
[0.035s] -- Found ament_cmake: 1.3.8 (/opt/ros/humble/share/ament_cmake/cmake)
[0.142s] -- Found Python3: /usr/bin/python3 (found version "3.10.12") found components: Interpreter 
[0.218s] -- Found ament_index_cpp: 1.4.0 (/opt/ros/humble/share/ament_index_cpp/cmake)
[0.219s] -- Found controller_manager: 2.40.0 (/opt/ros/humble/share/controller_manager/cmake)
[0.257s] -- Found rosidl_generator_c: 3.1.5 (/opt/ros/humble/share/rosidl_generator_c/cmake)
[0.261s] -- Found rosidl_adapter: 3.1.5 (/opt/ros/humble/share/rosidl_adapter/cmake)
[0.269s] -- Found rosidl_generator_cpp: 3.1.5 (/opt/ros/humble/share/rosidl_generator_cpp/cmake)
[0.280s] -- Using all available rosidl_typesupport_c: rosidl_typesupport_fastrtps_c;rosidl_typesupport_introspection_c
[0.296s] -- Using all available rosidl_typesupport_cpp: rosidl_typesupport_fastrtps_cpp;rosidl_typesupport_introspection_cpp
[0.802s] -- Found rmw_implementation_cmake: 6.1.1 (/opt/ros/humble/share/rmw_implementation_cmake/cmake)
[0.804s] -- Found rmw_fastrtps_cpp: 6.2.6 (/opt/ros/humble/share/rmw_fastrtps_cpp/cmake)
[0.833s] -- Found TinyXML2 via Config file: TinyXML2_DIR-NOTFOUND
[0.873s] -- Found OpenSSL: /usr/lib/x86_64-linux-gnu/libcrypto.so (found version "3.0.2")  
[0.875s] -- Found TinyXML2 via Config file: TinyXML2_DIR-NOTFOUND
[0.886s] -- Found FastRTPS: /opt/ros/humble/include  
[0.893s] -- Found TinyXML2 via Config file: TinyXML2_DIR-NOTFOUND
[0.899s] -- Found TinyXML2 via Config file: TinyXML2_DIR-NOTFOUND
[0.906s] -- Using RMW implementation 'rmw_fastrtps_cpp' as default
[0.915s] -- Looking for pthread.h
[0.975s] -- Looking for pthread.h - found
[0.975s] -- Performing Test CMAKE_HAVE_LIBC_PTHREAD
[1.027s] -- Performing Test CMAKE_HAVE_LIBC_PTHREAD - Success
[1.027s] -- Found Threads: TRUE  
[1.442s] -- Found yaml_cpp_vendor: 8.0.2 (/opt/ros/humble/share/yaml_cpp_vendor/cmake)
[1.445s] -- Looking for ignition-gazebo6 -- found version 6.16.0
[1.452s] -- Searching for dependencies of ignition-gazebo6
[1.454s] -- Looking for sdformat12 -- found version 12.7.2
[1.454s] -- Searching for dependencies of sdformat12
[1.458s] -- Checking for module 'tinyxml2'
[1.467s] --   Found tinyxml2, version 9.0.0
[1.492s] -- Looking for ignition-math6 -- found version 6.15.1
[1.492s] -- Searching for dependencies of ignition-math6
[1.495s] -- Looking for ignition-utils1 -- found version 1.5.1
[1.495s] -- Searching for dependencies of ignition-utils1
[1.498s] -- Looking for ignition-plugin1 -- found version 1.4.0
[1.499s] -- Searching for dependencies of ignition-plugin1
[1.499s] -- Searching for <ignition-plugin1> component [loader]
[1.501s] -- Looking for ignition-plugin1-loader -- found version 1.4.0
[1.501s] -- Searching for dependencies of ignition-plugin1-loader
[1.502s] -- Searching for <ignition-plugin1> component [register]
[1.503s] -- Looking for ignition-plugin1-register -- found version 1.4.0
[1.504s] -- Searching for dependencies of ignition-plugin1-register
[1.506s] -- Looking for ignition-transport11 -- found version 11.4.1
[1.506s] -- Searching for dependencies of ignition-transport11
[1.524s] -- Found Protobuf: /usr/lib/x86_64-linux-gnu/libprotobuf.so (found version "3.12.4") 
[1.532s] -- Config-file not installed for ZeroMQ -- checking for pkg-config
[1.536s] -- Checking for module 'libzmq >= 4'
[1.545s] --   Found libzmq , version 4.3.4
[1.572s] -- Found ZeroMQ: TRUE (Required is at least version "4") 
[1.577s] -- Checking for module 'uuid'
[1.586s] --   Found uuid, version 2.37.2
[1.621s] -- Found UUID: TRUE  
[1.621s] -- Looking for ignition-utils1 -- found version 1.5.1
[1.622s] -- Searching for dependencies of ignition-utils1
[1.623s] -- Searching for <ignition-utils1> component [cli]
[1.627s] -- Looking for ignition-utils1-cli -- found version 1.5.1
[1.627s] -- Searching for dependencies of ignition-utils1-cli
[1.631s] -- Looking for ignition-msgs8 -- found version 8.7.0
[1.631s] -- Searching for dependencies of ignition-msgs8
[1.644s] -- Found Protobuf: /usr/lib/x86_64-linux-gnu/libprotobuf.so (found suitable version "3.12.4", minimum required is "3") 
[1.645s] -- Looking for ignition-math6 -- found version 6.15.1
[1.651s] -- Searching for <ignition-transport11> component [log]
[1.653s] -- Looking for ignition-transport11-log -- found version 11.4.1
[1.653s] -- Searching for dependencies of ignition-transport11-log
[1.654s] -- Searching for <ignition-transport11> component [parameters]
[1.656s] -- Looking for ignition-transport11-parameters -- found version 11.4.1
[1.656s] -- Searching for dependencies of ignition-transport11-parameters
[1.657s] -- Looking for ignition-msgs8 -- found version 8.7.0
[1.659s] -- Looking for ignition-common4 -- found version 4.7.0
[1.659s] -- Searching for dependencies of ignition-common4
[1.659s] -- Looking for dlfcn.h - found
[1.660s] -- Looking for libdl - found
[1.661s] -- Found DL: TRUE  
[1.667s] -- Searching for <ignition-common4> component [profiler]
[1.669s] -- Looking for ignition-common4-profiler -- found version 4.7.0
[1.669s] -- Searching for dependencies of ignition-common4-profiler
[1.669s] -- Searching for <ignition-common4> component [events]
[1.671s] -- Looking for ignition-common4-events -- found version 4.7.0
[1.671s] -- Searching for dependencies of ignition-common4-events
[1.671s] -- Looking for ignition-math6 -- found version 6.15.1
[1.672s] -- Searching for <ignition-common4> component [av]
[1.674s] -- Looking for ignition-common4-av -- found version 4.7.0
[1.674s] -- Searching for dependencies of ignition-common4-av
[1.678s] -- Checking for module 'libswscale'
[1.688s] --   Found libswscale, version 5.9.100
[1.715s] -- Found SWSCALE: TRUE  
[1.720s] -- Checking for module 'libavdevice >= 56.4.100'
[1.731s] --   Found libavdevice , version 58.13.100
[1.774s] -- Found AVDEVICE: TRUE (Required is at least version "56.4.100") 
[1.780s] -- Checking for module 'libavformat'
[1.791s] --   Found libavformat, version 58.76.100
[1.819s] -- Found AVFORMAT: TRUE  
[1.824s] -- Checking for module 'libavcodec'
[1.835s] --   Found libavcodec, version 58.134.100
[1.882s] -- Found AVCODEC: TRUE  
[1.889s] -- Checking for module 'libavutil'
[1.903s] --   Found libavutil, version 56.70.100
[1.952s] -- Found AVUTIL: TRUE  
[1.956s] -- Looking for ignition-fuel_tools7 -- found version 7.3.0
[1.957s] -- Searching for dependencies of ignition-fuel_tools7
[2.018s] -- Found CURL: /usr/lib/x86_64-linux-gnu/libcurl.so (found version "7.81.0")  
[2.026s] -- Checking for module 'jsoncpp'
[2.036s] --   Found jsoncpp, version 1.9.5
[2.065s] -- Found JSONCPP: TRUE  
[2.071s] -- Checking for module 'libzip'
[2.080s] --   Found libzip, version 1.7.3
[2.119s] -- Found ZIP: TRUE  
[2.119s] -- Looking for ignition-common4 -- found version 4.7.0
[2.120s] -- Looking for ignition-math6 -- found version 6.15.1
[2.121s] -- Looking for ignition-msgs8 -- found version 8.7.0
[2.125s] -- Looking for ignition-gui6 -- found version 6.8.0
[2.125s] -- Searching for dependencies of ignition-gui6
[2.144s] -- Looking for ignition-math6 -- found version 6.15.1
[2.144s] -- Looking for ignition-common4 -- found version 4.7.0
[2.144s] -- Looking for ignition-plugin1 -- found version 1.4.0
[2.145s] -- Looking for ignition-transport11 -- found version 11.4.1
[2.148s] -- Looking for ignition-rendering6 -- found version 6.6.3
[2.148s] -- Searching for dependencies of ignition-rendering6
[2.148s] -- Looking for ignition-math6 -- found version 6.15.1
[2.148s] -- Searching for dependencies of ignition-math6
[2.149s] -- Searching for <ignition-math6> component [eigen3]
[2.151s] -- Looking for ignition-math6-eigen3 -- found version 6.15.1
[2.151s] -- Searching for dependencies of ignition-math6-eigen3
[2.158s] -- Looking for ignition-common4 -- found version 4.7.0
[2.158s] -- Searching for dependencies of ignition-common4
[2.158s] -- Looking for dlfcn.h - found
[2.159s] -- Looking for libdl - found
[2.165s] -- Searching for <ignition-common4> component [graphics]
[2.167s] -- Looking for ignition-common4-graphics -- found version 4.7.0
[2.167s] -- Searching for dependencies of ignition-common4-graphics
[2.168s] -- Looking for ignition-math6 -- found version 6.15.1
[2.168s] -- Looking for ignition-utils1 -- found version 1.5.1
[2.169s] -- Searching for <ignition-common4> component [events]
[2.170s] -- Looking for ignition-plugin1 -- found version 1.4.0
[2.170s] -- Searching for dependencies of ignition-plugin1
[2.170s] -- Searching for <ignition-plugin1> component [all]
[2.172s] -- Looking for all libraries of ignition-plugin1 -- found version 1.4.0
[2.173s] -- Looking for ignition-plugin1 -- found version 1.4.0
[2.175s] -- Looking for ignition-msgs8 -- found version 8.7.0
[2.196s] -- Looking for ignition-physics5 -- found version 5.3.2
[2.196s] -- Searching for dependencies of ignition-physics5
[2.197s] -- Looking for ignition-math6 -- found version 6.15.1
[2.197s] -- Looking for ignition-plugin1 -- found version 1.4.0
[2.198s] -- Looking for ignition-utils1 -- found version 1.5.1
[2.199s] -- Searching for <ignition-physics5> component [heightmap]
[2.201s] -- Looking for ignition-physics5-heightmap -- found version 5.3.2
[2.201s] -- Searching for dependencies of ignition-physics5-heightmap
[2.201s] -- Looking for ignition-common4 -- found version 4.7.0
[2.202s] -- Searching for <ignition-physics5> component [mesh]
[2.204s] -- Looking for ignition-physics5-mesh -- found version 5.3.2
[2.204s] -- Searching for dependencies of ignition-physics5-mesh
[2.205s] -- Looking for ignition-common4 -- found version 4.7.0
[2.205s] -- Searching for <ignition-physics5> component [sdf]
[2.207s] -- Looking for ignition-physics5-sdf -- found version 5.3.2
[2.208s] -- Searching for dependencies of ignition-physics5-sdf
[2.208s] -- Looking for sdformat12 -- found version 12.7.2
[2.211s] -- Looking for ignition-sensors6 -- found version 6.8.0
[2.211s] -- Searching for dependencies of ignition-sensors6
[2.224s] -- Found Protobuf: /usr/lib/x86_64-linux-gnu/libprotobuf.so (found version "3.12.4") 
[2.224s] -- Looking for ignition-math6 -- found version 6.15.1
[2.225s] -- Looking for ignition-common4 -- found version 4.7.0
[2.226s] -- Looking for ignition-transport11 -- found version 11.4.1
[2.226s] -- Looking for ignition-rendering6 -- found version 6.6.3
[2.226s] -- Looking for ignition-msgs8 -- found version 8.7.0
[2.227s] -- Looking for sdformat12 -- found version 12.7.2
[2.227s] -- Searching for <ignition-sensors6> component [air_pressure]
[2.230s] -- Looking for ignition-sensors6-air_pressure -- found version 6.8.0
[2.230s] -- Searching for dependencies of ignition-sensors6-air_pressure
[2.231s] -- Searching for <ignition-sensors6> component [altimeter]
[2.233s] -- Looking for ignition-sensors6-altimeter -- found version 6.8.0
[2.233s] -- Searching for dependencies of ignition-sensors6-altimeter
[2.234s] -- Searching for <ignition-sensors6> component [imu]
[2.236s] -- Looking for ignition-sensors6-imu -- found version 6.8.0
[2.236s] -- Searching for dependencies of ignition-sensors6-imu
[2.237s] -- Searching for <ignition-sensors6> component [force_torque]
[2.239s] -- Looking for ignition-sensors6-force_torque -- found version 6.8.0
[2.239s] -- Searching for dependencies of ignition-sensors6-force_torque
[2.240s] -- Searching for <ignition-sensors6> component [logical_camera]
[2.242s] -- Looking for ignition-sensors6-logical_camera -- found version 6.8.0
[2.242s] -- Searching for dependencies of ignition-sensors6-logical_camera
[2.243s] -- Searching for <ignition-sensors6> component [magnetometer]
[2.245s] -- Looking for ignition-sensors6-magnetometer -- found version 6.8.0
[2.245s] -- Searching for dependencies of ignition-sensors6-magnetometer
[2.246s] -- Searching for <ignition-sensors6> component [navsat]
[2.248s] -- Looking for ignition-sensors6-navsat -- found version 6.8.0
[2.248s] -- Searching for dependencies of ignition-sensors6-navsat
[2.249s] -- Searching for <ignition-sensors6> component [rendering]
[2.251s] -- Looking for ignition-sensors6-rendering -- found version 6.8.0
[2.251s] -- Searching for dependencies of ignition-sensors6-rendering
[2.252s] -- Searching for <ignition-sensors6> component [lidar]
[2.254s] -- Looking for ignition-sensors6-lidar -- found version 6.8.0
[2.255s] -- Searching for dependencies of ignition-sensors6-lidar
[2.255s] -- Looking for ignition-sensors6 -- found version 6.8.0
[2.256s] -- Searching for <ignition-sensors6> component [gpu_lidar]
[2.258s] -- Looking for ignition-sensors6-gpu_lidar -- found version 6.8.0
[2.258s] -- Searching for dependencies of ignition-sensors6-gpu_lidar
[2.258s] -- Looking for ignition-sensors6 -- found version 6.8.0
[2.259s] -- Searching for <ignition-sensors6> component [camera]
[2.261s] -- Looking for ignition-sensors6-camera -- found version 6.8.0
[2.262s] -- Searching for dependencies of ignition-sensors6-camera
[2.262s] -- Looking for ignition-sensors6 -- found version 6.8.0
[2.263s] -- Searching for <ignition-sensors6> component [boundingbox_camera]
[2.264s] -- Looking for ignition-sensors6-boundingbox_camera -- found version 6.8.0
[2.265s] -- Searching for dependencies of ignition-sensors6-boundingbox_camera
[2.266s] -- Searching for <ignition-sensors6> component [segmentation_camera]
[2.267s] -- Looking for ignition-sensors6-segmentation_camera -- found version 6.8.0
[2.268s] -- Searching for dependencies of ignition-sensors6-segmentation_camera
[2.268s] -- Searching for <ignition-sensors6> component [depth_camera]
[2.271s] -- Looking for ignition-sensors6-depth_camera -- found version 6.8.0
[2.271s] -- Searching for dependencies of ignition-sensors6-depth_camera
[2.271s] -- Looking for ignition-sensors6 -- found version 6.8.0
[2.272s] -- Searching for <ignition-sensors6> component [rgbd_camera]
[2.274s] -- Looking for ignition-sensors6-rgbd_camera -- found version 6.8.0
[2.274s] -- Searching for dependencies of ignition-sensors6-rgbd_camera
[2.275s] -- Looking for ignition-sensors6 -- found version 6.8.0
[2.275s] -- Searching for <ignition-sensors6> component [thermal_camera]
[2.277s] -- Looking for ignition-sensors6-thermal_camera -- found version 6.8.0
[2.278s] -- Searching for dependencies of ignition-sensors6-thermal_camera
[2.278s] -- Looking for ignition-sensors6 -- found version 6.8.0
[2.279s] -- Looking for ignition-rendering6 -- found version 6.6.3
[2.279s] -- Looking for ignition-math6 -- found version 6.15.1
[2.282s] -- Looking for ignition-utils1 -- found version 1.5.1
[2.295s] -- Compiling against Ignition Fortress
[2.295s] -- Looking for ignition-plugin1 -- found version 1.4.0
[2.637s] -- Found ament_lint_auto: 0.12.10 (/opt/ros/humble/share/ament_lint_auto/cmake)
[2.701s] -- Added test 'copyright' to check source files copyright and LICENSE
[2.702s] -- Added test 'cppcheck' to perform static code analysis on C / C++ code
[2.703s] -- Configured cppcheck include dirs: /home/maycon/repositorios/tac-unb/aula-2/ws/src/gz_ros2_control/ign_ros2_control/include
[2.703s] -- Configured cppcheck exclude dirs and/or files: 
[2.704s] -- Added test 'cpplint' to check C / C++ code against the Google style
[2.704s] -- Configured cpplint exclude dirs and/or files: 
[2.704s] -- Added test 'lint_cmake' to check CMake code style
[2.706s] -- Added test 'uncrustify' to check C / C++ code style
[2.706s] -- Configured uncrustify additional arguments: 
[2.706s] -- Added test 'xmllint' to check XML markup files
[2.709s] -- Configuring done
[2.764s] -- Generating done
[2.767s] -- Build files have been written to: /home/maycon/repositorios/tac-unb/aula-2/ws/build/ign_ros2_control
[2.777s] Invoked command in '/home/maycon/repositorios/tac-unb/aula-2/ws/build/ign_ros2_control' returned '0': CMAKE_PREFIX_PATH=/opt/ros/humble:/home/maycon/repositorios/tac-unb/aula-2/ws/install/my_package /usr/bin/cmake /home/maycon/repositorios/tac-unb/aula-2/ws/src/gz_ros2_control/ign_ros2_control -DCMAKE_INSTALL_PREFIX=/home/maycon/repositorios/tac-unb/aula-2/ws/install/ign_ros2_control
[2.778s] Invoking command in '/home/maycon/repositorios/tac-unb/aula-2/ws/build/ign_ros2_control': CMAKE_PREFIX_PATH=/opt/ros/humble:/home/maycon/repositorios/tac-unb/aula-2/ws/install/my_package /usr/bin/cmake --build /home/maycon/repositorios/tac-unb/aula-2/ws/build/ign_ros2_control -- -j8 -l8
[2.817s] [ 50%] [32mBuilding CXX object CMakeFiles/ign_ros2_control-system.dir/src/ign_ros2_control_plugin.cpp.o[0m
[2.817s] [ 50%] [32mBuilding CXX object CMakeFiles/ign_hardware_plugins.dir/src/ign_system.cpp.o[0m
[11.252s] [ 75%] [32m[1mLinking CXX shared library libign_hardware_plugins.so[0m
[11.601s] [100%] [32m[1mLinking CXX shared library libign_ros2_control-system.so[0m
[11.776s] [100%] Built target ign_hardware_plugins
[12.132s] [100%] Built target ign_ros2_control-system
[12.140s] Invoked command in '/home/maycon/repositorios/tac-unb/aula-2/ws/build/ign_ros2_control' returned '0': CMAKE_PREFIX_PATH=/opt/ros/humble:/home/maycon/repositorios/tac-unb/aula-2/ws/install/my_package /usr/bin/cmake --build /home/maycon/repositorios/tac-unb/aula-2/ws/build/ign_ros2_control -- -j8 -l8
[12.167s] Invoking command in '/home/maycon/repositorios/tac-unb/aula-2/ws/build/ign_ros2_control': CMAKE_PREFIX_PATH=/opt/ros/humble:/home/maycon/repositorios/tac-unb/aula-2/ws/install/my_package /usr/bin/cmake --install /home/maycon/repositorios/tac-unb/aula-2/ws/build/ign_ros2_control
[12.175s] -- Install configuration: ""
[12.175s] -- Installing: /home/maycon/repositorios/tac-unb/aula-2/ws/install/ign_ros2_control/lib/libign_hardware_plugins.so
[12.179s] -- Set runtime path of "/home/maycon/repositorios/tac-unb/aula-2/ws/install/ign_ros2_control/lib/libign_hardware_plugins.so" to ""
[12.179s] -- Installing: /home/maycon/repositorios/tac-unb/aula-2/ws/install/ign_ros2_control/include
[12.180s] -- Installing: /home/maycon/repositorios/tac-unb/aula-2/ws/install/ign_ros2_control/include/ign_ros2_control
[12.180s] -- Installing: /home/maycon/repositorios/tac-unb/aula-2/ws/install/ign_ros2_control/include/ign_ros2_control/ign_ros2_control_plugin.hpp
[12.180s] -- Installing: /home/maycon/repositorios/tac-unb/aula-2/ws/install/ign_ros2_control/include/ign_ros2_control/ign_system.hpp
[12.180s] -- Installing: /home/maycon/repositorios/tac-unb/aula-2/ws/install/ign_ros2_control/include/ign_ros2_control/ign_system_interface.hpp
[12.180s] -- Installing: /home/maycon/repositorios/tac-unb/aula-2/ws/install/ign_ros2_control/share/ign_ros2_control/environment/library_path.sh
[12.180s] -- Installing: /home/maycon/repositorios/tac-unb/aula-2/ws/install/ign_ros2_control/share/ign_ros2_control/environment/library_path.dsv
[12.180s] -- Installing: /home/maycon/repositorios/tac-unb/aula-2/ws/install/ign_ros2_control/lib/libign_ros2_control-system.so
[12.183s] -- Set runtime path of "/home/maycon/repositorios/tac-unb/aula-2/ws/install/ign_ros2_control/lib/libign_ros2_control-system.so" to ""
[12.183s] -- Installing: /home/maycon/repositorios/tac-unb/aula-2/ws/install/ign_ros2_control/share/ign_ros2_control/ign_hardware_plugins.xml
[12.183s] -- Installing: /home/maycon/repositorios/tac-unb/aula-2/ws/install/ign_ros2_control/share/ament_index/resource_index/package_run_dependencies/ign_ros2_control
[12.184s] -- Installing: /home/maycon/repositorios/tac-unb/aula-2/ws/install/ign_ros2_control/share/ament_index/resource_index/parent_prefix_path/ign_ros2_control
[12.184s] -- Installing: /home/maycon/repositorios/tac-unb/aula-2/ws/install/ign_ros2_control/share/ign_ros2_control/environment/ament_prefix_path.sh
[12.184s] -- Installing: /home/maycon/repositorios/tac-unb/aula-2/ws/install/ign_ros2_control/share/ign_ros2_control/environment/ament_prefix_path.dsv
[12.184s] -- Installing: /home/maycon/repositorios/tac-unb/aula-2/ws/install/ign_ros2_control/share/ign_ros2_control/environment/path.sh
[12.184s] -- Installing: /home/maycon/repositorios/tac-unb/aula-2/ws/install/ign_ros2_control/share/ign_ros2_control/environment/path.dsv
[12.184s] -- Installing: /home/maycon/repositorios/tac-unb/aula-2/ws/install/ign_ros2_control/share/ign_ros2_control/local_setup.bash
[12.184s] -- Installing: /home/maycon/repositorios/tac-unb/aula-2/ws/install/ign_ros2_control/share/ign_ros2_control/local_setup.sh
[12.184s] -- Installing: /home/maycon/repositorios/tac-unb/aula-2/ws/install/ign_ros2_control/share/ign_ros2_control/local_setup.zsh
[12.184s] -- Installing: /home/maycon/repositorios/tac-unb/aula-2/ws/install/ign_ros2_control/share/ign_ros2_control/local_setup.dsv
[12.184s] -- Installing: /home/maycon/repositorios/tac-unb/aula-2/ws/install/ign_ros2_control/share/ign_ros2_control/package.dsv
[12.184s] -- Installing: /home/maycon/repositorios/tac-unb/aula-2/ws/install/ign_ros2_control/share/ament_index/resource_index/packages/ign_ros2_control
[12.184s] -- Installing: /home/maycon/repositorios/tac-unb/aula-2/ws/install/ign_ros2_control/share/ament_index/resource_index/ign_ros2_control__pluginlib__plugin/ign_ros2_control
[12.185s] -- Installing: /home/maycon/repositorios/tac-unb/aula-2/ws/install/ign_ros2_control/share/ign_ros2_control/cmake/ament_cmake_export_include_directories-extras.cmake
[12.185s] -- Installing: /home/maycon/repositorios/tac-unb/aula-2/ws/install/ign_ros2_control/share/ign_ros2_control/cmake/ament_cmake_export_libraries-extras.cmake
[12.185s] -- Installing: /home/maycon/repositorios/tac-unb/aula-2/ws/install/ign_ros2_control/share/ign_ros2_control/cmake/ign_ros2_controlConfig.cmake
[12.185s] -- Installing: /home/maycon/repositorios/tac-unb/aula-2/ws/install/ign_ros2_control/share/ign_ros2_control/cmake/ign_ros2_controlConfig-version.cmake
[12.185s] -- Installing: /home/maycon/repositorios/tac-unb/aula-2/ws/install/ign_ros2_control/share/ign_ros2_control/package.xml
[12.187s] Invoked command in '/home/maycon/repositorios/tac-unb/aula-2/ws/build/ign_ros2_control' returned '0': CMAKE_PREFIX_PATH=/opt/ros/humble:/home/maycon/repositorios/tac-unb/aula-2/ws/install/my_package /usr/bin/cmake --install /home/maycon/repositorios/tac-unb/aula-2/ws/build/ign_ros2_control
