[0.896s] Invoking command in '/home/maycon/repositorios/tac-unb/aula-3/workspace/src/square_package': PYTHONPATH=/home/maycon/repositorios/tac-unb/aula-3/workspace/build/square_package/prefix_override:/home/maycon/repositorios/tac-unb/aula-3/workspace/install/square_package/lib/python3.10/site-packages:${PYTHONPATH} /usr/bin/python3 -W ignore:setup.py install is deprecated setup.py egg_info --egg-base ../../build/square_package build --build-base /home/maycon/repositorios/tac-unb/aula-3/workspace/build/square_package/build install --record /home/maycon/repositorios/tac-unb/aula-3/workspace/build/square_package/install.log --single-version-externally-managed install_data
[1.061s] running egg_info
[1.062s] writing ../../build/square_package/square_package.egg-info/PKG-INFO
[1.062s] writing dependency_links to ../../build/square_package/square_package.egg-info/dependency_links.txt
[1.062s] writing entry points to ../../build/square_package/square_package.egg-info/entry_points.txt
[1.063s] writing requirements to ../../build/square_package/square_package.egg-info/requires.txt
[1.063s] writing top-level names to ../../build/square_package/square_package.egg-info/top_level.txt
[1.064s] reading manifest file '../../build/square_package/square_package.egg-info/SOURCES.txt'
[1.065s] writing manifest file '../../build/square_package/square_package.egg-info/SOURCES.txt'
[1.065s] running build
[1.065s] running build_py
[1.065s] copying square_package/square.py -> /home/maycon/repositorios/tac-unb/aula-3/workspace/build/square_package/build/lib/square_package
[1.066s] running install
[1.066s] running install_lib
[1.067s] copying /home/maycon/repositorios/tac-unb/aula-3/workspace/build/square_package/build/lib/square_package/square.py -> /home/maycon/repositorios/tac-unb/aula-3/workspace/install/square_package/lib/python3.10/site-packages/square_package
[1.067s] byte-compiling /home/maycon/repositorios/tac-unb/aula-3/workspace/install/square_package/lib/python3.10/site-packages/square_package/square.py to square.cpython-310.pyc
[1.068s] running install_data
[1.068s] running install_egg_info
[1.069s] removing '/home/maycon/repositorios/tac-unb/aula-3/workspace/install/square_package/lib/python3.10/site-packages/square_package-0.0.0-py3.10.egg-info' (and everything under it)
[1.069s] Copying ../../build/square_package/square_package.egg-info to /home/maycon/repositorios/tac-unb/aula-3/workspace/install/square_package/lib/python3.10/site-packages/square_package-0.0.0-py3.10.egg-info
[1.070s] running install_scripts
[1.086s] Installing square script to /home/maycon/repositorios/tac-unb/aula-3/workspace/install/square_package/lib/square_package
[1.086s] writing list of installed files to '/home/maycon/repositorios/tac-unb/aula-3/workspace/build/square_package/install.log'
[1.122s] Invoked command in '/home/maycon/repositorios/tac-unb/aula-3/workspace/src/square_package' returned '0': PYTHONPATH=/home/maycon/repositorios/tac-unb/aula-3/workspace/build/square_package/prefix_override:/home/maycon/repositorios/tac-unb/aula-3/workspace/install/square_package/lib/python3.10/site-packages:${PYTHONPATH} /usr/bin/python3 -W ignore:setup.py install is deprecated setup.py egg_info --egg-base ../../build/square_package build --build-base /home/maycon/repositorios/tac-unb/aula-3/workspace/build/square_package/build install --record /home/maycon/repositorios/tac-unb/aula-3/workspace/build/square_package/install.log --single-version-externally-managed install_data
