[0.012s] Invoking command in '/home/maycon/repositorios/tac-unb/aula-2/ws/build/gz_ros2_control': CMAKE_PREFIX_PATH=${CMAKE_PREFIX_PATH}:/home/maycon/repositorios/tac-unb/aula-2/ws/install/my_package:/opt/ros/humble /usr/bin/cmake /home/maycon/repositorios/tac-unb/aula-2/ws/src/gz_ros2_control/gz_ros2_control -DCMAKE_INSTALL_PREFIX=/home/maycon/repositorios/tac-unb/aula-2/ws/install/gz_ros2_control
[0.025s] -- Found ament_cmake: 1.3.8 (/opt/ros/humble/share/ament_cmake/cmake)
[0.135s] -- Found Python3: /usr/bin/python3 (found version "3.10.12") found components: Interpreter 
[0.210s] -- Found ament_index_cpp: 1.4.0 (/opt/ros/humble/share/ament_index_cpp/cmake)
[0.213s] -- Found controller_manager: 2.40.0 (/opt/ros/humble/share/controller_manager/cmake)
[0.260s] -- Found rosidl_generator_c: 3.1.5 (/opt/ros/humble/share/rosidl_generator_c/cmake)
[0.265s] -- Found rosidl_adapter: 3.1.5 (/opt/ros/humble/share/rosidl_adapter/cmake)
[0.274s] -- Found rosidl_generator_cpp: 3.1.5 (/opt/ros/humble/share/rosidl_generator_cpp/cmake)
[0.287s] -- Using all available rosidl_typesupport_c: rosidl_typesupport_fastrtps_c;rosidl_typesupport_introspection_c
[0.305s] -- Using all available rosidl_typesupport_cpp: rosidl_typesupport_fastrtps_cpp;rosidl_typesupport_introspection_cpp
[0.878s] -- Found rmw_implementation_cmake: 6.1.1 (/opt/ros/humble/share/rmw_implementation_cmake/cmake)
[0.881s] -- Found rmw_fastrtps_cpp: 6.2.6 (/opt/ros/humble/share/rmw_fastrtps_cpp/cmake)
[0.918s] -- Found TinyXML2 via Config file: TinyXML2_DIR-NOTFOUND
[0.980s] -- Found OpenSSL: /usr/lib/x86_64-linux-gnu/libcrypto.so (found version "3.0.2")  
[0.985s] -- Found TinyXML2 via Config file: TinyXML2_DIR-NOTFOUND
[1.008s] -- Found FastRTPS: /opt/ros/humble/include  
[1.022s] -- Found TinyXML2 via Config file: TinyXML2_DIR-NOTFOUND
[1.032s] -- Found TinyXML2 via Config file: TinyXML2_DIR-NOTFOUND
[1.047s] -- Using RMW implementation 'rmw_fastrtps_cpp' as default
[1.062s] -- Looking for pthread.h
[1.146s] -- Looking for pthread.h - found
[1.146s] -- Performing Test CMAKE_HAVE_LIBC_PTHREAD
[1.208s] -- Performing Test CMAKE_HAVE_LIBC_PTHREAD - Success
[1.209s] -- Found Threads: TRUE  
[1.699s] -- Found yaml_cpp_vendor: 8.0.2 (/opt/ros/humble/share/yaml_cpp_vendor/cmake)
[1.706s] -- Looking for ignition-gazebo6 -- found version 6.16.0
[1.712s] -- Searching for dependencies of ignition-gazebo6
[1.714s] -- Looking for sdformat12 -- found version 12.7.2
[1.715s] -- Searching for dependencies of sdformat12
[1.719s] -- Checking for module 'tinyxml2'
[1.728s] --   Found tinyxml2, version 9.0.0
[1.755s] -- Looking for ignition-math6 -- found version 6.15.1
[1.755s] -- Searching for dependencies of ignition-math6
[1.758s] -- Looking for ignition-utils1 -- found version 1.5.1
[1.758s] -- Searching for dependencies of ignition-utils1
[1.761s] -- Looking for ignition-plugin1 -- found version 1.4.0
[1.761s] -- Searching for dependencies of ignition-plugin1
[1.762s] -- Searching for <ignition-plugin1> component [loader]
[1.764s] -- Looking for ignition-plugin1-loader -- found version 1.4.0
[1.764s] -- Searching for dependencies of ignition-plugin1-loader
[1.764s] -- Searching for <ignition-plugin1> component [register]
[1.766s] -- Looking for ignition-plugin1-register -- found version 1.4.0
[1.767s] -- Searching for dependencies of ignition-plugin1-register
[1.769s] -- Looking for ignition-transport11 -- found version 11.4.1
[1.769s] -- Searching for dependencies of ignition-transport11
[1.788s] -- Found Protobuf: /usr/lib/x86_64-linux-gnu/libprotobuf.so (found version "3.12.4") 
[1.796s] -- Config-file not installed for ZeroMQ -- checking for pkg-config
[1.799s] -- Checking for module 'libzmq >= 4'
[1.810s] --   Found libzmq , version 4.3.4
[1.839s] -- Found ZeroMQ: TRUE (Required is at least version "4") 
[1.844s] -- Checking for module 'uuid'
[1.855s] --   Found uuid, version 2.37.2
[1.894s] -- Found UUID: TRUE  
[1.894s] -- Looking for ignition-utils1 -- found version 1.5.1
[1.895s] -- Searching for dependencies of ignition-utils1
[1.895s] -- Searching for <ignition-utils1> component [cli]
[1.898s] -- Looking for ignition-utils1-cli -- found version 1.5.1
[1.899s] -- Searching for dependencies of ignition-utils1-cli
[1.902s] -- Looking for ignition-msgs8 -- found version 8.7.0
[1.902s] -- Searching for dependencies of ignition-msgs8
[1.914s] -- Found Protobuf: /usr/lib/x86_64-linux-gnu/libprotobuf.so (found suitable version "3.12.4", minimum required is "3") 
[1.915s] -- Looking for ignition-math6 -- found version 6.15.1
[1.921s] -- Searching for <ignition-transport11> component [log]
[1.923s] -- Looking for ignition-transport11-log -- found version 11.4.1
[1.923s] -- Searching for dependencies of ignition-transport11-log
[1.923s] -- Searching for <ignition-transport11> component [parameters]
[1.925s] -- Looking for ignition-transport11-parameters -- found version 11.4.1
[1.925s] -- Searching for dependencies of ignition-transport11-parameters
[1.926s] -- Looking for ignition-msgs8 -- found version 8.7.0
[1.928s] -- Looking for ignition-common4 -- found version 4.7.0
[1.929s] -- Searching for dependencies of ignition-common4
[1.929s] -- Looking for dlfcn.h - found
[1.929s] -- Looking for libdl - found
[1.930s] -- Found DL: TRUE  
[1.937s] -- Searching for <ignition-common4> component [profiler]
[1.938s] -- Looking for ignition-common4-profiler -- found version 4.7.0
[1.939s] -- Searching for dependencies of ignition-common4-profiler
[1.939s] -- Searching for <ignition-common4> component [events]
[1.941s] -- Looking for ignition-common4-events -- found version 4.7.0
[1.941s] -- Searching for dependencies of ignition-common4-events
[1.942s] -- Looking for ignition-math6 -- found version 6.15.1
[1.942s] -- Searching for <ignition-common4> component [av]
[1.944s] -- Looking for ignition-common4-av -- found version 4.7.0
[1.945s] -- Searching for dependencies of ignition-common4-av
[1.949s] -- Checking for module 'libswscale'
[1.959s] --   Found libswscale, version 5.9.100
[1.985s] -- Found SWSCALE: TRUE  
[1.990s] -- Checking for module 'libavdevice >= 56.4.100'
[2.000s] --   Found libavdevice , version 58.13.100
[2.045s] -- Found AVDEVICE: TRUE (Required is at least version "56.4.100") 
[2.052s] -- Checking for module 'libavformat'
[2.067s] --   Found libavformat, version 58.76.100
[2.125s] -- Found AVFORMAT: TRUE  
[2.133s] -- Checking for module 'libavcodec'
[2.149s] --   Found libavcodec, version 58.134.100
[2.202s] -- Found AVCODEC: TRUE  
[2.211s] -- Checking for module 'libavutil'
[2.227s] --   Found libavutil, version 56.70.100
[2.280s] -- Found AVUTIL: TRUE  
[2.286s] -- Looking for ignition-fuel_tools7 -- found version 7.3.0
[2.286s] -- Searching for dependencies of ignition-fuel_tools7
[2.349s] -- Found CURL: /usr/lib/x86_64-linux-gnu/libcurl.so (found version "7.81.0")  
[2.357s] -- Checking for module 'jsoncpp'
[2.367s] --   Found jsoncpp, version 1.9.5
[2.400s] -- Found JSONCPP: TRUE  
[2.406s] -- Checking for module 'libzip'
[2.418s] --   Found libzip, version 1.7.3
[2.463s] -- Found ZIP: TRUE  
[2.464s] -- Looking for ignition-common4 -- found version 4.7.0
[2.465s] -- Looking for ignition-math6 -- found version 6.15.1
[2.465s] -- Looking for ignition-msgs8 -- found version 8.7.0
[2.470s] -- Looking for ignition-gui6 -- found version 6.8.0
[2.470s] -- Searching for dependencies of ignition-gui6
[2.489s] -- Looking for ignition-math6 -- found version 6.15.1
[2.489s] -- Looking for ignition-common4 -- found version 4.7.0
[2.489s] -- Looking for ignition-plugin1 -- found version 1.4.0
[2.490s] -- Looking for ignition-transport11 -- found version 11.4.1
[2.492s] -- Looking for ignition-rendering6 -- found version 6.6.3
[2.492s] -- Searching for dependencies of ignition-rendering6
[2.492s] -- Looking for ignition-math6 -- found version 6.15.1
[2.493s] -- Searching for dependencies of ignition-math6
[2.493s] -- Searching for <ignition-math6> component [eigen3]
[2.495s] -- Looking for ignition-math6-eigen3 -- found version 6.15.1
[2.495s] -- Searching for dependencies of ignition-math6-eigen3
[2.501s] -- Looking for ignition-common4 -- found version 4.7.0
[2.501s] -- Searching for dependencies of ignition-common4
[2.501s] -- Looking for dlfcn.h - found
[2.501s] -- Looking for libdl - found
[2.508s] -- Searching for <ignition-common4> component [graphics]
[2.510s] -- Looking for ignition-common4-graphics -- found version 4.7.0
[2.510s] -- Searching for dependencies of ignition-common4-graphics
[2.510s] -- Looking for ignition-math6 -- found version 6.15.1
[2.510s] -- Looking for ignition-utils1 -- found version 1.5.1
[2.511s] -- Searching for <ignition-common4> component [events]
[2.512s] -- Looking for ignition-plugin1 -- found version 1.4.0
[2.512s] -- Searching for dependencies of ignition-plugin1
[2.512s] -- Searching for <ignition-plugin1> component [all]
[2.514s] -- Looking for all libraries of ignition-plugin1 -- found version 1.4.0
[2.515s] -- Looking for ignition-plugin1 -- found version 1.4.0
[2.517s] -- Looking for ignition-msgs8 -- found version 8.7.0
[2.539s] -- Looking for ignition-physics5 -- found version 5.3.2
[2.539s] -- Searching for dependencies of ignition-physics5
[2.539s] -- Looking for ignition-math6 -- found version 6.15.1
[2.539s] -- Looking for ignition-plugin1 -- found version 1.4.0
[2.539s] -- Looking for ignition-utils1 -- found version 1.5.1
[2.540s] -- Searching for <ignition-physics5> component [heightmap]
[2.542s] -- Looking for ignition-physics5-heightmap -- found version 5.3.2
[2.543s] -- Searching for dependencies of ignition-physics5-heightmap
[2.543s] -- Looking for ignition-common4 -- found version 4.7.0
[2.543s] -- Searching for <ignition-physics5> component [mesh]
[2.545s] -- Looking for ignition-physics5-mesh -- found version 5.3.2
[2.546s] -- Searching for dependencies of ignition-physics5-mesh
[2.546s] -- Looking for ignition-common4 -- found version 4.7.0
[2.546s] -- Searching for <ignition-physics5> component [sdf]
[2.548s] -- Looking for ignition-physics5-sdf -- found version 5.3.2
[2.548s] -- Searching for dependencies of ignition-physics5-sdf
[2.549s] -- Looking for sdformat12 -- found version 12.7.2
[2.551s] -- Looking for ignition-sensors6 -- found version 6.8.0
[2.552s] -- Searching for dependencies of ignition-sensors6
[2.564s] -- Found Protobuf: /usr/lib/x86_64-linux-gnu/libprotobuf.so (found version "3.12.4") 
[2.565s] -- Looking for ignition-math6 -- found version 6.15.1
[2.565s] -- Looking for ignition-common4 -- found version 4.7.0
[2.565s] -- Looking for ignition-transport11 -- found version 11.4.1
[2.566s] -- Looking for ignition-rendering6 -- found version 6.6.3
[2.566s] -- Looking for ignition-msgs8 -- found version 8.7.0
[2.566s] -- Looking for sdformat12 -- found version 12.7.2
[2.567s] -- Searching for <ignition-sensors6> component [air_pressure]
[2.569s] -- Looking for ignition-sensors6-air_pressure -- found version 6.8.0
[2.569s] -- Searching for dependencies of ignition-sensors6-air_pressure
[2.570s] -- Searching for <ignition-sensors6> component [altimeter]
[2.572s] -- Looking for ignition-sensors6-altimeter -- found version 6.8.0
[2.572s] -- Searching for dependencies of ignition-sensors6-altimeter
[2.572s] -- Searching for <ignition-sensors6> component [imu]
[2.574s] -- Looking for ignition-sensors6-imu -- found version 6.8.0
[2.575s] -- Searching for dependencies of ignition-sensors6-imu
[2.575s] -- Searching for <ignition-sensors6> component [force_torque]
[2.577s] -- Looking for ignition-sensors6-force_torque -- found version 6.8.0
[2.577s] -- Searching for dependencies of ignition-sensors6-force_torque
[2.578s] -- Searching for <ignition-sensors6> component [logical_camera]
[2.580s] -- Looking for ignition-sensors6-logical_camera -- found version 6.8.0
[2.580s] -- Searching for dependencies of ignition-sensors6-logical_camera
[2.580s] -- Searching for <ignition-sensors6> component [magnetometer]
[2.582s] -- Looking for ignition-sensors6-magnetometer -- found version 6.8.0
[2.582s] -- Searching for dependencies of ignition-sensors6-magnetometer
[2.583s] -- Searching for <ignition-sensors6> component [navsat]
[2.585s] -- Looking for ignition-sensors6-navsat -- found version 6.8.0
[2.585s] -- Searching for dependencies of ignition-sensors6-navsat
[2.586s] -- Searching for <ignition-sensors6> component [rendering]
[2.588s] -- Looking for ignition-sensors6-rendering -- found version 6.8.0
[2.588s] -- Searching for dependencies of ignition-sensors6-rendering
[2.588s] -- Searching for <ignition-sensors6> component [lidar]
[2.590s] -- Looking for ignition-sensors6-lidar -- found version 6.8.0
[2.590s] -- Searching for dependencies of ignition-sensors6-lidar
[2.591s] -- Looking for ignition-sensors6 -- found version 6.8.0
[2.591s] -- Searching for <ignition-sensors6> component [gpu_lidar]
[2.593s] -- Looking for ignition-sensors6-gpu_lidar -- found version 6.8.0
[2.593s] -- Searching for dependencies of ignition-sensors6-gpu_lidar
[2.594s] -- Looking for ignition-sensors6 -- found version 6.8.0
[2.594s] -- Searching for <ignition-sensors6> component [camera]
[2.596s] -- Looking for ignition-sensors6-camera -- found version 6.8.0
[2.596s] -- Searching for dependencies of ignition-sensors6-camera
[2.596s] -- Looking for ignition-sensors6 -- found version 6.8.0
[2.597s] -- Searching for <ignition-sensors6> component [boundingbox_camera]
[2.599s] -- Looking for ignition-sensors6-boundingbox_camera -- found version 6.8.0
[2.599s] -- Searching for dependencies of ignition-sensors6-boundingbox_camera
[2.600s] -- Searching for <ignition-sensors6> component [segmentation_camera]
[2.602s] -- Looking for ignition-sensors6-segmentation_camera -- found version 6.8.0
[2.602s] -- Searching for dependencies of ignition-sensors6-segmentation_camera
[2.602s] -- Searching for <ignition-sensors6> component [depth_camera]
[2.604s] -- Looking for ignition-sensors6-depth_camera -- found version 6.8.0
[2.605s] -- Searching for dependencies of ignition-sensors6-depth_camera
[2.605s] -- Looking for ignition-sensors6 -- found version 6.8.0
[2.605s] -- Searching for <ignition-sensors6> component [rgbd_camera]
[2.607s] -- Looking for ignition-sensors6-rgbd_camera -- found version 6.8.0
[2.608s] -- Searching for dependencies of ignition-sensors6-rgbd_camera
[2.608s] -- Looking for ignition-sensors6 -- found version 6.8.0
[2.608s] -- Searching for <ignition-sensors6> component [thermal_camera]
[2.610s] -- Looking for ignition-sensors6-thermal_camera -- found version 6.8.0
[2.611s] -- Searching for dependencies of ignition-sensors6-thermal_camera
[2.611s] -- Looking for ignition-sensors6 -- found version 6.8.0
[2.612s] -- Looking for ignition-rendering6 -- found version 6.6.3
[2.612s] -- Looking for ignition-math6 -- found version 6.15.1
[2.614s] -- Looking for ignition-utils1 -- found version 1.5.1
[2.628s] -- Compiling against Gazebo Fortress
[2.628s] -- Looking for ignition-plugin1 -- found version 1.4.0
[2.967s] -- Found ament_lint_auto: 0.12.10 (/opt/ros/humble/share/ament_lint_auto/cmake)
[3.034s] -- Added test 'copyright' to check source files copyright and LICENSE
[3.035s] -- Added test 'cppcheck' to perform static code analysis on C / C++ code
[3.035s] -- Configured cppcheck include dirs: /home/maycon/repositorios/tac-unb/aula-2/ws/src/gz_ros2_control/gz_ros2_control/include
[3.036s] -- Configured cppcheck exclude dirs and/or files: 
[3.037s] -- Added test 'cpplint' to check C / C++ code against the Google style
[3.037s] -- Configured cpplint exclude dirs and/or files: 
[3.038s] -- Added test 'lint_cmake' to check CMake code style
[3.038s] -- Added test 'uncrustify' to check C / C++ code style
[3.039s] -- Configured uncrustify additional arguments: 
[3.039s] -- Added test 'xmllint' to check XML markup files
[3.042s] -- Configuring done
[3.100s] -- Generating done
[3.102s] -- Build files have been written to: /home/maycon/repositorios/tac-unb/aula-2/ws/build/gz_ros2_control
[3.113s] Invoked command in '/home/maycon/repositorios/tac-unb/aula-2/ws/build/gz_ros2_control' returned '0': CMAKE_PREFIX_PATH=${CMAKE_PREFIX_PATH}:/home/maycon/repositorios/tac-unb/aula-2/ws/install/my_package:/opt/ros/humble /usr/bin/cmake /home/maycon/repositorios/tac-unb/aula-2/ws/src/gz_ros2_control/gz_ros2_control -DCMAKE_INSTALL_PREFIX=/home/maycon/repositorios/tac-unb/aula-2/ws/install/gz_ros2_control
[3.114s] Invoking command in '/home/maycon/repositorios/tac-unb/aula-2/ws/build/gz_ros2_control': CMAKE_PREFIX_PATH=${CMAKE_PREFIX_PATH}:/home/maycon/repositorios/tac-unb/aula-2/ws/install/my_package:/opt/ros/humble /usr/bin/cmake --build /home/maycon/repositorios/tac-unb/aula-2/ws/build/gz_ros2_control -- -j8 -l8
[3.155s] [ 25%] [32mBuilding CXX object CMakeFiles/gz_hardware_plugins.dir/src/gz_system.cpp.o[0m
[3.156s] [ 50%] [32mBuilding CXX object CMakeFiles/gz_ros2_control-system.dir/src/gz_ros2_control_plugin.cpp.o[0m
[7.437s] [01m[K/home/maycon/repositorios/tac-unb/aula-2/ws/src/gz_ros2_control/gz_ros2_control/src/gz_system.cpp:[m[K In member function ‘[01m[Kvirtual bool gz_ros2_control::GazeboSimSystem::initSim(rclcpp::Node::SharedPtr&, std::map<std::__cxx11::basic_string<char>, long unsigned int>&, const hardware_interface::HardwareInfo&, ignition::gazebo::v6::EntityComponentManager&, int&)[m[K’:
[7.437s] [01m[K/home/maycon/repositorios/tac-unb/aula-2/ws/src/gz_ros2_control/gz_ros2_control/src/gz_system.cpp:281:21:[m[K [01;31m[Kerror: [m[K‘[01m[Kconst struct hardware_interface::HardwareInfo[m[K’ has no member named ‘[01m[Kmimic_joints[m[K’
[7.437s]   281 |       hardware_info.[01;31m[Kmimic_joints[m[K.begin(),
[7.437s]       |                     [01;31m[K^~~~~~~~~~~~[m[K
[7.437s] [01m[K/home/maycon/repositorios/tac-unb/aula-2/ws/src/gz_ros2_control/gz_ros2_control/src/gz_system.cpp:282:21:[m[K [01;31m[Kerror: [m[K‘[01m[Kconst struct hardware_interface::HardwareInfo[m[K’ has no member named ‘[01m[Kmimic_joints[m[K’
[7.437s]   282 |       hardware_info.[01;31m[Kmimic_joints[m[K.end(),
[7.437s]       |                     [01;31m[K^~~~~~~~~~~~[m[K
[7.437s] [01m[K/home/maycon/repositorios/tac-unb/aula-2/ws/src/gz_ros2_control/gz_ros2_control/src/gz_system.cpp:283:37:[m[K [01;31m[Kerror: [m[K‘[01m[KMimicJoint[m[K’ in namespace ‘[01m[Khardware_interface[m[K’ does not name a type
[7.437s]   283 |       [j](const hardware_interface::[01;31m[KMimicJoint[m[K & mj) {
[7.437s]       |                                     [01;31m[K^~~~~~~~~~[m[K
[7.438s] [01m[K/home/maycon/repositorios/tac-unb/aula-2/ws/src/gz_ros2_control/gz_ros2_control/src/gz_system.cpp:[m[K In lambda function:
[7.438s] [01m[K/home/maycon/repositorios/tac-unb/aula-2/ws/src/gz_ros2_control/gz_ros2_control/src/gz_system.cpp:285:9:[m[K [01;31m[Kerror: [m[Kexpected ‘[01m[K{[m[K’ before ‘[01m[K;[m[K’ token
[7.438s]   285 |       })[01;31m[K;[m[K
[7.438s]       |         [01;31m[K^[m[K
[7.438s] [01m[K/home/maycon/repositorios/tac-unb/aula-2/ws/src/gz_ros2_control/gz_ros2_control/src/gz_system.cpp:[m[K In member function ‘[01m[Kvirtual bool gz_ros2_control::GazeboSimSystem::initSim(rclcpp::Node::SharedPtr&, std::map<std::__cxx11::basic_string<char>, long unsigned int>&, const hardware_interface::HardwareInfo&, ignition::gazebo::v6::EntityComponentManager&, int&)[m[K’:
[7.438s] [01m[K/home/maycon/repositorios/tac-unb/aula-2/ws/src/gz_ros2_control/gz_ros2_control/src/gz_system.cpp:285:9:[m[K [01;31m[Kerror: [m[Kexpected ‘[01m[K)[m[K’ before ‘[01m[K;[m[K’ token
[7.438s]   285 |       })[01;31m[K;[m[K
[7.438s]       |         [01;31m[K^[m[K
[7.438s]       |         [32m[K)[m[K
[7.438s] [01m[K/home/maycon/repositorios/tac-unb/aula-2/ws/src/gz_ros2_control/gz_ros2_control/src/gz_system.cpp:280:27:[m[K [01;36m[Knote: [m[Kto match this ‘[01m[K([m[K’
[7.438s]   280 |     auto it = std::find_if[01;36m[K([m[K
[7.438s]       |                           [01;36m[K^[m[K
[7.438s] [01m[K/home/maycon/repositorios/tac-unb/aula-2/ws/src/gz_ros2_control/gz_ros2_control/src/gz_system.cpp:287:29:[m[K [01;31m[Kerror: [m[K‘[01m[Kconst struct hardware_interface::HardwareInfo[m[K’ has no member named ‘[01m[Kmimic_joints[m[K’
[7.438s]   287 |     if (it != hardware_info.[01;31m[Kmimic_joints[m[K.end()) {
[7.438s]       |                             [01;31m[K^~~~~~~~~~~~[m[K
[7.469s] [01m[K/home/maycon/repositorios/tac-unb/aula-2/ws/src/gz_ros2_control/gz_ros2_control/src/gz_system.cpp:[m[K In member function ‘[01m[Kvirtual hardware_interface::return_type gz_ros2_control::GazeboSimSystem::write(const rclcpp::Time&, const rclcpp::Duration&)[m[K’:
[7.469s] [01m[K/home/maycon/repositorios/tac-unb/aula-2/ws/src/gz_ros2_control/gz_ros2_control/src/gz_system.cpp:686:47:[m[K [01;31m[Kerror: [m[K‘[01m[Kstruct hardware_interface::HardwareInfo[m[K’ has no member named ‘[01m[Kmimic_joints[m[K’
[7.469s]   686 |   for (const auto & mimic_joint : this->info_.[01;31m[Kmimic_joints[m[K) {
[7.469s]       |                                               [01;31m[K^~~~~~~~~~~~[m[K
[8.017s] [01m[K/home/maycon/repositorios/tac-unb/aula-2/ws/src/gz_ros2_control/gz_ros2_control/src/gz_ros2_control_plugin.cpp:[m[K In member function ‘[01m[Kvirtual void gz_ros2_control::GazeboSimROS2ControlPlugin::Configure(const Entity&, const std::shared_ptr<const sdf::v12::Element>&, ignition::gazebo::v6::EntityComponentManager&, ignition::gazebo::v6::EventManager&)[m[K’:
[8.017s] [01m[K/home/maycon/repositorios/tac-unb/aula-2/ws/src/gz_ros2_control/gz_ros2_control/src/gz_ros2_control_plugin.cpp:439:67:[m[K [01;31m[Kerror: [m[K‘[01m[K__gnu_cxx::__alloc_traits<std::allocator<hardware_interface::HardwareInfo>, hardware_interface::HardwareInfo>::value_type[m[K’ {aka ‘[01m[Kstruct hardware_interface::HardwareInfo[m[K’} has no member named ‘[01m[Khardware_plugin_name[m[K’
[8.017s]   439 | d::string robot_hw_sim_type_str_ = control_hardware_info[i].[01;31m[Khardware_plugin_name[m[K;
[8.018s]       |                                                             [01;31m[K^~~~~~~~~~~~~~~~~~~~[m[K
[8.018s] 
[9.383s] gmake[2]: *** [CMakeFiles/gz_hardware_plugins.dir/build.make:76: CMakeFiles/gz_hardware_plugins.dir/src/gz_system.cpp.o] Error 1
[9.384s] gmake[1]: *** [CMakeFiles/Makefile2:165: CMakeFiles/gz_hardware_plugins.dir/all] Error 2
[9.384s] gmake[1]: *** Waiting for unfinished jobs....
[9.520s] gmake[2]: *** [CMakeFiles/gz_ros2_control-system.dir/build.make:76: CMakeFiles/gz_ros2_control-system.dir/src/gz_ros2_control_plugin.cpp.o] Error 1
[9.520s] gmake[1]: *** [CMakeFiles/Makefile2:139: CMakeFiles/gz_ros2_control-system.dir/all] Error 2
[9.520s] gmake: *** [Makefile:146: all] Error 2
[9.524s] Invoked command in '/home/maycon/repositorios/tac-unb/aula-2/ws/build/gz_ros2_control' returned '2': CMAKE_PREFIX_PATH=${CMAKE_PREFIX_PATH}:/home/maycon/repositorios/tac-unb/aula-2/ws/install/my_package:/opt/ros/humble /usr/bin/cmake --build /home/maycon/repositorios/tac-unb/aula-2/ws/build/gz_ros2_control -- -j8 -l8
